2014-10-14 01:36:11,122 [ClientSpawn.java:main:48] - ClientSpawnClient initiation for bank: citi
2014-10-14 01:36:11,131 [Client.java:main:59] - citi::client1:: Client Initiated with clientIp: 127.0.0.1 clientPort: 9999 headServerIp: 127.0.0.1 headPort: 9876 tailServerIp: 127.0.0.1 tailPort: 9878
2014-10-14 01:36:11,143 [Client.java:main:149] - citi::client1:: UDP server socket for receiving update reply opened successfully...
2014-10-14 01:36:11,148 [Client.java:main:207] - citi::client1:: UDP client socket for tail opened successfully...
2014-10-14 01:36:11,370 [Client.java:main:220] - citi::client1:: Queried the bank {"operationType":"QUERY","reqID":"citi.client1.0","accountNum":29627,"amount":0.0}
2014-10-14 01:36:11,371 [Client.java:main:207] - citi::client1:: UDP client socket for tail opened successfully...
2014-10-14 01:36:11,379 [Client.java:main:220] - citi::client1:: Queried the bank {"operationType":"QUERY","reqID":"citi.client1.1","accountNum":32778,"amount":0.0}
2014-10-14 01:36:11,384 [Client.java:main:207] - citi::client1:: UDP client socket for tail opened successfully...
2014-10-14 01:36:11,385 [Client.java:main:220] - citi::client1:: Queried the bank {"operationType":"QUERY","reqID":"citi.client1.2","accountNum":28926,"amount":0.0}
2014-10-14 01:36:11,386 [Client.java:main:166] - citi::client1:: UDP client socket for head opened successfully...
2014-10-14 01:36:11,389 [Client.java:main:183] - citi::client1::  sending update request : {"operationType":"DEPOSIT","reqID":"citi.client1.3","accountNum":86544,"amount":35.0}
2014-10-14 01:36:11,390 [Client.java:main:166] - citi::client1:: UDP client socket for head opened successfully...
2014-10-14 01:36:11,396 [Client.java:main:183] - citi::client1::  sending update request : {"operationType":"WITHDRAW","reqID":"citi.client1.4","accountNum":79906,"amount":555.0}
2014-10-14 01:36:11,396 [Client.java:main:166] - citi::client1:: UDP client socket for head opened successfully...
2014-10-14 01:36:11,398 [Client.java:main:183] - citi::client1::  sending update request : {"operationType":"WITHDRAW","reqID":"citi.client1.5","accountNum":68387,"amount":653.0}
2014-10-14 01:36:11,399 [Client.java:main:166] - citi::client1:: UDP client socket for head opened successfully...
2014-10-14 01:36:11,407 [Client.java:main:183] - citi::client1::  sending update request : {"operationType":"DEPOSIT","reqID":"citi.client1.6","accountNum":63751,"amount":225.0}
2014-10-14 01:36:11,407 [Client.java:main:166] - citi::client1:: UDP client socket for head opened successfully...
2014-10-14 01:36:11,409 [Client.java:main:183] - citi::client1::  sending update request : {"operationType":"DEPOSIT","reqID":"citi.client1.7","accountNum":82392,"amount":935.0}
2014-10-14 01:36:11,409 [Client.java:main:166] - citi::client1:: UDP client socket for head opened successfully...
2014-10-14 01:36:11,434 [Client.java:main:183] - citi::client1::  sending update request : {"operationType":"DEPOSIT","reqID":"citi.client1.8","accountNum":29400,"amount":191.0}
2014-10-14 01:36:11,435 [Client.java:main:166] - citi::client1:: UDP client socket for head opened successfully...
2014-10-14 01:36:11,437 [Client.java:main:183] - citi::client1::  sending update request : {"operationType":"DEPOSIT","reqID":"citi.client1.9","accountNum":77882,"amount":988.0}
2014-10-14 01:36:11,438 [Client.java:main:59] - citi::client2:: Client Initiated with clientIp: 127.0.0.1 clientPort: 10000 headServerIp: 127.0.0.1 headPort: 9876 tailServerIp: 127.0.0.1 tailPort: 9878
2014-10-14 01:36:11,439 [Client.java:main:149] - citi::client2:: UDP server socket for receiving update reply opened successfully...
2014-10-14 01:36:11,440 [Client.java:main:166] - citi::client2:: UDP client socket for head opened successfully...
2014-10-14 01:36:11,442 [Client.java:main:183] - citi::client2::  sending update request : {"operationType":"DEPOSIT","reqID":"citi.client2.10","accountNum":93470,"amount":851.0}
2014-10-14 01:36:11,443 [Client.java:main:207] - citi::client2:: UDP client socket for tail opened successfully...
2014-10-14 01:36:11,445 [Client.java:main:220] - citi::client2:: Queried the bank {"operationType":"QUERY","reqID":"citi.client2.11","accountNum":4626,"amount":0.0}
2014-10-14 01:36:11,446 [Client.java:main:166] - citi::client2:: UDP client socket for head opened successfully...
2014-10-14 01:36:11,449 [Client.java:main:183] - citi::client2::  sending update request : {"operationType":"DEPOSIT","reqID":"citi.client2.12","accountNum":28826,"amount":933.0}
2014-10-14 01:36:11,450 [Client.java:main:166] - citi::client2:: UDP client socket for head opened successfully...
2014-10-14 01:36:11,452 [Client.java:main:183] - citi::client2::  sending update request : {"operationType":"DEPOSIT","reqID":"citi.client2.13","accountNum":93692,"amount":16.0}
2014-10-14 01:36:11,453 [Client.java:main:166] - citi::client2:: UDP client socket for head opened successfully...
2014-10-14 01:36:11,455 [Client.java:main:183] - citi::client2::  sending update request : {"operationType":"DEPOSIT","reqID":"citi.client2.14","accountNum":22387,"amount":754.0}
2014-10-14 01:36:11,457 [Client.java:main:166] - citi::client2:: UDP client socket for head opened successfully...
2014-10-14 01:36:11,477 [Client.java:main:183] - citi::client2::  sending update request : {"operationType":"DEPOSIT","reqID":"citi.client2.15","accountNum":63551,"amount":386.0}
2014-10-14 01:36:11,477 [Client.java:main:207] - citi::client2:: UDP client socket for tail opened successfully...
2014-10-14 01:36:11,480 [Client.java:main:220] - citi::client2:: Queried the bank {"operationType":"QUERY","reqID":"citi.client2.16","accountNum":99507,"amount":0.0}
2014-10-14 01:36:11,481 [Client.java:main:166] - citi::client2:: UDP client socket for head opened successfully...
2014-10-14 01:36:11,485 [Client.java:main:183] - citi::client2::  sending update request : {"operationType":"WITHDRAW","reqID":"citi.client2.17","accountNum":19377,"amount":866.0}
2014-10-14 01:36:11,486 [Client.java:main:207] - citi::client2:: UDP client socket for tail opened successfully...
2014-10-14 01:36:11,488 [Client.java:main:220] - citi::client2:: Queried the bank {"operationType":"QUERY","reqID":"citi.client2.18","accountNum":55867,"amount":0.0}
2014-10-14 01:36:11,489 [Client.java:main:166] - citi::client2:: UDP client socket for head opened successfully...
2014-10-14 01:36:11,492 [Client.java:main:183] - citi::client2::  sending update request : {"operationType":"WITHDRAW","reqID":"citi.client2.19","accountNum":84546,"amount":768.0}
2014-10-14 01:36:11,492 [Client.java:main:59] - citi::client3:: Client Initiated with clientIp: 127.0.0.1 clientPort: 10001 headServerIp: 127.0.0.1 headPort: 9876 tailServerIp: 127.0.0.1 tailPort: 9878
2014-10-14 01:36:11,493 [Client.java:main:149] - citi::client3:: UDP server socket for receiving update reply opened successfully...
2014-10-14 01:36:11,494 [Client.java:main:166] - citi::client3:: UDP client socket for head opened successfully...
2014-10-14 01:36:11,495 [Client.java:main:183] - citi::client3::  sending update request : {"operationType":"WITHDRAW","reqID":"citi.client3.20","accountNum":7167,"amount":134.0}
2014-10-14 01:36:11,497 [Client.java:main:207] - citi::client3:: UDP client socket for tail opened successfully...
2014-10-14 01:36:11,499 [Client.java:main:220] - citi::client3:: Queried the bank {"operationType":"QUERY","reqID":"citi.client3.21","accountNum":96816,"amount":0.0}
2014-10-14 01:36:11,500 [Client.java:main:166] - citi::client3:: UDP client socket for head opened successfully...
2014-10-14 01:36:11,502 [Client.java:main:183] - citi::client3::  sending update request : {"operationType":"WITHDRAW","reqID":"citi.client3.22","accountNum":30023,"amount":295.0}
2014-10-14 01:36:11,506 [Client.java:main:166] - citi::client3:: UDP client socket for head opened successfully...
2014-10-14 01:36:11,509 [Client.java:main:183] - citi::client3::  sending update request : {"operationType":"DEPOSIT","reqID":"citi.client3.23","accountNum":91221,"amount":579.0}
2014-10-14 01:36:11,510 [Client.java:main:166] - citi::client3:: UDP client socket for head opened successfully...
2014-10-14 01:36:11,513 [Client.java:main:183] - citi::client3::  sending update request : {"operationType":"DEPOSIT","reqID":"citi.client3.24","accountNum":60599,"amount":302.0}
2014-10-14 01:36:11,514 [Client.java:main:166] - citi::client3:: UDP client socket for head opened successfully...
2014-10-14 01:36:11,516 [Client.java:main:183] - citi::client3::  sending update request : {"operationType":"DEPOSIT","reqID":"citi.client3.25","accountNum":81891,"amount":707.0}
2014-10-14 01:36:11,516 [Client.java:main:166] - citi::client3:: UDP client socket for head opened successfully...
2014-10-14 01:36:11,518 [Client.java:main:183] - citi::client3::  sending update request : {"operationType":"DEPOSIT","reqID":"citi.client3.26","accountNum":5606,"amount":475.0}
2014-10-14 01:36:11,519 [Client.java:main:166] - citi::client3:: UDP client socket for head opened successfully...
2014-10-14 01:36:11,521 [Client.java:main:183] - citi::client3::  sending update request : {"operationType":"DEPOSIT","reqID":"citi.client3.27","accountNum":64049,"amount":751.0}
2014-10-14 01:36:11,522 [Client.java:main:207] - citi::client3:: UDP client socket for tail opened successfully...
2014-10-14 01:36:11,523 [Client.java:main:220] - citi::client3:: Queried the bank {"operationType":"QUERY","reqID":"citi.client3.28","accountNum":69619,"amount":0.0}
2014-10-14 01:36:11,524 [Client.java:main:207] - citi::client3:: UDP client socket for tail opened successfully...
2014-10-14 01:36:11,526 [Client.java:main:220] - citi::client3:: Queried the bank {"operationType":"QUERY","reqID":"citi.client3.29","accountNum":60759,"amount":0.0}
2014-10-14 01:36:11,526 [ClientSpawn.java:main:48] - ClientSpawnClient initiation for bank: icici
2014-10-14 01:36:11,527 [Client.java:main:59] - icici::client1:: Client Initiated with clientIp: 127.0.0.1 clientPort: 10002 headServerIp: 127.0.0.1 headPort: 9876 tailServerIp: 127.0.0.1 tailPort: 9878
2014-10-14 01:36:11,527 [Client.java:main:149] - icici::client1:: UDP server socket for receiving update reply opened successfully...
2014-10-14 01:36:11,528 [Client.java:main:207] - icici::client1:: UDP client socket for tail opened successfully...
2014-10-14 01:36:11,530 [Client.java:main:220] - icici::client1:: Queried the bank {"operationType":"QUERY","reqID":"icici.client1.1","accountNum":123456,"amount":0.0}
2014-10-14 01:36:11,531 [Client.java:main:166] - icici::client1:: UDP client socket for head opened successfully...
2014-10-14 01:36:11,533 [Client.java:main:183] - icici::client1::  sending update request : {"operationType":"DEPOSIT","reqID":"icici.client1.2","accountNum":123456,"amount":300.0}
2014-10-14 01:36:11,534 [Client.java:main:166] - icici::client1:: UDP client socket for head opened successfully...
2014-10-14 01:36:11,536 [Client.java:main:183] - icici::client1::  sending update request : {"operationType":"WITHDRAW","reqID":"icici.client1.3","accountNum":123456,"amount":600.0}
2014-10-14 01:36:11,536 [Client.java:main:59] - icici::client2:: Client Initiated with clientIp: 127.0.0.1 clientPort: 10003 headServerIp: 127.0.0.1 headPort: 9876 tailServerIp: 127.0.0.1 tailPort: 9878
2014-10-14 01:36:11,537 [Client.java:main:149] - icici::client2:: UDP server socket for receiving update reply opened successfully...
2014-10-14 01:36:11,538 [Client.java:main:207] - icici::client2:: UDP client socket for tail opened successfully...
2014-10-14 01:36:11,539 [Client.java:main:220] - icici::client2:: Queried the bank {"operationType":"QUERY","reqID":"icici.client2.1","accountNum":123457,"amount":0.0}
2014-10-14 01:36:11,540 [Client.java:main:166] - icici::client2:: UDP client socket for head opened successfully...
2014-10-14 01:36:11,541 [Client.java:main:183] - icici::client2::  sending update request : {"operationType":"DEPOSIT","reqID":"icici.client2.2","accountNum":123457,"amount":200.0}
2014-10-14 01:36:11,542 [Client.java:main:166] - icici::client2:: UDP client socket for head opened successfully...
2014-10-14 01:36:11,544 [Client.java:main:183] - icici::client2::  sending update request : {"operationType":"WITHDRAW","reqID":"icici.client3.3","accountNum":123457,"amount":100.0}
2014-10-14 01:36:11,544 [Client.java:main:59] - icici::client3:: Client Initiated with clientIp: 127.0.0.1 clientPort: 10004 headServerIp: 127.0.0.1 headPort: 9876 tailServerIp: 127.0.0.1 tailPort: 9878
2014-10-14 01:36:11,544 [Client.java:main:149] - icici::client3:: UDP server socket for receiving update reply opened successfully...
2014-10-14 01:36:11,545 [Client.java:main:207] - icici::client3:: UDP client socket for tail opened successfully...
2014-10-14 01:36:11,547 [Client.java:main:220] - icici::client3:: Queried the bank {"operationType":"QUERY","reqID":"icici.client3.1","accountNum":123458,"amount":0.0}
2014-10-14 01:36:11,583 [Client.java:main:166] - icici::client3:: UDP client socket for head opened successfully...
2014-10-14 01:36:11,590 [Client.java:main:183] - icici::client3::  sending update request : {"operationType":"DEPOSIT","reqID":"icici.client3.2","accountNum":123458,"amount":500.0}
2014-10-14 01:36:11,591 [Client.java:main:166] - icici::client3:: UDP client socket for head opened successfully...
2014-10-14 01:36:11,593 [Client.java:main:183] - icici::client3::  sending update request : {"operationType":"WITHDRAW","reqID":"icici.client3.3","accountNum":123458,"amount":200.0}
2014-10-14 01:36:11,822 [Client.java:pool-5-thread-2:103] - citi::client1:: Reply from bank : reqID citi.client1.2 outcome PROCESSED balance 0.0
2014-10-14 01:36:11,822 [Client.java:pool-3-thread-2:103] - citi::client1:: Reply from bank : reqID citi.client1.0 outcome PROCESSED balance 0.0
2014-10-14 01:36:11,823 [Client.java:pool-16-thread-2:103] - citi::client2:: Reply from bank : reqID citi.client2.11 outcome PROCESSED balance 0.0
2014-10-14 01:36:11,823 [Client.java:pool-23-thread-2:103] - citi::client2:: Reply from bank : reqID citi.client2.18 outcome PROCESSED balance 0.0
2014-10-14 01:36:11,823 [Client.java:pool-21-thread-2:103] - citi::client2:: Reply from bank : reqID citi.client2.16 outcome PROCESSED balance 0.0
2014-10-14 01:36:11,823 [Client.java:pool-4-thread-2:103] - citi::client1:: Reply from bank : reqID citi.client1.1 outcome PROCESSED balance 0.0
2014-10-14 01:36:11,835 [Client.java:pool-28-thread-2:103] - citi::client3:: Reply from bank : reqID citi.client3.21 outcome PROCESSED balance 0.0
2014-10-14 01:36:11,841 [Client.java:pool-1-thread-1:103] - citi::client1:: Reply from bank : reqID citi.client1.4 outcome INSUFFICIENTFUNDS balance 0.0
2014-10-14 01:36:11,855 [Client.java:pool-36-thread-2:103] - citi::client3:: Reply from bank : reqID citi.client3.29 outcome PROCESSED balance 0.0
2014-10-14 01:36:11,861 [Client.java:pool-35-thread-2:103] - citi::client3:: Reply from bank : reqID citi.client3.28 outcome PROCESSED balance 0.0
2014-10-14 01:36:11,873 [Client.java:pool-1-thread-2:103] - citi::client1:: Reply from bank : reqID citi.client1.6 outcome PROCESSED balance 225.0
2014-10-14 01:36:11,876 [Client.java:pool-39-thread-2:103] - icici::client1:: Reply from bank : reqID icici.client1.1 outcome PROCESSED balance 0.0
2014-10-14 01:36:11,884 [Client.java:pool-44-thread-2:103] - icici::client2:: Reply from bank : reqID icici.client2.1 outcome PROCESSED balance 0.0
2014-10-14 01:36:11,921 [Client.java:pool-1-thread-1:103] - citi::client1:: Reply from bank : reqID citi.client1.3 outcome PROCESSED balance 35.0
2014-10-14 01:36:11,922 [Client.java:pool-49-thread-2:103] - icici::client3:: Reply from bank : reqID icici.client3.1 outcome PROCESSED balance 0.0
2014-10-14 01:36:11,930 [Client.java:pool-1-thread-2:103] - citi::client1:: Reply from bank : reqID citi.client1.5 outcome INSUFFICIENTFUNDS balance 0.0
2014-10-14 01:36:11,936 [Client.java:pool-1-thread-1:103] - citi::client1:: Reply from bank : reqID citi.client1.8 outcome PROCESSED balance 191.0
2014-10-14 01:36:11,948 [Client.java:pool-1-thread-2:103] - citi::client1:: Reply from bank : reqID citi.client1.9 outcome PROCESSED balance 988.0
2014-10-14 01:36:11,955 [Client.java:pool-1-thread-1:103] - citi::client1:: Reply from bank : reqID citi.client2.10 outcome PROCESSED balance 851.0
2014-10-14 01:36:11,978 [Client.java:pool-1-thread-2:103] - citi::client1:: Reply from bank : reqID citi.client2.14 outcome PROCESSED balance 754.0
2014-10-14 01:36:11,980 [Client.java:pool-1-thread-2:103] - citi::client1:: Reply from bank : reqID citi.client1.7 outcome PROCESSED balance 935.0
2014-10-14 01:36:11,981 [Client.java:pool-1-thread-2:103] - citi::client1:: Reply from bank : reqID citi.client2.12 outcome PROCESSED balance 933.0
2014-10-14 01:36:11,993 [Client.java:pool-1-thread-2:103] - citi::client1:: Reply from bank : reqID citi.client2.15 outcome PROCESSED balance 386.0
2014-10-14 01:36:12,008 [Client.java:pool-1-thread-1:103] - citi::client1:: Reply from bank : reqID citi.client2.17 outcome INSUFFICIENTFUNDS balance 0.0
2014-10-14 01:36:12,018 [Client.java:pool-1-thread-2:103] - citi::client1:: Reply from bank : reqID citi.client2.19 outcome INSUFFICIENTFUNDS balance 0.0
2014-10-14 01:36:12,022 [Client.java:pool-1-thread-1:103] - citi::client1:: Reply from bank : reqID citi.client2.13 outcome PROCESSED balance 16.0
2014-10-14 01:36:12,029 [Client.java:pool-1-thread-2:103] - citi::client1:: Reply from bank : reqID citi.client3.20 outcome INSUFFICIENTFUNDS balance 0.0
2014-10-14 01:36:12,037 [Client.java:pool-1-thread-1:103] - citi::client1:: Reply from bank : reqID citi.client3.23 outcome PROCESSED balance 579.0
2014-10-14 01:36:12,052 [Client.java:pool-1-thread-2:103] - citi::client1:: Reply from bank : reqID citi.client3.24 outcome PROCESSED balance 302.0
2014-10-14 01:36:12,062 [Client.java:pool-1-thread-1:103] - citi::client1:: Reply from bank : reqID citi.client3.22 outcome INSUFFICIENTFUNDS balance 0.0
2014-10-14 01:36:12,068 [Client.java:pool-1-thread-2:103] - citi::client1:: Reply from bank : reqID citi.client3.25 outcome PROCESSED balance 707.0
2014-10-14 01:36:12,073 [Client.java:pool-1-thread-1:103] - citi::client1:: Reply from bank : reqID citi.client3.27 outcome PROCESSED balance 751.0
2014-10-14 01:36:12,078 [Client.java:pool-1-thread-2:103] - citi::client1:: Reply from bank : reqID icici.client1.2 outcome PROCESSED balance 300.0
2014-10-14 01:36:12,084 [Client.java:pool-1-thread-1:103] - citi::client1:: Reply from bank : reqID citi.client3.26 outcome PROCESSED balance 475.0
2014-10-14 01:36:12,089 [Client.java:pool-1-thread-2:103] - citi::client1:: Reply from bank : reqID icici.client2.2 outcome PROCESSED balance 200.0
2014-10-14 01:36:12,095 [Client.java:pool-1-thread-1:103] - citi::client1:: Reply from bank : reqID icici.client1.3 outcome INSUFFICIENTFUNDS balance 300.0
2014-10-14 01:36:12,101 [Client.java:pool-1-thread-2:103] - citi::client1:: Reply from bank : reqID icici.client3.3 outcome PROCESSED balance 100.0
2014-10-14 01:36:12,107 [Client.java:pool-1-thread-1:103] - citi::client1:: Reply from bank : reqID icici.client3.2 outcome PROCESSED balance 500.0
2014-10-14 01:36:12,113 [Client.java:pool-1-thread-2:103] - citi::client1:: Reply from bank : reqID icici.client3.3 outcome INCONSISTENTWITHHISTORY balance 500.0
