2014-10-13 22:48:44,318 [ClientSpawn.java:main:48] - ClientSpawnClient initiation for bank: citi
2014-10-13 22:48:44,326 [Client.java:main:59] - citi::client1:: Client Initiated with clientIp: 127.0.0.1 clientPort: 9999 headServerIp: 127.0.0.1 headPort: 9876 tailServerIp: 127.0.0.1 tailPort: 9878
2014-10-13 22:48:44,338 [Client.java:main:149] - citi::client1:: UDP server socket for receiving update reply opened successfully...
2014-10-13 22:48:44,345 [Client.java:main:166] - citi::client1:: UDP client socket for head opened successfully...
2014-10-13 22:48:44,582 [Client.java:main:183] - citi::client1::  sending update request : {"operationType":"DEPOSIT","reqID":"citi.client1.0","accountNum":56890,"amount":544.0}
2014-10-13 22:48:44,582 [Client.java:main:166] - citi::client1:: UDP client socket for head opened successfully...
2014-10-13 22:48:44,586 [Client.java:main:183] - citi::client1::  sending update request : {"operationType":"DEPOSIT","reqID":"citi.client1.1","accountNum":94710,"amount":994.0}
2014-10-13 22:48:44,587 [Client.java:main:166] - citi::client1:: UDP client socket for head opened successfully...
2014-10-13 22:48:44,589 [Client.java:main:183] - citi::client1::  sending update request : {"operationType":"WITHDRAW","reqID":"citi.client1.2","accountNum":98258,"amount":759.0}
2014-10-13 22:48:44,589 [Client.java:main:166] - citi::client1:: UDP client socket for head opened successfully...
2014-10-13 22:48:44,592 [Client.java:main:183] - citi::client1::  sending update request : {"operationType":"DEPOSIT","reqID":"citi.client1.3","accountNum":57768,"amount":413.0}
2014-10-13 22:48:44,592 [Client.java:main:207] - citi::client1:: UDP client socket for tail opened successfully...
2014-10-13 22:48:44,594 [Client.java:main:220] - citi::client1:: Queried the bank {"operationType":"QUERY","reqID":"citi.client1.4","accountNum":71571,"amount":0.0}
2014-10-13 22:48:44,594 [Client.java:main:207] - citi::client1:: UDP client socket for tail opened successfully...
2014-10-13 22:48:44,596 [Client.java:main:220] - citi::client1:: Queried the bank {"operationType":"QUERY","reqID":"citi.client1.5","accountNum":29389,"amount":0.0}
2014-10-13 22:48:44,596 [Client.java:main:166] - citi::client1:: UDP client socket for head opened successfully...
2014-10-13 22:48:44,600 [Client.java:main:183] - citi::client1::  sending update request : {"operationType":"WITHDRAW","reqID":"citi.client1.6","accountNum":43033,"amount":699.0}
2014-10-13 22:48:44,600 [Client.java:main:166] - citi::client1:: UDP client socket for head opened successfully...
2014-10-13 22:48:44,602 [Client.java:main:183] - citi::client1::  sending update request : {"operationType":"DEPOSIT","reqID":"citi.client1.7","accountNum":9738,"amount":308.0}
2014-10-13 22:48:44,603 [Client.java:main:166] - citi::client1:: UDP client socket for head opened successfully...
2014-10-13 22:48:44,604 [Client.java:main:183] - citi::client1::  sending update request : {"operationType":"DEPOSIT","reqID":"citi.client1.8","accountNum":13422,"amount":591.0}
2014-10-13 22:48:44,612 [Client.java:main:207] - citi::client1:: UDP client socket for tail opened successfully...
2014-10-13 22:48:44,620 [Client.java:main:220] - citi::client1:: Queried the bank {"operationType":"QUERY","reqID":"citi.client1.9","accountNum":97282,"amount":0.0}
2014-10-13 22:48:44,929 [Client.java:pool-12-thread-2:103] - citi::client1:: Reply from bank : reqID citi.client1.9 outcome PROCESSED balance 0.0
2014-10-13 22:48:44,930 [Client.java:pool-7-thread-2:103] - citi::client1:: Reply from bank : reqID citi.client1.4 outcome PROCESSED balance 0.0
2014-10-13 22:48:44,930 [Client.java:pool-8-thread-2:103] - citi::client1:: Reply from bank : reqID citi.client1.5 outcome PROCESSED balance 0.0
2014-10-13 22:48:44,935 [Client.java:pool-1-thread-1:103] - citi::client1:: Reply from bank : reqID citi.client1.0 outcome PROCESSED balance 544.0
2014-10-13 22:48:44,949 [Client.java:pool-1-thread-2:103] - citi::client1:: Reply from bank : reqID citi.client1.1 outcome PROCESSED balance 994.0
2014-10-13 22:48:44,966 [Client.java:pool-1-thread-1:103] - citi::client1:: Reply from bank : reqID citi.client1.3 outcome PROCESSED balance 413.0
2014-10-13 22:48:44,966 [Client.java:pool-1-thread-2:103] - citi::client1:: Reply from bank : reqID citi.client1.2 outcome INSUFFICIENTFUNDS balance 0.0
2014-10-13 22:48:44,971 [Client.java:pool-1-thread-1:103] - citi::client1:: Reply from bank : reqID citi.client1.6 outcome INSUFFICIENTFUNDS balance 0.0
2014-10-13 22:48:44,980 [Client.java:pool-1-thread-2:103] - citi::client1:: Reply from bank : reqID citi.client1.8 outcome PROCESSED balance 591.0
2014-10-13 22:48:44,986 [Client.java:pool-1-thread-1:103] - citi::client1:: Reply from bank : reqID citi.client1.7 outcome PROCESSED balance 308.0
