2014-10-14 01:33:46,734 [ClientSpawn.java:main:48] - ClientSpawnClient initiation for bank: citi
2014-10-14 01:33:46,743 [Client.java:main:59] - citi::client1:: Client Initiated with clientIp: 127.0.0.1 clientPort: 9999 headServerIp: 127.0.0.1 headPort: 9876 tailServerIp: 127.0.0.1 tailPort: 9878
2014-10-14 01:33:46,755 [Client.java:main:149] - citi::client1:: UDP server socket for receiving update reply opened successfully...
2014-10-14 01:33:46,761 [Client.java:main:166] - citi::client1:: UDP client socket for head opened successfully...
2014-10-14 01:33:46,980 [Client.java:main:183] - citi::client1::  sending update request : {"operationType":"WITHDRAW","reqID":"citi.client1.0","accountNum":51659,"amount":786.0}
2014-10-14 01:33:46,985 [Client.java:main:166] - citi::client1:: UDP client socket for head opened successfully...
2014-10-14 01:33:46,997 [Client.java:main:183] - citi::client1::  sending update request : {"operationType":"DEPOSIT","reqID":"citi.client1.1","accountNum":85299,"amount":342.0}
2014-10-14 01:33:46,998 [Client.java:main:207] - citi::client1:: UDP client socket for tail opened successfully...
2014-10-14 01:33:47,003 [Client.java:main:220] - citi::client1:: Queried the bank {"operationType":"QUERY","reqID":"citi.client1.2","accountNum":92783,"amount":0.0}
2014-10-14 01:33:47,004 [Client.java:main:166] - citi::client1:: UDP client socket for head opened successfully...
2014-10-14 01:33:47,006 [Client.java:main:183] - citi::client1::  sending update request : {"operationType":"WITHDRAW","reqID":"citi.client1.3","accountNum":75821,"amount":570.0}
2014-10-14 01:33:47,007 [Client.java:main:166] - citi::client1:: UDP client socket for head opened successfully...
2014-10-14 01:33:47,009 [Client.java:main:183] - citi::client1::  sending update request : {"operationType":"DEPOSIT","reqID":"citi.client1.4","accountNum":85238,"amount":836.0}
2014-10-14 01:33:47,010 [Client.java:main:207] - citi::client1:: UDP client socket for tail opened successfully...
2014-10-14 01:33:47,012 [Client.java:main:220] - citi::client1:: Queried the bank {"operationType":"QUERY","reqID":"citi.client1.5","accountNum":73874,"amount":0.0}
2014-10-14 01:33:47,013 [Client.java:main:207] - citi::client1:: UDP client socket for tail opened successfully...
2014-10-14 01:33:47,019 [Client.java:main:220] - citi::client1:: Queried the bank {"operationType":"QUERY","reqID":"citi.client1.6","accountNum":79067,"amount":0.0}
2014-10-14 01:33:47,020 [Client.java:main:166] - citi::client1:: UDP client socket for head opened successfully...
2014-10-14 01:33:47,022 [Client.java:main:183] - citi::client1::  sending update request : {"operationType":"DEPOSIT","reqID":"citi.client1.7","accountNum":12341,"amount":533.0}
2014-10-14 01:33:47,023 [Client.java:main:166] - citi::client1:: UDP client socket for head opened successfully...
2014-10-14 01:33:47,035 [Client.java:main:183] - citi::client1::  sending update request : {"operationType":"DEPOSIT","reqID":"citi.client1.8","accountNum":20256,"amount":637.0}
2014-10-14 01:33:47,036 [Client.java:main:166] - citi::client1:: UDP client socket for head opened successfully...
2014-10-14 01:33:47,038 [Client.java:main:183] - citi::client1::  sending update request : {"operationType":"DEPOSIT","reqID":"citi.client1.9","accountNum":29508,"amount":535.0}
2014-10-14 01:33:47,039 [Client.java:main:59] - citi::client2:: Client Initiated with clientIp: 127.0.0.1 clientPort: 10000 headServerIp: 127.0.0.1 headPort: 9876 tailServerIp: 127.0.0.1 tailPort: 9878
2014-10-14 01:33:47,039 [Client.java:main:149] - citi::client2:: UDP server socket for receiving update reply opened successfully...
2014-10-14 01:33:47,040 [Client.java:main:207] - citi::client2:: UDP client socket for tail opened successfully...
2014-10-14 01:33:47,042 [Client.java:main:220] - citi::client2:: Queried the bank {"operationType":"QUERY","reqID":"citi.client2.10","accountNum":3853,"amount":0.0}
2014-10-14 01:33:47,043 [Client.java:main:207] - citi::client2:: UDP client socket for tail opened successfully...
2014-10-14 01:33:47,045 [Client.java:main:220] - citi::client2:: Queried the bank {"operationType":"QUERY","reqID":"citi.client2.11","accountNum":59844,"amount":0.0}
2014-10-14 01:33:47,046 [Client.java:main:166] - citi::client2:: UDP client socket for head opened successfully...
2014-10-14 01:33:47,048 [Client.java:main:183] - citi::client2::  sending update request : {"operationType":"DEPOSIT","reqID":"citi.client2.12","accountNum":24482,"amount":825.0}
2014-10-14 01:33:47,049 [Client.java:main:166] - citi::client2:: UDP client socket for head opened successfully...
2014-10-14 01:33:47,052 [Client.java:main:183] - citi::client2::  sending update request : {"operationType":"DEPOSIT","reqID":"citi.client2.13","accountNum":21273,"amount":305.0}
2014-10-14 01:33:47,053 [Client.java:main:207] - citi::client2:: UDP client socket for tail opened successfully...
2014-10-14 01:33:47,055 [Client.java:main:220] - citi::client2:: Queried the bank {"operationType":"QUERY","reqID":"citi.client2.14","accountNum":85316,"amount":0.0}
2014-10-14 01:33:47,056 [Client.java:main:166] - citi::client2:: UDP client socket for head opened successfully...
2014-10-14 01:33:47,059 [Client.java:main:183] - citi::client2::  sending update request : {"operationType":"WITHDRAW","reqID":"citi.client2.15","accountNum":23870,"amount":914.0}
2014-10-14 01:33:47,060 [Client.java:main:166] - citi::client2:: UDP client socket for head opened successfully...
2014-10-14 01:33:47,064 [Client.java:main:183] - citi::client2::  sending update request : {"operationType":"DEPOSIT","reqID":"citi.client2.16","accountNum":1566,"amount":722.0}
2014-10-14 01:33:47,065 [Client.java:main:166] - citi::client2:: UDP client socket for head opened successfully...
2014-10-14 01:33:47,067 [Client.java:main:183] - citi::client2::  sending update request : {"operationType":"DEPOSIT","reqID":"citi.client2.17","accountNum":89041,"amount":484.0}
2014-10-14 01:33:47,068 [Client.java:main:166] - citi::client2:: UDP client socket for head opened successfully...
2014-10-14 01:33:47,070 [Client.java:main:183] - citi::client2::  sending update request : {"operationType":"WITHDRAW","reqID":"citi.client2.18","accountNum":49519,"amount":587.0}
2014-10-14 01:33:47,071 [Client.java:main:166] - citi::client2:: UDP client socket for head opened successfully...
2014-10-14 01:33:47,073 [Client.java:main:183] - citi::client2::  sending update request : {"operationType":"DEPOSIT","reqID":"citi.client2.19","accountNum":92839,"amount":75.0}
2014-10-14 01:33:47,073 [Client.java:main:59] - citi::client3:: Client Initiated with clientIp: 127.0.0.1 clientPort: 10001 headServerIp: 127.0.0.1 headPort: 9876 tailServerIp: 127.0.0.1 tailPort: 9878
2014-10-14 01:33:47,074 [Client.java:main:149] - citi::client3:: UDP server socket for receiving update reply opened successfully...
2014-10-14 01:33:47,075 [Client.java:main:207] - citi::client3:: UDP client socket for tail opened successfully...
2014-10-14 01:33:47,077 [Client.java:main:220] - citi::client3:: Queried the bank {"operationType":"QUERY","reqID":"citi.client3.20","accountNum":60168,"amount":0.0}
2014-10-14 01:33:47,078 [Client.java:main:207] - citi::client3:: UDP client socket for tail opened successfully...
2014-10-14 01:33:47,080 [Client.java:main:220] - citi::client3:: Queried the bank {"operationType":"QUERY","reqID":"citi.client3.21","accountNum":31591,"amount":0.0}
2014-10-14 01:33:47,080 [Client.java:main:207] - citi::client3:: UDP client socket for tail opened successfully...
2014-10-14 01:33:47,082 [Client.java:main:220] - citi::client3:: Queried the bank {"operationType":"QUERY","reqID":"citi.client3.22","accountNum":65235,"amount":0.0}
2014-10-14 01:33:47,084 [Client.java:main:166] - citi::client3:: UDP client socket for head opened successfully...
2014-10-14 01:33:47,092 [Client.java:main:183] - citi::client3::  sending update request : {"operationType":"DEPOSIT","reqID":"citi.client3.23","accountNum":7476,"amount":680.0}
2014-10-14 01:33:47,093 [Client.java:main:166] - citi::client3:: UDP client socket for head opened successfully...
2014-10-14 01:33:47,095 [Client.java:main:183] - citi::client3::  sending update request : {"operationType":"DEPOSIT","reqID":"citi.client3.24","accountNum":10882,"amount":944.0}
2014-10-14 01:33:47,096 [Client.java:main:166] - citi::client3:: UDP client socket for head opened successfully...
2014-10-14 01:33:47,098 [Client.java:main:183] - citi::client3::  sending update request : {"operationType":"WITHDRAW","reqID":"citi.client3.25","accountNum":42598,"amount":915.0}
2014-10-14 01:33:47,099 [Client.java:main:166] - citi::client3:: UDP client socket for head opened successfully...
2014-10-14 01:33:47,101 [Client.java:main:183] - citi::client3::  sending update request : {"operationType":"WITHDRAW","reqID":"citi.client3.26","accountNum":71508,"amount":955.0}
2014-10-14 01:33:47,102 [Client.java:main:166] - citi::client3:: UDP client socket for head opened successfully...
2014-10-14 01:33:47,104 [Client.java:main:183] - citi::client3::  sending update request : {"operationType":"DEPOSIT","reqID":"citi.client3.27","accountNum":78135,"amount":434.0}
2014-10-14 01:33:47,105 [Client.java:main:166] - citi::client3:: UDP client socket for head opened successfully...
2014-10-14 01:33:47,107 [Client.java:main:183] - citi::client3::  sending update request : {"operationType":"DEPOSIT","reqID":"citi.client3.28","accountNum":72926,"amount":558.0}
2014-10-14 01:33:47,108 [Client.java:main:166] - citi::client3:: UDP client socket for head opened successfully...
2014-10-14 01:33:47,110 [Client.java:main:183] - citi::client3::  sending update request : {"operationType":"DEPOSIT","reqID":"citi.client3.29","accountNum":29991,"amount":762.0}
2014-10-14 01:33:47,112 [ClientSpawn.java:main:48] - ClientSpawnClient initiation for bank: icici
2014-10-14 01:33:47,112 [Client.java:main:59] - icici::client1:: Client Initiated with clientIp: 127.0.0.1 clientPort: 10002 headServerIp: 127.0.0.1 headPort: 9876 tailServerIp: 127.0.0.1 tailPort: 9878
2014-10-14 01:33:47,113 [Client.java:main:149] - icici::client1:: UDP server socket for receiving update reply opened successfully...
2014-10-14 01:33:47,114 [Client.java:main:207] - icici::client1:: UDP client socket for tail opened successfully...
2014-10-14 01:33:47,116 [Client.java:main:220] - icici::client1:: Queried the bank {"operationType":"QUERY","reqID":"icici.client1.1","accountNum":123456,"amount":0.0}
2014-10-14 01:33:47,116 [Client.java:main:166] - icici::client1:: UDP client socket for head opened successfully...
2014-10-14 01:33:47,118 [Client.java:main:183] - icici::client1::  sending update request : {"operationType":"DEPOSIT","reqID":"icici.client1.2","accountNum":123456,"amount":300.0}
2014-10-14 01:33:47,119 [Client.java:main:166] - icici::client1:: UDP client socket for head opened successfully...
2014-10-14 01:33:47,120 [Client.java:main:183] - icici::client1::  sending update request : {"operationType":"WITHDRAW","reqID":"icici.client1.3","accountNum":123456,"amount":600.0}
2014-10-14 01:33:47,121 [Client.java:main:59] - icici::client2:: Client Initiated with clientIp: 127.0.0.1 clientPort: 10003 headServerIp: 127.0.0.1 headPort: 9876 tailServerIp: 127.0.0.1 tailPort: 9878
2014-10-14 01:33:47,121 [Client.java:main:149] - icici::client2:: UDP server socket for receiving update reply opened successfully...
2014-10-14 01:33:47,122 [Client.java:main:207] - icici::client2:: UDP client socket for tail opened successfully...
2014-10-14 01:33:47,123 [Client.java:main:220] - icici::client2:: Queried the bank {"operationType":"QUERY","reqID":"icici.client2.1","accountNum":123457,"amount":0.0}
2014-10-14 01:33:47,124 [Client.java:main:166] - icici::client2:: UDP client socket for head opened successfully...
2014-10-14 01:33:47,125 [Client.java:main:183] - icici::client2::  sending update request : {"operationType":"DEPOSIT","reqID":"icici.client2.2","accountNum":123457,"amount":200.0}
2014-10-14 01:33:47,126 [Client.java:main:166] - icici::client2:: UDP client socket for head opened successfully...
2014-10-14 01:33:47,128 [Client.java:main:183] - icici::client2::  sending update request : {"operationType":"WITHDRAW","reqID":"icici.client3.3","accountNum":123457,"amount":100.0}
2014-10-14 01:33:47,128 [Client.java:main:59] - icici::client3:: Client Initiated with clientIp: 127.0.0.1 clientPort: 10004 headServerIp: 127.0.0.1 headPort: 9876 tailServerIp: 127.0.0.1 tailPort: 9878
2014-10-14 01:33:47,128 [Client.java:main:149] - icici::client3:: UDP server socket for receiving update reply opened successfully...
2014-10-14 01:33:47,129 [Client.java:main:207] - icici::client3:: UDP client socket for tail opened successfully...
2014-10-14 01:33:47,131 [Client.java:main:220] - icici::client3:: Queried the bank {"operationType":"QUERY","reqID":"icici.client3.1","accountNum":123458,"amount":0.0}
2014-10-14 01:33:47,131 [Client.java:main:166] - icici::client3:: UDP client socket for head opened successfully...
2014-10-14 01:33:47,133 [Client.java:main:183] - icici::client3::  sending update request : {"operationType":"DEPOSIT","reqID":"icici.client3.2","accountNum":123458,"amount":500.0}
2014-10-14 01:33:47,160 [Client.java:main:166] - icici::client3:: UDP client socket for head opened successfully...
2014-10-14 01:33:47,162 [Client.java:main:183] - icici::client3::  sending update request : {"operationType":"WITHDRAW","reqID":"icici.client3.3","accountNum":123458,"amount":200.0}
2014-10-14 01:33:47,356 [Client.java:pool-16-thread-2:103] - citi::client2:: Reply from bank : reqID citi.client2.11 outcome PROCESSED balance 0.0
2014-10-14 01:33:47,356 [Client.java:pool-15-thread-2:103] - citi::client2:: Reply from bank : reqID citi.client2.10 outcome PROCESSED balance 0.0
2014-10-14 01:33:47,356 [Client.java:pool-5-thread-2:103] - citi::client1:: Reply from bank : reqID citi.client1.2 outcome PROCESSED balance 0.0
2014-10-14 01:33:47,357 [Client.java:pool-9-thread-2:103] - citi::client1:: Reply from bank : reqID citi.client1.6 outcome PROCESSED balance 0.0
2014-10-14 01:33:47,357 [Client.java:pool-8-thread-2:103] - citi::client1:: Reply from bank : reqID citi.client1.5 outcome PROCESSED balance 0.0
2014-10-14 01:33:47,373 [Client.java:pool-1-thread-1:103] - citi::client1:: Reply from bank : reqID citi.client1.0 outcome INSUFFICIENTFUNDS balance 0.0
2014-10-14 01:33:47,389 [Client.java:pool-29-thread-2:103] - citi::client3:: Reply from bank : reqID citi.client3.22 outcome PROCESSED balance 0.0
2014-10-14 01:33:47,392 [Client.java:pool-28-thread-2:103] - citi::client3:: Reply from bank : reqID citi.client3.21 outcome PROCESSED balance 0.0
2014-10-14 01:33:47,412 [Client.java:pool-19-thread-2:103] - citi::client2:: Reply from bank : reqID citi.client2.14 outcome PROCESSED balance 0.0
2014-10-14 01:33:47,417 [Client.java:pool-44-thread-2:103] - icici::client2:: Reply from bank : reqID icici.client2.1 outcome PROCESSED balance 0.0
2014-10-14 01:33:47,417 [Client.java:pool-49-thread-2:103] - icici::client3:: Reply from bank : reqID icici.client3.1 outcome PROCESSED balance 0.0
2014-10-14 01:33:47,425 [Client.java:pool-39-thread-2:103] - icici::client1:: Reply from bank : reqID icici.client1.1 outcome PROCESSED balance 0.0
2014-10-14 01:33:47,428 [Client.java:pool-1-thread-2:103] - citi::client1:: Reply from bank : reqID citi.client1.1 outcome PROCESSED balance 342.0
2014-10-14 01:33:47,441 [Client.java:pool-27-thread-2:103] - citi::client3:: Reply from bank : reqID citi.client3.20 outcome PROCESSED balance 0.0
2014-10-14 01:33:47,482 [Client.java:pool-1-thread-1:103] - citi::client1:: Reply from bank : reqID citi.client1.4 outcome PROCESSED balance 836.0
2014-10-14 01:33:47,491 [Client.java:pool-1-thread-2:103] - citi::client1:: Reply from bank : reqID citi.client1.7 outcome PROCESSED balance 533.0
2014-10-14 01:33:47,497 [Client.java:pool-1-thread-1:103] - citi::client1:: Reply from bank : reqID citi.client1.3 outcome INSUFFICIENTFUNDS balance 0.0
2014-10-14 01:33:47,506 [Client.java:pool-1-thread-2:103] - citi::client1:: Reply from bank : reqID citi.client1.9 outcome PROCESSED balance 535.0
2014-10-14 01:33:47,520 [Client.java:pool-1-thread-1:103] - citi::client1:: Reply from bank : reqID citi.client1.8 outcome PROCESSED balance 637.0
2014-10-14 01:33:47,541 [Client.java:pool-1-thread-2:103] - citi::client1:: Reply from bank : reqID citi.client2.15 outcome INSUFFICIENTFUNDS balance 0.0
2014-10-14 01:33:47,552 [Client.java:pool-1-thread-1:103] - citi::client1:: Reply from bank : reqID citi.client2.13 outcome PROCESSED balance 305.0
2014-10-14 01:33:47,560 [Client.java:pool-1-thread-2:103] - citi::client1:: Reply from bank : reqID citi.client2.12 outcome PROCESSED balance 825.0
2014-10-14 01:33:47,568 [Client.java:pool-1-thread-1:103] - citi::client1:: Reply from bank : reqID citi.client2.19 outcome PROCESSED balance 75.0
2014-10-14 01:33:47,573 [Client.java:pool-1-thread-2:103] - citi::client1:: Reply from bank : reqID citi.client2.17 outcome PROCESSED balance 484.0
2014-10-14 01:33:47,583 [Client.java:pool-1-thread-1:103] - citi::client1:: Reply from bank : reqID citi.client3.23 outcome PROCESSED balance 680.0
2014-10-14 01:33:47,589 [Client.java:pool-1-thread-2:103] - citi::client1:: Reply from bank : reqID citi.client2.18 outcome INSUFFICIENTFUNDS balance 0.0
2014-10-14 01:33:47,595 [Client.java:pool-1-thread-1:103] - citi::client1:: Reply from bank : reqID citi.client2.16 outcome PROCESSED balance 722.0
2014-10-14 01:33:47,602 [Client.java:pool-1-thread-2:103] - citi::client1:: Reply from bank : reqID citi.client3.24 outcome PROCESSED balance 944.0
2014-10-14 01:33:47,607 [Client.java:pool-1-thread-1:103] - citi::client1:: Reply from bank : reqID citi.client3.26 outcome INSUFFICIENTFUNDS balance 0.0
2014-10-14 01:33:47,613 [Client.java:pool-1-thread-2:103] - citi::client1:: Reply from bank : reqID citi.client3.27 outcome PROCESSED balance 434.0
2014-10-14 01:33:47,621 [Client.java:pool-1-thread-1:103] - citi::client1:: Reply from bank : reqID citi.client3.28 outcome PROCESSED balance 558.0
2014-10-14 01:33:47,626 [Client.java:pool-1-thread-2:103] - citi::client1:: Reply from bank : reqID citi.client3.25 outcome INSUFFICIENTFUNDS balance 0.0
2014-10-14 01:33:47,631 [Client.java:pool-1-thread-1:103] - citi::client1:: Reply from bank : reqID citi.client3.29 outcome PROCESSED balance 762.0
2014-10-14 01:33:47,637 [Client.java:pool-1-thread-2:103] - citi::client1:: Reply from bank : reqID icici.client1.3 outcome INSUFFICIENTFUNDS balance 0.0
2014-10-14 01:33:47,644 [Client.java:pool-1-thread-1:103] - citi::client1:: Reply from bank : reqID icici.client1.2 outcome PROCESSED balance 300.0
2014-10-14 01:33:47,650 [Client.java:pool-1-thread-2:103] - citi::client1:: Reply from bank : reqID icici.client2.2 outcome PROCESSED balance 200.0
2014-10-14 01:33:47,656 [Client.java:pool-1-thread-1:103] - citi::client1:: Reply from bank : reqID icici.client3.2 outcome PROCESSED balance 500.0
2014-10-14 01:33:47,661 [Client.java:pool-1-thread-2:103] - citi::client1:: Reply from bank : reqID icici.client3.3 outcome PROCESSED balance 300.0
2014-10-14 01:33:47,667 [Client.java:pool-1-thread-1:103] - citi::client1:: Reply from bank : reqID icici.client3.3 outcome INCONSISTENTWITHHISTORY balance 200.0
