2014-10-14 01:33:42,551 [ProcessSpawn.java:main:38] - ProcessSpawnNum of Banks for initiation: 2
2014-10-14 01:33:42,553 [ProcessSpawn.java:main:44] - ProcessSpawnbankname: citi
2014-10-14 01:33:42,553 [ProcessSpawn.java:main:48] - ProcessSpawnchainLength: 3
2014-10-14 01:33:42,571 [Server.java:main:563] - citi::tail::server3::  Server started as TAIL
2014-10-14 01:33:42,577 [Server.java:main:551] - citi::tail::server3:: Udp server at ip 127.0.0.1 port: 9878 started..
2014-10-14 01:33:42,588 [Server.java:main:563] - citi::::server2::  Server started as NORMAL
2014-10-14 01:33:42,593 [Server.java:main:563] - citi::head::server1::  Server started as HEAD
2014-10-14 01:33:42,594 [Server.java:main:524] - citi::head::server1:: HEAD::udp for client started at ip 127.0.0.1 port: 9876
2014-10-14 01:33:42,595 [ProcessSpawn.java:main:44] - ProcessSpawnbankname: tfcu
2014-10-14 01:33:42,595 [ProcessSpawn.java:main:48] - ProcessSpawnchainLength: 2
2014-10-14 01:33:42,596 [Server.java:main:563] - tfcu::tail::server2::  Server started as TAIL
2014-10-14 01:33:42,597 [Server.java:main:551] - tfcu::tail::server2:: Udp server at ip 127.0.0.1 port: 9880 started..
2014-10-14 01:33:42,598 [Server.java:main:563] - tfcu::head::server1::  Server started as HEAD
2014-10-14 01:33:42,598 [Server.java:main:524] - tfcu::head::server1:: HEAD::udp for client started at ip 127.0.0.1 port: 9879
2014-10-14 01:33:46,993 [Server.java:pool-6-thread-1:445] - citi::head::server1:: Received client Update request..127.0.0.1 port 58419
2014-10-14 01:33:47,026 [Server.java:pool-2-thread-1:388] - citi::tail::server3:: Received client Query request..127.0.0.1 port 58421
2014-10-14 01:33:47,265 [Server.java:pool-6-thread-1:379] - citi::head::server1:: ProcessRequest method called..citi.client1.0
2014-10-14 01:33:47,266 [Server.java:pool-2-thread-1:419] - citi::tail::server3:: tail account is null
2014-10-14 01:33:47,266 [Server.java:pool-2-thread-1:360] - citi::tail::server3:: New Account created with account no : 92783
2014-10-14 01:33:47,266 [Server.java:pool-6-thread-1:360] - citi::head::server1:: New Account created with account no : 51659
2014-10-14 01:33:47,268 [Server.java:pool-6-thread-1:453] - citi::head::server1:: Received Request No -citi.client1.0
2014-10-14 01:33:47,268 [Server.java:pool-6-thread-1:295] - citi::head::server1:: ReqId: citi.client1.0Sendin sync to successor
2014-10-14 01:33:47,286 [Server.java:pool-2-thread-1:440] - citi::tail::server3:: Client qurey replied..
2014-10-14 01:33:47,288 [Server.java:pool-2-thread-1:388] - citi::tail::server3:: Received client Query request..127.0.0.1 port 58429
2014-10-14 01:33:47,290 [Server.java:pool-2-thread-1:419] - citi::tail::server3:: tail account is null
2014-10-14 01:33:47,290 [Server.java:pool-2-thread-1:360] - citi::tail::server3:: New Account created with account no : 3853
2014-10-14 01:33:47,294 [Server.java:pool-2-thread-1:440] - citi::tail::server3:: Client qurey replied..
2014-10-14 01:33:47,294 [Server.java:pool-2-thread-2:388] - citi::tail::server3:: Received client Query request..127.0.0.1 port 58424
2014-10-14 01:33:47,296 [Server.java:pool-2-thread-2:419] - citi::tail::server3:: tail account is null
2014-10-14 01:33:47,297 [Server.java:pool-2-thread-2:360] - citi::tail::server3:: New Account created with account no : 73874
2014-10-14 01:33:47,300 [Server.java:pool-2-thread-2:440] - citi::tail::server3:: Client qurey replied..
2014-10-14 01:33:47,303 [Server.java:pool-2-thread-2:388] - citi::tail::server3:: Received client Query request..127.0.0.1 port 58425
2014-10-14 01:33:47,305 [Server.java:pool-6-thread-2:445] - citi::head::server1:: Received client Update request..127.0.0.1 port 58420
2014-10-14 01:33:47,308 [Server.java:pool-6-thread-2:379] - citi::head::server1:: ProcessRequest method called..citi.client1.1
2014-10-14 01:33:47,308 [Server.java:pool-2-thread-2:419] - citi::tail::server3:: tail account is null
2014-10-14 01:33:47,308 [Server.java:pool-6-thread-2:360] - citi::head::server1:: New Account created with account no : 85299
2014-10-14 01:33:47,308 [Server.java:pool-2-thread-2:360] - citi::tail::server3:: New Account created with account no : 79067
2014-10-14 01:33:47,309 [Server.java:pool-6-thread-2:268] - citi::head::server1:: ReqId: citi.client1.1-Deposit operation complete new balance is : 342.0
2014-10-14 01:33:47,309 [Server.java:pool-6-thread-2:453] - citi::head::server1:: Received Request No -citi.client1.1
2014-10-14 01:33:47,309 [Server.java:pool-6-thread-2:295] - citi::head::server1:: ReqId: citi.client1.1Sendin sync to successor
2014-10-14 01:33:47,311 [Server.java:pool-2-thread-2:440] - citi::tail::server3:: Client qurey replied..
2014-10-14 01:33:47,311 [Server.java:pool-6-thread-1:445] - citi::head::server1:: Received client Update request..127.0.0.1 port 58423
2014-10-14 01:33:47,312 [Server.java:pool-3-thread-1:470] - citi::::server2:: Sync from predecessor {"operationType":"WITHDRAW","reqID":"citi.client1.0","accountNum":51659,"amount":786.0,"replyPort":0}
2014-10-14 01:33:47,314 [Server.java:pool-6-thread-1:379] - citi::head::server1:: ProcessRequest method called..citi.client1.4
2014-10-14 01:33:47,315 [Server.java:pool-6-thread-1:360] - citi::head::server1:: New Account created with account no : 85238
2014-10-14 01:33:47,315 [Server.java:pool-6-thread-1:268] - citi::head::server1:: ReqId: citi.client1.4-Deposit operation complete new balance is : 836.0
2014-10-14 01:33:47,314 [Server.java:pool-3-thread-1:379] - citi::::server2:: ProcessRequest method called..citi.client1.0
2014-10-14 01:33:47,315 [Server.java:pool-6-thread-1:453] - citi::head::server1:: Received Request No -citi.client1.4
2014-10-14 01:33:47,316 [Server.java:pool-6-thread-1:295] - citi::head::server1:: ReqId: citi.client1.4Sendin sync to successor
2014-10-14 01:33:47,315 [Server.java:pool-3-thread-1:360] - citi::::server2:: New Account created with account no : 51659
2014-10-14 01:33:47,316 [Server.java:pool-3-thread-1:295] - citi::::server2:: ReqId: citi.client1.0Sendin sync to successor
2014-10-14 01:33:47,324 [Server.java:pool-2-thread-1:388] - citi::tail::server3:: Received client Query request..127.0.0.1 port 58430
2014-10-14 01:33:47,327 [Server.java:pool-3-thread-2:470] - citi::::server2:: Sync from predecessor {"operationType":"DEPOSIT","reqID":"citi.client1.1","accountNum":85299,"amount":342.0,"replyPort":0}
2014-10-14 01:33:47,330 [Server.java:pool-3-thread-2:379] - citi::::server2:: ProcessRequest method called..citi.client1.1
2014-10-14 01:33:47,333 [Server.java:pool-3-thread-2:360] - citi::::server2:: New Account created with account no : 85299
2014-10-14 01:33:47,333 [Server.java:pool-3-thread-2:268] - citi::::server2:: ReqId: citi.client1.1-Deposit operation complete new balance is : 342.0
2014-10-14 01:33:47,333 [Server.java:pool-3-thread-2:295] - citi::::server2:: ReqId: citi.client1.1Sendin sync to successor
2014-10-14 01:33:47,335 [Server.java:pool-2-thread-1:419] - citi::tail::server3:: tail account is null
2014-10-14 01:33:47,335 [Server.java:pool-2-thread-1:360] - citi::tail::server3:: New Account created with account no : 59844
2014-10-14 01:33:47,336 [Server.java:pool-6-thread-2:445] - citi::head::server1:: Received client Update request..127.0.0.1 port 58426
2014-10-14 01:33:47,341 [Server.java:pool-6-thread-2:379] - citi::head::server1:: ProcessRequest method called..citi.client1.7
2014-10-14 01:33:47,341 [Server.java:pool-6-thread-2:360] - citi::head::server1:: New Account created with account no : 12341
2014-10-14 01:33:47,342 [Server.java:pool-6-thread-2:268] - citi::head::server1:: ReqId: citi.client1.7-Deposit operation complete new balance is : 533.0
2014-10-14 01:33:47,342 [Server.java:pool-6-thread-2:453] - citi::head::server1:: Received Request No -citi.client1.7
2014-10-14 01:33:47,342 [Server.java:pool-6-thread-2:295] - citi::head::server1:: ReqId: citi.client1.7Sendin sync to successor
2014-10-14 01:33:47,345 [Server.java:pool-2-thread-1:440] - citi::tail::server3:: Client qurey replied..
2014-10-14 01:33:47,345 [Server.java:pool-1-thread-1:470] - citi::tail::server3:: Sync from predecessor {"operationType":"WITHDRAW","reqID":"citi.client1.0","accountNum":51659,"amount":786.0,"replyPort":0}
2014-10-14 01:33:47,346 [Server.java:pool-3-thread-3:470] - citi::::server2:: Sync from predecessor {"operationType":"DEPOSIT","reqID":"citi.client1.4","accountNum":85238,"amount":836.0,"replyPort":0}
2014-10-14 01:33:47,346 [Server.java:pool-6-thread-1:445] - citi::head::server1:: Received client Update request..127.0.0.1 port 58422
2014-10-14 01:33:47,351 [Server.java:pool-6-thread-1:379] - citi::head::server1:: ProcessRequest method called..citi.client1.3
2014-10-14 01:33:47,351 [Server.java:pool-1-thread-1:379] - citi::tail::server3:: ProcessRequest method called..citi.client1.0
2014-10-14 01:33:47,351 [Server.java:pool-6-thread-1:360] - citi::head::server1:: New Account created with account no : 75821
2014-10-14 01:33:47,352 [Server.java:pool-6-thread-1:453] - citi::head::server1:: Received Request No -citi.client1.3
2014-10-14 01:33:47,352 [Server.java:pool-6-thread-1:295] - citi::head::server1:: ReqId: citi.client1.3Sendin sync to successor
2014-10-14 01:33:47,351 [Server.java:pool-1-thread-1:360] - citi::tail::server3:: New Account created with account no : 51659
2014-10-14 01:33:47,357 [Server.java:pool-1-thread-1:495] - citi::tail::server3::  ReqId: citi.client1.0 Sending reply to client and ack to predecessor
2014-10-14 01:33:47,357 [Server.java:pool-3-thread-3:379] - citi::::server2:: ProcessRequest method called..citi.client1.4
2014-10-14 01:33:47,359 [Server.java:pool-3-thread-3:360] - citi::::server2:: New Account created with account no : 85238
2014-10-14 01:33:47,357 [Server.java:pool-6-thread-1:445] - citi::head::server1:: Received client Update request..127.0.0.1 port 58428
2014-10-14 01:33:47,359 [Server.java:pool-3-thread-3:268] - citi::::server2:: ReqId: citi.client1.4-Deposit operation complete new balance is : 836.0
2014-10-14 01:33:47,359 [Server.java:pool-3-thread-3:295] - citi::::server2:: ReqId: citi.client1.4Sendin sync to successor
2014-10-14 01:33:47,358 [Server.java:pool-1-thread-1:312] - citi::tail::server3::  ReqId: citi.client1.0Reply to client : /127.0.0.1 port:9999
2014-10-14 01:33:47,362 [Server.java:pool-6-thread-1:379] - citi::head::server1:: ProcessRequest method called..citi.client1.9
2014-10-14 01:33:47,362 [Server.java:pool-6-thread-1:360] - citi::head::server1:: New Account created with account no : 29508
2014-10-14 01:33:47,362 [Server.java:pool-3-thread-4:470] - citi::::server2:: Sync from predecessor {"operationType":"DEPOSIT","reqID":"citi.client1.7","accountNum":12341,"amount":533.0,"replyPort":0}
2014-10-14 01:33:47,362 [Server.java:pool-6-thread-1:268] - citi::head::server1:: ReqId: citi.client1.9-Deposit operation complete new balance is : 535.0
2014-10-14 01:33:47,362 [Server.java:pool-6-thread-1:453] - citi::head::server1:: Received Request No -citi.client1.9
2014-10-14 01:33:47,363 [Server.java:pool-6-thread-1:295] - citi::head::server1:: ReqId: citi.client1.9Sendin sync to successor
2014-10-14 01:33:47,364 [Server.java:pool-1-thread-1:337] - citi::tail::server3:: ReplyToClient success
2014-10-14 01:33:47,365 [Server.java:pool-1-thread-1:103] - citi::tail::server3:: Sending ack to predecessor
2014-10-14 01:33:47,365 [Server.java:pool-6-thread-2:445] - citi::head::server1:: Received client Update request..127.0.0.1 port 58427
2014-10-14 01:33:47,365 [Server.java:pool-3-thread-4:379] - citi::::server2:: ProcessRequest method called..citi.client1.7
2014-10-14 01:33:47,365 [Server.java:pool-3-thread-4:360] - citi::::server2:: New Account created with account no : 12341
2014-10-14 01:33:47,366 [Server.java:pool-3-thread-4:268] - citi::::server2:: ReqId: citi.client1.7-Deposit operation complete new balance is : 533.0
2014-10-14 01:33:47,366 [Server.java:pool-3-thread-4:295] - citi::::server2:: ReqId: citi.client1.7Sendin sync to successor
2014-10-14 01:33:47,366 [Server.java:pool-2-thread-2:388] - citi::tail::server3:: Received client Query request..127.0.0.1 port 58441
2014-10-14 01:33:47,368 [Server.java:pool-6-thread-2:379] - citi::head::server1:: ProcessRequest method called..citi.client1.8
2014-10-14 01:33:47,368 [Server.java:pool-6-thread-2:360] - citi::head::server1:: New Account created with account no : 20256
2014-10-14 01:33:47,369 [Server.java:pool-6-thread-2:268] - citi::head::server1:: ReqId: citi.client1.8-Deposit operation complete new balance is : 637.0
2014-10-14 01:33:47,369 [Server.java:pool-6-thread-2:453] - citi::head::server1:: Received Request No -citi.client1.8
2014-10-14 01:33:47,369 [Server.java:pool-6-thread-2:295] - citi::head::server1:: ReqId: citi.client1.8Sendin sync to successor
2014-10-14 01:33:47,372 [Server.java:pool-6-thread-2:445] - citi::head::server1:: Received client Update request..127.0.0.1 port 58434
2014-10-14 01:33:47,373 [Server.java:pool-2-thread-2:419] - citi::tail::server3:: tail account is null
2014-10-14 01:33:47,374 [Server.java:pool-2-thread-2:360] - citi::tail::server3:: New Account created with account no : 65235
2014-10-14 01:33:47,374 [Server.java:pool-4-thread-1:510] - citi::::server2:: Received ack from predecessor- ReqId: citi.client1.7
2014-10-14 01:33:47,374 [Server.java:pool-4-thread-1:103] - citi::::server2:: Sending ack to predecessor
2014-10-14 01:33:47,375 [Server.java:pool-3-thread-5:470] - citi::::server2:: Sync from predecessor {"operationType":"WITHDRAW","reqID":"citi.client1.3","accountNum":75821,"amount":570.0,"replyPort":0}
2014-10-14 01:33:47,378 [Server.java:pool-6-thread-2:379] - citi::head::server1:: ProcessRequest method called..citi.client2.15
2014-10-14 01:33:47,378 [Server.java:pool-2-thread-2:440] - citi::tail::server3:: Client qurey replied..
2014-10-14 01:33:47,378 [Server.java:pool-6-thread-2:360] - citi::head::server1:: New Account created with account no : 23870
2014-10-14 01:33:47,378 [Server.java:pool-2-thread-2:388] - citi::tail::server3:: Received client Query request..127.0.0.1 port 58440
2014-10-14 01:33:47,378 [Server.java:pool-6-thread-2:453] - citi::head::server1:: Received Request No -citi.client2.15
2014-10-14 01:33:47,379 [Server.java:pool-6-thread-2:295] - citi::head::server1:: ReqId: citi.client2.15Sendin sync to successor
2014-10-14 01:33:47,380 [Server.java:pool-3-thread-5:379] - citi::::server2:: ProcessRequest method called..citi.client1.3
2014-10-14 01:33:47,381 [Server.java:pool-3-thread-5:360] - citi::::server2:: New Account created with account no : 75821
2014-10-14 01:33:47,381 [Server.java:pool-3-thread-5:295] - citi::::server2:: ReqId: citi.client1.3Sendin sync to successor
2014-10-14 01:33:47,381 [Server.java:pool-2-thread-2:419] - citi::tail::server3:: tail account is null
2014-10-14 01:33:47,382 [Server.java:pool-2-thread-2:360] - citi::tail::server3:: New Account created with account no : 31591
2014-10-14 01:33:47,381 [Server.java:pool-5-thread-4:510] - citi::head::server1:: Received ack from predecessor- ReqId: citi.client2.15
2014-10-14 01:33:47,383 [Server.java:pool-5-thread-4:515] - citi::head::server1:: Ack received at HEAD
2014-10-14 01:33:47,383 [Server.java:pool-6-thread-1:445] - citi::head::server1:: Received client Update request..127.0.0.1 port 58432
2014-10-14 01:33:47,384 [Server.java:pool-3-thread-6:470] - citi::::server2:: Sync from predecessor {"operationType":"DEPOSIT","reqID":"citi.client1.9","accountNum":29508,"amount":535.0,"replyPort":0}
2014-10-14 01:33:47,385 [Server.java:pool-2-thread-2:440] - citi::tail::server3:: Client qurey replied..
2014-10-14 01:33:47,385 [Server.java:pool-2-thread-2:388] - citi::tail::server3:: Received client Query request..127.0.0.1 port 58433
2014-10-14 01:33:47,386 [Server.java:pool-6-thread-1:379] - citi::head::server1:: ProcessRequest method called..citi.client2.13
2014-10-14 01:33:47,386 [Server.java:pool-6-thread-1:360] - citi::head::server1:: New Account created with account no : 21273
2014-10-14 01:33:47,386 [Server.java:pool-6-thread-1:268] - citi::head::server1:: ReqId: citi.client2.13-Deposit operation complete new balance is : 305.0
2014-10-14 01:33:47,386 [Server.java:pool-6-thread-1:453] - citi::head::server1:: Received Request No -citi.client2.13
2014-10-14 01:33:47,386 [Server.java:pool-6-thread-1:295] - citi::head::server1:: ReqId: citi.client2.13Sendin sync to successor
2014-10-14 01:33:47,387 [Server.java:pool-3-thread-6:379] - citi::::server2:: ProcessRequest method called..citi.client1.9
2014-10-14 01:33:47,387 [Server.java:pool-3-thread-6:360] - citi::::server2:: New Account created with account no : 29508
2014-10-14 01:33:47,388 [Server.java:pool-3-thread-6:268] - citi::::server2:: ReqId: citi.client1.9-Deposit operation complete new balance is : 535.0
2014-10-14 01:33:47,388 [Server.java:pool-3-thread-6:295] - citi::::server2:: ReqId: citi.client1.9Sendin sync to successor
2014-10-14 01:33:47,388 [Server.java:pool-2-thread-2:419] - citi::tail::server3:: tail account is null
2014-10-14 01:33:47,389 [Server.java:pool-2-thread-2:360] - citi::tail::server3:: New Account created with account no : 85316
2014-10-14 01:33:47,389 [Server.java:pool-6-thread-2:445] - citi::head::server1:: Received client Update request..127.0.0.1 port 58431
2014-10-14 01:33:47,392 [Server.java:pool-2-thread-2:440] - citi::tail::server3:: Client qurey replied..
2014-10-14 01:33:47,393 [Server.java:pool-2-thread-2:388] - citi::tail::server3:: Received client Query request..127.0.0.1 port 58449
2014-10-14 01:33:47,395 [Server.java:pool-6-thread-2:379] - citi::head::server1:: ProcessRequest method called..citi.client2.12
2014-10-14 01:33:47,395 [Server.java:pool-2-thread-2:419] - citi::tail::server3:: tail account is null
2014-10-14 01:33:47,395 [Server.java:pool-6-thread-2:360] - citi::head::server1:: New Account created with account no : 24482
2014-10-14 01:33:47,396 [Server.java:pool-2-thread-2:360] - citi::tail::server3:: New Account created with account no : 123456
2014-10-14 01:33:47,396 [Server.java:pool-6-thread-2:268] - citi::head::server1:: ReqId: citi.client2.12-Deposit operation complete new balance is : 825.0
2014-10-14 01:33:47,396 [Server.java:pool-6-thread-2:453] - citi::head::server1:: Received Request No -citi.client2.12
2014-10-14 01:33:47,396 [Server.java:pool-6-thread-2:295] - citi::head::server1:: ReqId: citi.client2.12Sendin sync to successor
2014-10-14 01:33:47,398 [Server.java:pool-2-thread-2:440] - citi::tail::server3:: Client qurey replied..
2014-10-14 01:33:47,399 [Server.java:pool-6-thread-2:445] - citi::head::server1:: Received client Update request..127.0.0.1 port 58438
2014-10-14 01:33:47,399 [Server.java:pool-2-thread-2:388] - citi::tail::server3:: Received client Query request..127.0.0.1 port 58452
2014-10-14 01:33:47,401 [Server.java:pool-6-thread-2:379] - citi::head::server1:: ProcessRequest method called..citi.client2.19
2014-10-14 01:33:47,401 [Server.java:pool-2-thread-2:419] - citi::tail::server3:: tail account is null
2014-10-14 01:33:47,401 [Server.java:pool-6-thread-2:360] - citi::head::server1:: New Account created with account no : 92839
2014-10-14 01:33:47,402 [Server.java:pool-2-thread-2:360] - citi::tail::server3:: New Account created with account no : 123457
2014-10-14 01:33:47,402 [Server.java:pool-6-thread-2:268] - citi::head::server1:: ReqId: citi.client2.19-Deposit operation complete new balance is : 75.0
2014-10-14 01:33:47,402 [Server.java:pool-6-thread-2:453] - citi::head::server1:: Received Request No -citi.client2.19
2014-10-14 01:33:47,402 [Server.java:pool-6-thread-2:295] - citi::head::server1:: ReqId: citi.client2.19Sendin sync to successor
2014-10-14 01:33:47,403 [Server.java:pool-3-thread-7:470] - citi::::server2:: Sync from predecessor {"operationType":"DEPOSIT","reqID":"citi.client1.8","accountNum":20256,"amount":637.0,"replyPort":0}
2014-10-14 01:33:47,404 [Server.java:pool-2-thread-2:440] - citi::tail::server3:: Client qurey replied..
2014-10-14 01:33:47,405 [Server.java:pool-6-thread-2:445] - citi::head::server1:: Received client Update request..127.0.0.1 port 58436
2014-10-14 01:33:47,405 [Server.java:pool-2-thread-2:388] - citi::tail::server3:: Received client Query request..127.0.0.1 port 58455
2014-10-14 01:33:47,406 [Server.java:pool-3-thread-7:379] - citi::::server2:: ProcessRequest method called..citi.client1.8
2014-10-14 01:33:47,406 [Server.java:pool-3-thread-7:360] - citi::::server2:: New Account created with account no : 20256
2014-10-14 01:33:47,406 [Server.java:pool-3-thread-7:268] - citi::::server2:: ReqId: citi.client1.8-Deposit operation complete new balance is : 637.0
2014-10-14 01:33:47,407 [Server.java:pool-3-thread-7:295] - citi::::server2:: ReqId: citi.client1.8Sendin sync to successor
2014-10-14 01:33:47,408 [Server.java:pool-6-thread-2:379] - citi::head::server1:: ProcessRequest method called..citi.client2.17
2014-10-14 01:33:47,408 [Server.java:pool-6-thread-2:360] - citi::head::server1:: New Account created with account no : 89041
2014-10-14 01:33:47,408 [Server.java:pool-6-thread-2:268] - citi::head::server1:: ReqId: citi.client2.17-Deposit operation complete new balance is : 484.0
2014-10-14 01:33:47,408 [Server.java:pool-6-thread-2:453] - citi::head::server1:: Received Request No -citi.client2.17
2014-10-14 01:33:47,408 [Server.java:pool-6-thread-2:295] - citi::head::server1:: ReqId: citi.client2.17Sendin sync to successor
2014-10-14 01:33:47,410 [Server.java:pool-3-thread-9:470] - citi::::server2:: Sync from predecessor {"operationType":"WITHDRAW","reqID":"citi.client2.15","accountNum":23870,"amount":914.0,"replyPort":0}
2014-10-14 01:33:47,411 [Server.java:pool-6-thread-1:445] - citi::head::server1:: Received client Update request..127.0.0.1 port 58442
2014-10-14 01:33:47,411 [Server.java:pool-2-thread-2:419] - citi::tail::server3:: tail account is null
2014-10-14 01:33:47,411 [Server.java:pool-2-thread-2:360] - citi::tail::server3:: New Account created with account no : 123458
2014-10-14 01:33:47,414 [Server.java:pool-3-thread-9:379] - citi::::server2:: ProcessRequest method called..citi.client2.15
2014-10-14 01:33:47,414 [Server.java:pool-2-thread-2:440] - citi::tail::server3:: Client qurey replied..
2014-10-14 01:33:47,414 [Server.java:pool-6-thread-1:379] - citi::head::server1:: ProcessRequest method called..citi.client3.23
2014-10-14 01:33:47,415 [Server.java:pool-6-thread-1:360] - citi::head::server1:: New Account created with account no : 7476
2014-10-14 01:33:47,415 [Server.java:pool-6-thread-1:268] - citi::head::server1:: ReqId: citi.client3.23-Deposit operation complete new balance is : 680.0
2014-10-14 01:33:47,415 [Server.java:pool-1-thread-2:470] - citi::tail::server3:: Sync from predecessor {"operationType":"DEPOSIT","reqID":"citi.client1.1","accountNum":85299,"amount":342.0,"replyPort":0}
2014-10-14 01:33:47,414 [Server.java:pool-3-thread-9:360] - citi::::server2:: New Account created with account no : 23870
2014-10-14 01:33:47,418 [Server.java:pool-3-thread-9:295] - citi::::server2:: ReqId: citi.client2.15Sendin sync to successor
2014-10-14 01:33:47,415 [Server.java:pool-6-thread-1:453] - citi::head::server1:: Received Request No -citi.client3.23
2014-10-14 01:33:47,419 [Server.java:pool-6-thread-1:295] - citi::head::server1:: ReqId: citi.client3.23Sendin sync to successor
2014-10-14 01:33:47,419 [Server.java:pool-1-thread-2:379] - citi::tail::server3:: ProcessRequest method called..citi.client1.1
2014-10-14 01:33:47,419 [Server.java:pool-1-thread-2:360] - citi::tail::server3:: New Account created with account no : 85299
2014-10-14 01:33:47,420 [Server.java:pool-1-thread-2:268] - citi::tail::server3:: ReqId: citi.client1.1-Deposit operation complete new balance is : 342.0
2014-10-14 01:33:47,420 [Server.java:pool-1-thread-2:495] - citi::tail::server3::  ReqId: citi.client1.1 Sending reply to client and ack to predecessor
2014-10-14 01:33:47,420 [Server.java:pool-1-thread-2:312] - citi::tail::server3::  ReqId: citi.client1.1Reply to client : /127.0.0.1 port:9999
2014-10-14 01:33:47,420 [Server.java:pool-3-thread-10:470] - citi::::server2:: Sync from predecessor {"operationType":"DEPOSIT","reqID":"citi.client2.13","accountNum":21273,"amount":305.0,"replyPort":0}
2014-10-14 01:33:47,422 [Server.java:pool-6-thread-2:445] - citi::head::server1:: Received client Update request..127.0.0.1 port 58437
2014-10-14 01:33:47,423 [Server.java:pool-1-thread-2:337] - citi::tail::server3:: ReplyToClient success
2014-10-14 01:33:47,423 [Server.java:pool-1-thread-2:103] - citi::tail::server3:: Sending ack to predecessor
2014-10-14 01:33:47,423 [Server.java:pool-3-thread-10:379] - citi::::server2:: ProcessRequest method called..citi.client2.13
2014-10-14 01:33:47,424 [Server.java:pool-3-thread-10:360] - citi::::server2:: New Account created with account no : 21273
2014-10-14 01:33:47,424 [Server.java:pool-3-thread-10:268] - citi::::server2:: ReqId: citi.client2.13-Deposit operation complete new balance is : 305.0
2014-10-14 01:33:47,424 [Server.java:pool-3-thread-10:295] - citi::::server2:: ReqId: citi.client2.13Sendin sync to successor
2014-10-14 01:33:47,425 [Server.java:pool-6-thread-2:379] - citi::head::server1:: ProcessRequest method called..citi.client2.18
2014-10-14 01:33:47,426 [Server.java:pool-6-thread-2:360] - citi::head::server1:: New Account created with account no : 49519
2014-10-14 01:33:47,426 [Server.java:pool-6-thread-2:453] - citi::head::server1:: Received Request No -citi.client2.18
2014-10-14 01:33:47,426 [Server.java:pool-6-thread-2:295] - citi::head::server1:: ReqId: citi.client2.18Sendin sync to successor
2014-10-14 01:33:47,427 [Server.java:pool-3-thread-1:470] - citi::::server2:: Sync from predecessor {"operationType":"DEPOSIT","reqID":"citi.client2.12","accountNum":24482,"amount":825.0,"replyPort":0}
2014-10-14 01:33:47,429 [Server.java:pool-6-thread-1:445] - citi::head::server1:: Received client Update request..127.0.0.1 port 58435
2014-10-14 01:33:47,429 [Server.java:pool-3-thread-1:379] - citi::::server2:: ProcessRequest method called..citi.client2.12
2014-10-14 01:33:47,429 [Server.java:pool-3-thread-1:360] - citi::::server2:: New Account created with account no : 24482
2014-10-14 01:33:47,430 [Server.java:pool-3-thread-1:268] - citi::::server2:: ReqId: citi.client2.12-Deposit operation complete new balance is : 825.0
2014-10-14 01:33:47,430 [Server.java:pool-3-thread-1:295] - citi::::server2:: ReqId: citi.client2.12Sendin sync to successor
2014-10-14 01:33:47,425 [Server.java:pool-2-thread-1:388] - citi::tail::server3:: Received client Query request..127.0.0.1 port 58439
2014-10-14 01:33:47,431 [Server.java:pool-6-thread-1:379] - citi::head::server1:: ProcessRequest method called..citi.client2.16
2014-10-14 01:33:47,431 [Server.java:pool-6-thread-1:360] - citi::head::server1:: New Account created with account no : 1566
2014-10-14 01:33:47,432 [Server.java:pool-6-thread-1:268] - citi::head::server1:: ReqId: citi.client2.16-Deposit operation complete new balance is : 722.0
2014-10-14 01:33:47,432 [Server.java:pool-6-thread-1:453] - citi::head::server1:: Received Request No -citi.client2.16
2014-10-14 01:33:47,432 [Server.java:pool-6-thread-1:295] - citi::head::server1:: ReqId: citi.client2.16Sendin sync to successor
2014-10-14 01:33:47,432 [Server.java:pool-3-thread-2:470] - citi::::server2:: Sync from predecessor {"operationType":"DEPOSIT","reqID":"citi.client2.19","accountNum":92839,"amount":75.0,"replyPort":0}
2014-10-14 01:33:47,433 [Server.java:pool-2-thread-1:419] - citi::tail::server3:: tail account is null
2014-10-14 01:33:47,433 [Server.java:pool-2-thread-1:360] - citi::tail::server3:: New Account created with account no : 60168
2014-10-14 01:33:47,435 [Server.java:pool-3-thread-2:379] - citi::::server2:: ProcessRequest method called..citi.client2.19
2014-10-14 01:33:47,435 [Server.java:pool-3-thread-2:360] - citi::::server2:: New Account created with account no : 92839
2014-10-14 01:33:47,435 [Server.java:pool-6-thread-2:445] - citi::head::server1:: Received client Update request..127.0.0.1 port 58443
2014-10-14 01:33:47,436 [Server.java:pool-2-thread-1:440] - citi::tail::server3:: Client qurey replied..
2014-10-14 01:33:47,436 [Server.java:pool-3-thread-2:268] - citi::::server2:: ReqId: citi.client2.19-Deposit operation complete new balance is : 75.0
2014-10-14 01:33:47,436 [Server.java:pool-3-thread-2:295] - citi::::server2:: ReqId: citi.client2.19Sendin sync to successor
2014-10-14 01:33:47,438 [Server.java:pool-6-thread-2:379] - citi::head::server1:: ProcessRequest method called..citi.client3.24
2014-10-14 01:33:47,438 [Server.java:pool-6-thread-2:360] - citi::head::server1:: New Account created with account no : 10882
2014-10-14 01:33:47,439 [Server.java:pool-6-thread-2:268] - citi::head::server1:: ReqId: citi.client3.24-Deposit operation complete new balance is : 944.0
2014-10-14 01:33:47,439 [Server.java:pool-6-thread-2:453] - citi::head::server1:: Received Request No -citi.client3.24
2014-10-14 01:33:47,439 [Server.java:pool-6-thread-2:295] - citi::head::server1:: ReqId: citi.client3.24Sendin sync to successor
2014-10-14 01:33:47,440 [Server.java:pool-4-thread-2:510] - citi::::server2:: Received ack from predecessor- ReqId: citi.client2.19
2014-10-14 01:33:47,440 [Server.java:pool-4-thread-2:103] - citi::::server2:: Sending ack to predecessor
2014-10-14 01:33:47,441 [Server.java:pool-3-thread-3:470] - citi::::server2:: Sync from predecessor {"operationType":"DEPOSIT","reqID":"citi.client2.17","accountNum":89041,"amount":484.0,"replyPort":0}
2014-10-14 01:33:47,441 [Server.java:pool-1-thread-3:470] - citi::tail::server3:: Sync from predecessor {"operationType":"DEPOSIT","reqID":"citi.client1.4","accountNum":85238,"amount":836.0,"replyPort":0}
2014-10-14 01:33:47,444 [Server.java:pool-3-thread-3:379] - citi::::server2:: ProcessRequest method called..citi.client2.17
2014-10-14 01:33:47,444 [Server.java:pool-3-thread-3:360] - citi::::server2:: New Account created with account no : 89041
2014-10-14 01:33:47,444 [Server.java:pool-3-thread-3:268] - citi::::server2:: ReqId: citi.client2.17-Deposit operation complete new balance is : 484.0
2014-10-14 01:33:47,444 [Server.java:pool-3-thread-3:295] - citi::::server2:: ReqId: citi.client2.17Sendin sync to successor
2014-10-14 01:33:47,446 [Server.java:pool-6-thread-2:445] - citi::head::server1:: Received client Update request..127.0.0.1 port 58445
2014-10-14 01:33:47,447 [Server.java:pool-3-thread-4:470] - citi::::server2:: Sync from predecessor {"operationType":"DEPOSIT","reqID":"citi.client3.23","accountNum":7476,"amount":680.0,"replyPort":0}
2014-10-14 01:33:47,449 [Server.java:pool-6-thread-2:379] - citi::head::server1:: ProcessRequest method called..citi.client3.26
2014-10-14 01:33:47,449 [Server.java:pool-6-thread-2:360] - citi::head::server1:: New Account created with account no : 71508
2014-10-14 01:33:47,449 [Server.java:pool-6-thread-2:453] - citi::head::server1:: Received Request No -citi.client3.26
2014-10-14 01:33:47,449 [Server.java:pool-6-thread-2:295] - citi::head::server1:: ReqId: citi.client3.26Sendin sync to successor
2014-10-14 01:33:47,450 [Server.java:pool-3-thread-4:379] - citi::::server2:: ProcessRequest method called..citi.client3.23
2014-10-14 01:33:47,450 [Server.java:pool-3-thread-4:360] - citi::::server2:: New Account created with account no : 7476
2014-10-14 01:33:47,450 [Server.java:pool-3-thread-4:268] - citi::::server2:: ReqId: citi.client3.23-Deposit operation complete new balance is : 680.0
2014-10-14 01:33:47,450 [Server.java:pool-3-thread-4:295] - citi::::server2:: ReqId: citi.client3.23Sendin sync to successor
2014-10-14 01:33:47,444 [Server.java:pool-1-thread-3:379] - citi::tail::server3:: ProcessRequest method called..citi.client1.4
2014-10-14 01:33:47,458 [Server.java:pool-1-thread-3:360] - citi::tail::server3:: New Account created with account no : 85238
2014-10-14 01:33:47,459 [Server.java:pool-1-thread-3:268] - citi::tail::server3:: ReqId: citi.client1.4-Deposit operation complete new balance is : 836.0
2014-10-14 01:33:47,459 [Server.java:pool-1-thread-3:495] - citi::tail::server3::  ReqId: citi.client1.4 Sending reply to client and ack to predecessor
2014-10-14 01:33:47,459 [Server.java:pool-1-thread-3:312] - citi::tail::server3::  ReqId: citi.client1.4Reply to client : /127.0.0.1 port:9999
2014-10-14 01:33:47,457 [Server.java:pool-3-thread-8:470] - citi::::server2:: Sync from predecessor {"operationType":"WITHDRAW","reqID":"citi.client2.18","accountNum":49519,"amount":587.0,"replyPort":0}
2014-10-14 01:33:47,462 [Server.java:pool-3-thread-8:379] - citi::::server2:: ProcessRequest method called..citi.client2.18
2014-10-14 01:33:47,463 [Server.java:pool-3-thread-8:360] - citi::::server2:: New Account created with account no : 49519
2014-10-14 01:33:47,463 [Server.java:pool-3-thread-8:295] - citi::::server2:: ReqId: citi.client2.18Sendin sync to successor
2014-10-14 01:33:47,466 [Server.java:pool-3-thread-2:470] - citi::::server2:: Sync from predecessor {"operationType":"DEPOSIT","reqID":"citi.client2.16","accountNum":1566,"amount":722.0,"replyPort":0}
2014-10-14 01:33:47,469 [Server.java:pool-3-thread-2:379] - citi::::server2:: ProcessRequest method called..citi.client2.16
2014-10-14 01:33:47,469 [Server.java:pool-3-thread-2:360] - citi::::server2:: New Account created with account no : 1566
2014-10-14 01:33:47,470 [Server.java:pool-3-thread-2:268] - citi::::server2:: ReqId: citi.client2.16-Deposit operation complete new balance is : 722.0
2014-10-14 01:33:47,470 [Server.java:pool-3-thread-2:295] - citi::::server2:: ReqId: citi.client2.16Sendin sync to successor
2014-10-14 01:33:47,472 [Server.java:pool-3-thread-6:470] - citi::::server2:: Sync from predecessor {"operationType":"DEPOSIT","reqID":"citi.client3.24","accountNum":10882,"amount":944.0,"replyPort":0}
2014-10-14 01:33:47,455 [Server.java:pool-5-thread-1:510] - citi::head::server1:: Received ack from predecessor- ReqId: citi.client3.26
2014-10-14 01:33:47,475 [Server.java:pool-5-thread-1:515] - citi::head::server1:: Ack received at HEAD
2014-10-14 01:33:47,475 [Server.java:pool-6-thread-2:445] - citi::head::server1:: Received client Update request..127.0.0.1 port 58446
2014-10-14 01:33:47,477 [Server.java:pool-1-thread-3:337] - citi::tail::server3:: ReplyToClient success
2014-10-14 01:33:47,477 [Server.java:pool-1-thread-3:103] - citi::tail::server3:: Sending ack to predecessor
2014-10-14 01:33:47,478 [Server.java:pool-6-thread-2:379] - citi::head::server1:: ProcessRequest method called..citi.client3.27
2014-10-14 01:33:47,478 [Server.java:pool-1-thread-5:470] - citi::tail::server3:: Sync from predecessor {"operationType":"DEPOSIT","reqID":"citi.client1.7","accountNum":12341,"amount":533.0,"replyPort":0}
2014-10-14 01:33:47,478 [Server.java:pool-3-thread-6:379] - citi::::server2:: ProcessRequest method called..citi.client3.24
2014-10-14 01:33:47,478 [Server.java:pool-6-thread-2:360] - citi::head::server1:: New Account created with account no : 78135
2014-10-14 01:33:47,478 [Server.java:pool-6-thread-2:268] - citi::head::server1:: ReqId: citi.client3.27-Deposit operation complete new balance is : 434.0
2014-10-14 01:33:47,478 [Server.java:pool-6-thread-2:453] - citi::head::server1:: Received Request No -citi.client3.27
2014-10-14 01:33:47,479 [Server.java:pool-6-thread-2:295] - citi::head::server1:: ReqId: citi.client3.27Sendin sync to successor
2014-10-14 01:33:47,480 [Server.java:pool-1-thread-5:379] - citi::tail::server3:: ProcessRequest method called..citi.client1.7
2014-10-14 01:33:47,481 [Server.java:pool-1-thread-5:360] - citi::tail::server3:: New Account created with account no : 12341
2014-10-14 01:33:47,481 [Server.java:pool-1-thread-5:268] - citi::tail::server3:: ReqId: citi.client1.7-Deposit operation complete new balance is : 533.0
2014-10-14 01:33:47,481 [Server.java:pool-1-thread-5:495] - citi::tail::server3::  ReqId: citi.client1.7 Sending reply to client and ack to predecessor
2014-10-14 01:33:47,481 [Server.java:pool-1-thread-5:312] - citi::tail::server3::  ReqId: citi.client1.7Reply to client : /127.0.0.1 port:9999
2014-10-14 01:33:47,478 [Server.java:pool-3-thread-6:360] - citi::::server2:: New Account created with account no : 10882
2014-10-14 01:33:47,481 [Server.java:pool-6-thread-2:445] - citi::head::server1:: Received client Update request..127.0.0.1 port 58447
2014-10-14 01:33:47,482 [Server.java:pool-3-thread-6:268] - citi::::server2:: ReqId: citi.client3.24-Deposit operation complete new balance is : 944.0
2014-10-14 01:33:47,484 [Server.java:pool-3-thread-6:295] - citi::::server2:: ReqId: citi.client3.24Sendin sync to successor
2014-10-14 01:33:47,485 [Server.java:pool-6-thread-2:379] - citi::head::server1:: ProcessRequest method called..citi.client3.28
2014-10-14 01:33:47,485 [Server.java:pool-6-thread-2:360] - citi::head::server1:: New Account created with account no : 72926
2014-10-14 01:33:47,485 [Server.java:pool-6-thread-2:268] - citi::head::server1:: ReqId: citi.client3.28-Deposit operation complete new balance is : 558.0
2014-10-14 01:33:47,485 [Server.java:pool-6-thread-2:453] - citi::head::server1:: Received Request No -citi.client3.28
2014-10-14 01:33:47,486 [Server.java:pool-6-thread-2:295] - citi::head::server1:: ReqId: citi.client3.28Sendin sync to successor
2014-10-14 01:33:47,486 [Server.java:pool-1-thread-5:337] - citi::tail::server3:: ReplyToClient success
2014-10-14 01:33:47,486 [Server.java:pool-1-thread-5:103] - citi::tail::server3:: Sending ack to predecessor
2014-10-14 01:33:47,487 [Server.java:pool-1-thread-6:470] - citi::tail::server3:: Sync from predecessor {"operationType":"WITHDRAW","reqID":"citi.client1.3","accountNum":75821,"amount":570.0,"replyPort":0}
2014-10-14 01:33:47,488 [Server.java:pool-6-thread-1:445] - citi::head::server1:: Received client Update request..127.0.0.1 port 58444
2014-10-14 01:33:47,488 [Server.java:pool-3-thread-7:470] - citi::::server2:: Sync from predecessor {"operationType":"WITHDRAW","reqID":"citi.client3.26","accountNum":71508,"amount":955.0,"replyPort":0}
2014-10-14 01:33:47,490 [Server.java:pool-1-thread-6:379] - citi::tail::server3:: ProcessRequest method called..citi.client1.3
2014-10-14 01:33:47,490 [Server.java:pool-1-thread-6:360] - citi::tail::server3:: New Account created with account no : 75821
2014-10-14 01:33:47,490 [Server.java:pool-1-thread-6:495] - citi::tail::server3::  ReqId: citi.client1.3 Sending reply to client and ack to predecessor
2014-10-14 01:33:47,490 [Server.java:pool-3-thread-7:379] - citi::::server2:: ProcessRequest method called..citi.client3.26
2014-10-14 01:33:47,491 [Server.java:pool-1-thread-6:312] - citi::tail::server3::  ReqId: citi.client1.3Reply to client : /127.0.0.1 port:9999
2014-10-14 01:33:47,490 [Server.java:pool-6-thread-1:379] - citi::head::server1:: ProcessRequest method called..citi.client3.25
2014-10-14 01:33:47,491 [Server.java:pool-6-thread-1:360] - citi::head::server1:: New Account created with account no : 42598
2014-10-14 01:33:47,491 [Server.java:pool-6-thread-1:453] - citi::head::server1:: Received Request No -citi.client3.25
2014-10-14 01:33:47,491 [Server.java:pool-6-thread-1:295] - citi::head::server1:: ReqId: citi.client3.25Sendin sync to successor
2014-10-14 01:33:47,491 [Server.java:pool-3-thread-7:360] - citi::::server2:: New Account created with account no : 71508
2014-10-14 01:33:47,492 [Server.java:pool-3-thread-7:295] - citi::::server2:: ReqId: citi.client3.26Sendin sync to successor
2014-10-14 01:33:47,494 [Server.java:pool-3-thread-10:470] - citi::::server2:: Sync from predecessor {"operationType":"DEPOSIT","reqID":"citi.client3.27","accountNum":78135,"amount":434.0,"replyPort":0}
2014-10-14 01:33:47,494 [Server.java:pool-1-thread-6:337] - citi::tail::server3:: ReplyToClient success
2014-10-14 01:33:47,494 [Server.java:pool-6-thread-2:445] - citi::head::server1:: Received client Update request..127.0.0.1 port 58448
2014-10-14 01:33:47,497 [Server.java:pool-3-thread-10:379] - citi::::server2:: ProcessRequest method called..citi.client3.27
2014-10-14 01:33:47,495 [Server.java:pool-1-thread-6:103] - citi::tail::server3:: Sending ack to predecessor
2014-10-14 01:33:47,497 [Server.java:pool-3-thread-10:360] - citi::::server2:: New Account created with account no : 78135
2014-10-14 01:33:47,497 [Server.java:pool-6-thread-2:379] - citi::head::server1:: ProcessRequest method called..citi.client3.29
2014-10-14 01:33:47,498 [Server.java:pool-3-thread-10:268] - citi::::server2:: ReqId: citi.client3.27-Deposit operation complete new balance is : 434.0
2014-10-14 01:33:47,498 [Server.java:pool-1-thread-7:470] - citi::tail::server3:: Sync from predecessor {"operationType":"DEPOSIT","reqID":"citi.client1.9","accountNum":29508,"amount":535.0,"replyPort":0}
2014-10-14 01:33:47,498 [Server.java:pool-3-thread-10:295] - citi::::server2:: ReqId: citi.client3.27Sendin sync to successor
2014-10-14 01:33:47,498 [Server.java:pool-6-thread-2:360] - citi::head::server1:: New Account created with account no : 29991
2014-10-14 01:33:47,498 [Server.java:pool-6-thread-2:268] - citi::head::server1:: ReqId: citi.client3.29-Deposit operation complete new balance is : 762.0
2014-10-14 01:33:47,499 [Server.java:pool-6-thread-2:453] - citi::head::server1:: Received Request No -citi.client3.29
2014-10-14 01:33:47,499 [Server.java:pool-6-thread-2:295] - citi::head::server1:: ReqId: citi.client3.29Sendin sync to successor
2014-10-14 01:33:47,500 [Server.java:pool-1-thread-7:379] - citi::tail::server3:: ProcessRequest method called..citi.client1.9
2014-10-14 01:33:47,501 [Server.java:pool-1-thread-7:360] - citi::tail::server3:: New Account created with account no : 29508
2014-10-14 01:33:47,501 [Server.java:pool-1-thread-7:268] - citi::tail::server3:: ReqId: citi.client1.9-Deposit operation complete new balance is : 535.0
2014-10-14 01:33:47,501 [Server.java:pool-1-thread-7:495] - citi::tail::server3::  ReqId: citi.client1.9 Sending reply to client and ack to predecessor
2014-10-14 01:33:47,501 [Server.java:pool-6-thread-2:445] - citi::head::server1:: Received client Update request..127.0.0.1 port 58451
2014-10-14 01:33:47,501 [Server.java:pool-1-thread-7:312] - citi::tail::server3::  ReqId: citi.client1.9Reply to client : /127.0.0.1 port:9999
2014-10-14 01:33:47,502 [Server.java:pool-3-thread-1:470] - citi::::server2:: Sync from predecessor {"operationType":"DEPOSIT","reqID":"citi.client3.28","accountNum":72926,"amount":558.0,"replyPort":0}
2014-10-14 01:33:47,503 [Server.java:pool-6-thread-2:379] - citi::head::server1:: ProcessRequest method called..icici.client1.3
2014-10-14 01:33:47,504 [Server.java:pool-6-thread-2:360] - citi::head::server1:: New Account created with account no : 123456
2014-10-14 01:33:47,504 [Server.java:pool-6-thread-2:453] - citi::head::server1:: Received Request No -icici.client1.3
2014-10-14 01:33:47,504 [Server.java:pool-6-thread-2:295] - citi::head::server1:: ReqId: icici.client1.3Sendin sync to successor
2014-10-14 01:33:47,504 [Server.java:pool-1-thread-7:337] - citi::tail::server3:: ReplyToClient success
2014-10-14 01:33:47,505 [Server.java:pool-1-thread-7:103] - citi::tail::server3:: Sending ack to predecessor
2014-10-14 01:33:47,505 [Server.java:pool-3-thread-1:379] - citi::::server2:: ProcessRequest method called..citi.client3.28
2014-10-14 01:33:47,506 [Server.java:pool-3-thread-1:360] - citi::::server2:: New Account created with account no : 72926
2014-10-14 01:33:47,506 [Server.java:pool-3-thread-1:268] - citi::::server2:: ReqId: citi.client3.28-Deposit operation complete new balance is : 558.0
2014-10-14 01:33:47,506 [Server.java:pool-3-thread-1:295] - citi::::server2:: ReqId: citi.client3.28Sendin sync to successor
2014-10-14 01:33:47,507 [Server.java:pool-6-thread-1:445] - citi::head::server1:: Received client Update request..127.0.0.1 port 58450
2014-10-14 01:33:47,507 [Server.java:pool-1-thread-8:470] - citi::tail::server3:: Sync from predecessor {"operationType":"DEPOSIT","reqID":"citi.client1.8","accountNum":20256,"amount":637.0,"replyPort":0}
2014-10-14 01:33:47,509 [Server.java:pool-6-thread-1:379] - citi::head::server1:: ProcessRequest method called..icici.client1.2
2014-10-14 01:33:47,509 [Server.java:pool-6-thread-1:268] - citi::head::server1:: ReqId: icici.client1.2-Deposit operation complete new balance is : 300.0
2014-10-14 01:33:47,509 [Server.java:pool-6-thread-1:453] - citi::head::server1:: Received Request No -icici.client1.2
2014-10-14 01:33:47,510 [Server.java:pool-6-thread-1:295] - citi::head::server1:: ReqId: icici.client1.2Sendin sync to successor
2014-10-14 01:33:47,510 [Server.java:pool-1-thread-8:379] - citi::tail::server3:: ProcessRequest method called..citi.client1.8
2014-10-14 01:33:47,511 [Server.java:pool-1-thread-8:360] - citi::tail::server3:: New Account created with account no : 20256
2014-10-14 01:33:47,511 [Server.java:pool-1-thread-8:268] - citi::tail::server3:: ReqId: citi.client1.8-Deposit operation complete new balance is : 637.0
2014-10-14 01:33:47,511 [Server.java:pool-1-thread-8:495] - citi::tail::server3::  ReqId: citi.client1.8 Sending reply to client and ack to predecessor
2014-10-14 01:33:47,511 [Server.java:pool-1-thread-8:312] - citi::tail::server3::  ReqId: citi.client1.8Reply to client : /127.0.0.1 port:9999
2014-10-14 01:33:47,513 [Server.java:pool-6-thread-2:445] - citi::head::server1:: Received client Update request..127.0.0.1 port 58453
2014-10-14 01:33:47,513 [Server.java:pool-4-thread-4:510] - citi::::server2:: Received ack from predecessor- ReqId: citi.client3.28
2014-10-14 01:33:47,514 [Server.java:pool-4-thread-4:103] - citi::::server2:: Sending ack to predecessor
2014-10-14 01:33:47,514 [Server.java:pool-3-thread-3:470] - citi::::server2:: Sync from predecessor {"operationType":"WITHDRAW","reqID":"citi.client3.25","accountNum":42598,"amount":915.0,"replyPort":0}
2014-10-14 01:33:47,515 [Server.java:pool-1-thread-8:337] - citi::tail::server3:: ReplyToClient success
2014-10-14 01:33:47,515 [Server.java:pool-1-thread-8:103] - citi::tail::server3:: Sending ack to predecessor
2014-10-14 01:33:47,516 [Server.java:pool-1-thread-10:470] - citi::tail::server3:: Sync from predecessor {"operationType":"WITHDRAW","reqID":"citi.client2.15","accountNum":23870,"amount":914.0,"replyPort":0}
2014-10-14 01:33:47,517 [Server.java:pool-3-thread-3:379] - citi::::server2:: ProcessRequest method called..citi.client3.25
2014-10-14 01:33:47,517 [Server.java:pool-3-thread-3:360] - citi::::server2:: New Account created with account no : 42598
2014-10-14 01:33:47,517 [Server.java:pool-3-thread-3:295] - citi::::server2:: ReqId: citi.client3.25Sendin sync to successor
2014-10-14 01:33:47,516 [Server.java:pool-6-thread-2:379] - citi::head::server1:: ProcessRequest method called..icici.client2.2
2014-10-14 01:33:47,520 [Server.java:pool-6-thread-2:360] - citi::head::server1:: New Account created with account no : 123457
2014-10-14 01:33:47,520 [Server.java:pool-6-thread-2:268] - citi::head::server1:: ReqId: icici.client2.2-Deposit operation complete new balance is : 200.0
2014-10-14 01:33:47,520 [Server.java:pool-4-thread-3:510] - citi::::server2:: Received ack from predecessor- ReqId: citi.client3.25
2014-10-14 01:33:47,521 [Server.java:pool-6-thread-2:453] - citi::head::server1:: Received Request No -icici.client2.2
2014-10-14 01:33:47,521 [Server.java:pool-6-thread-2:295] - citi::head::server1:: ReqId: icici.client2.2Sendin sync to successor
2014-10-14 01:33:47,521 [Server.java:pool-4-thread-3:103] - citi::::server2:: Sending ack to predecessor
2014-10-14 01:33:47,522 [Server.java:pool-3-thread-4:470] - citi::::server2:: Sync from predecessor {"operationType":"DEPOSIT","reqID":"citi.client3.29","accountNum":29991,"amount":762.0,"replyPort":0}
2014-10-14 01:33:47,522 [Server.java:pool-1-thread-10:379] - citi::tail::server3:: ProcessRequest method called..citi.client2.15
2014-10-14 01:33:47,524 [Server.java:pool-1-thread-10:360] - citi::tail::server3:: New Account created with account no : 23870
2014-10-14 01:33:47,524 [Server.java:pool-1-thread-10:495] - citi::tail::server3::  ReqId: citi.client2.15 Sending reply to client and ack to predecessor
2014-10-14 01:33:47,525 [Server.java:pool-1-thread-10:312] - citi::tail::server3::  ReqId: citi.client2.15Reply to client : /127.0.0.1 port:9999
2014-10-14 01:33:47,525 [Server.java:pool-3-thread-4:379] - citi::::server2:: ProcessRequest method called..citi.client3.29
2014-10-14 01:33:47,525 [Server.java:pool-3-thread-4:360] - citi::::server2:: New Account created with account no : 29991
2014-10-14 01:33:47,524 [Server.java:pool-6-thread-2:445] - citi::head::server1:: Received client Update request..127.0.0.1 port 58456
2014-10-14 01:33:47,528 [Server.java:pool-6-thread-2:379] - citi::head::server1:: ProcessRequest method called..icici.client3.2
2014-10-14 01:33:47,528 [Server.java:pool-6-thread-2:360] - citi::head::server1:: New Account created with account no : 123458
2014-10-14 01:33:47,528 [Server.java:pool-6-thread-2:268] - citi::head::server1:: ReqId: icici.client3.2-Deposit operation complete new balance is : 500.0
2014-10-14 01:33:47,528 [Server.java:pool-6-thread-2:453] - citi::head::server1:: Received Request No -icici.client3.2
2014-10-14 01:33:47,528 [Server.java:pool-6-thread-2:295] - citi::head::server1:: ReqId: icici.client3.2Sendin sync to successor
2014-10-14 01:33:47,525 [Server.java:pool-3-thread-4:268] - citi::::server2:: ReqId: citi.client3.29-Deposit operation complete new balance is : 762.0
2014-10-14 01:33:47,531 [Server.java:pool-3-thread-4:295] - citi::::server2:: ReqId: citi.client3.29Sendin sync to successor
2014-10-14 01:33:47,531 [Server.java:pool-6-thread-2:445] - citi::head::server1:: Received client Update request..127.0.0.1 port 58457
2014-10-14 01:33:47,536 [Server.java:pool-6-thread-2:379] - citi::head::server1:: ProcessRequest method called..icici.client3.3
2014-10-14 01:33:47,536 [Server.java:pool-6-thread-2:277] - citi::head::server1:: ReqId: icici.client3.3-Withdraw operation complete new balance is : 300.0
2014-10-14 01:33:47,537 [Server.java:pool-6-thread-2:453] - citi::head::server1:: Received Request No -icici.client3.3
2014-10-14 01:33:47,537 [Server.java:pool-6-thread-2:295] - citi::head::server1:: ReqId: icici.client3.3Sendin sync to successor
2014-10-14 01:33:47,539 [Server.java:pool-1-thread-10:337] - citi::tail::server3:: ReplyToClient success
2014-10-14 01:33:47,539 [Server.java:pool-1-thread-10:103] - citi::tail::server3:: Sending ack to predecessor
2014-10-14 01:33:47,540 [Server.java:pool-3-thread-5:470] - citi::::server2:: Sync from predecessor {"operationType":"WITHDRAW","reqID":"icici.client1.3","accountNum":123456,"amount":600.0,"replyPort":0}
2014-10-14 01:33:47,540 [Server.java:pool-5-thread-3:510] - citi::head::server1:: Received ack from predecessor- ReqId: icici.client3.3
2014-10-14 01:33:47,540 [Server.java:pool-5-thread-3:515] - citi::head::server1:: Ack received at HEAD
2014-10-14 01:33:47,541 [Server.java:pool-6-thread-1:445] - citi::head::server1:: Received client Update request..127.0.0.1 port 58454
2014-10-14 01:33:47,542 [Server.java:pool-1-thread-1:470] - citi::tail::server3:: Sync from predecessor {"operationType":"DEPOSIT","reqID":"citi.client2.13","accountNum":21273,"amount":305.0,"replyPort":0}
2014-10-14 01:33:47,544 [Server.java:pool-6-thread-1:379] - citi::head::server1:: ProcessRequest method called..icici.client3.3
2014-10-14 01:33:47,544 [Server.java:pool-1-thread-1:379] - citi::tail::server3:: ProcessRequest method called..citi.client2.13
2014-10-14 01:33:47,544 [Server.java:pool-6-thread-1:155] - citi::head::server1:: ReqId: icici.client3.3-Transaction is inconsistent with history 
2014-10-14 01:33:47,544 [Server.java:pool-1-thread-1:360] - citi::tail::server3:: New Account created with account no : 21273
2014-10-14 01:33:47,544 [Server.java:pool-6-thread-1:453] - citi::head::server1:: Received Request No -icici.client3.3
2014-10-14 01:33:47,545 [Server.java:pool-6-thread-1:295] - citi::head::server1:: ReqId: icici.client3.3Sendin sync to successor
2014-10-14 01:33:47,545 [Server.java:pool-1-thread-1:268] - citi::tail::server3:: ReqId: citi.client2.13-Deposit operation complete new balance is : 305.0
2014-10-14 01:33:47,545 [Server.java:pool-1-thread-1:495] - citi::tail::server3::  ReqId: citi.client2.13 Sending reply to client and ack to predecessor
2014-10-14 01:33:47,545 [Server.java:pool-3-thread-5:379] - citi::::server2:: ProcessRequest method called..icici.client1.3
2014-10-14 01:33:47,545 [Server.java:pool-1-thread-1:312] - citi::tail::server3::  ReqId: citi.client2.13Reply to client : /127.0.0.1 port:9999
2014-10-14 01:33:47,545 [Server.java:pool-3-thread-5:360] - citi::::server2:: New Account created with account no : 123456
2014-10-14 01:33:47,546 [Server.java:pool-3-thread-5:295] - citi::::server2:: ReqId: icici.client1.3Sendin sync to successor
2014-10-14 01:33:47,547 [Server.java:pool-5-thread-1:510] - citi::head::server1:: Received ack from predecessor- ReqId: icici.client3.3
2014-10-14 01:33:47,547 [Server.java:pool-5-thread-1:515] - citi::head::server1:: Ack received at HEAD
2014-10-14 01:33:47,548 [Server.java:pool-3-thread-9:470] - citi::::server2:: Sync from predecessor {"operationType":"DEPOSIT","reqID":"icici.client1.2","accountNum":123456,"amount":300.0,"replyPort":0}
2014-10-14 01:33:47,549 [Server.java:pool-1-thread-1:337] - citi::tail::server3:: ReplyToClient success
2014-10-14 01:33:47,549 [Server.java:pool-1-thread-1:103] - citi::tail::server3:: Sending ack to predecessor
2014-10-14 01:33:47,552 [Server.java:pool-3-thread-9:379] - citi::::server2:: ProcessRequest method called..icici.client1.2
2014-10-14 01:33:47,553 [Server.java:pool-3-thread-9:268] - citi::::server2:: ReqId: icici.client1.2-Deposit operation complete new balance is : 300.0
2014-10-14 01:33:47,553 [Server.java:pool-1-thread-4:470] - citi::tail::server3:: Sync from predecessor {"operationType":"DEPOSIT","reqID":"citi.client2.12","accountNum":24482,"amount":825.0,"replyPort":0}
2014-10-14 01:33:47,553 [Server.java:pool-3-thread-9:295] - citi::::server2:: ReqId: icici.client1.2Sendin sync to successor
2014-10-14 01:33:47,555 [Server.java:pool-3-thread-6:470] - citi::::server2:: Sync from predecessor {"operationType":"DEPOSIT","reqID":"icici.client2.2","accountNum":123457,"amount":200.0,"replyPort":0}
2014-10-14 01:33:47,555 [Server.java:pool-1-thread-4:379] - citi::tail::server3:: ProcessRequest method called..citi.client2.12
2014-10-14 01:33:47,556 [Server.java:pool-1-thread-4:360] - citi::tail::server3:: New Account created with account no : 24482
2014-10-14 01:33:47,556 [Server.java:pool-1-thread-4:268] - citi::tail::server3:: ReqId: citi.client2.12-Deposit operation complete new balance is : 825.0
2014-10-14 01:33:47,556 [Server.java:pool-1-thread-4:495] - citi::tail::server3::  ReqId: citi.client2.12 Sending reply to client and ack to predecessor
2014-10-14 01:33:47,556 [Server.java:pool-1-thread-4:312] - citi::tail::server3::  ReqId: citi.client2.12Reply to client : /127.0.0.1 port:9999
2014-10-14 01:33:47,557 [Server.java:pool-3-thread-6:379] - citi::::server2:: ProcessRequest method called..icici.client2.2
2014-10-14 01:33:47,558 [Server.java:pool-3-thread-6:360] - citi::::server2:: New Account created with account no : 123457
2014-10-14 01:33:47,558 [Server.java:pool-3-thread-6:268] - citi::::server2:: ReqId: icici.client2.2-Deposit operation complete new balance is : 200.0
2014-10-14 01:33:47,558 [Server.java:pool-3-thread-6:295] - citi::::server2:: ReqId: icici.client2.2Sendin sync to successor
2014-10-14 01:33:47,558 [Server.java:pool-1-thread-4:337] - citi::tail::server3:: ReplyToClient success
2014-10-14 01:33:47,559 [Server.java:pool-1-thread-4:103] - citi::tail::server3:: Sending ack to predecessor
2014-10-14 01:33:47,559 [Server.java:pool-1-thread-2:470] - citi::tail::server3:: Sync from predecessor {"operationType":"DEPOSIT","reqID":"citi.client2.19","accountNum":92839,"amount":75.0,"replyPort":0}
2014-10-14 01:33:47,561 [Server.java:pool-3-thread-7:470] - citi::::server2:: Sync from predecessor {"operationType":"DEPOSIT","reqID":"icici.client3.2","accountNum":123458,"amount":500.0,"replyPort":0}
2014-10-14 01:33:47,561 [Server.java:pool-1-thread-2:379] - citi::tail::server3:: ProcessRequest method called..citi.client2.19
2014-10-14 01:33:47,561 [Server.java:pool-1-thread-2:360] - citi::tail::server3:: New Account created with account no : 92839
2014-10-14 01:33:47,562 [Server.java:pool-1-thread-2:268] - citi::tail::server3:: ReqId: citi.client2.19-Deposit operation complete new balance is : 75.0
2014-10-14 01:33:47,562 [Server.java:pool-1-thread-2:495] - citi::tail::server3::  ReqId: citi.client2.19 Sending reply to client and ack to predecessor
2014-10-14 01:33:47,562 [Server.java:pool-1-thread-2:312] - citi::tail::server3::  ReqId: citi.client2.19Reply to client : /127.0.0.1 port:9999
2014-10-14 01:33:47,564 [Server.java:pool-3-thread-7:379] - citi::::server2:: ProcessRequest method called..icici.client3.2
2014-10-14 01:33:47,565 [Server.java:pool-3-thread-7:360] - citi::::server2:: New Account created with account no : 123458
2014-10-14 01:33:47,565 [Server.java:pool-3-thread-7:268] - citi::::server2:: ReqId: icici.client3.2-Deposit operation complete new balance is : 500.0
2014-10-14 01:33:47,565 [Server.java:pool-3-thread-7:295] - citi::::server2:: ReqId: icici.client3.2Sendin sync to successor
2014-10-14 01:33:47,565 [Server.java:pool-1-thread-2:337] - citi::tail::server3:: ReplyToClient success
2014-10-14 01:33:47,566 [Server.java:pool-1-thread-2:103] - citi::tail::server3:: Sending ack to predecessor
2014-10-14 01:33:47,566 [Server.java:pool-1-thread-9:470] - citi::tail::server3:: Sync from predecessor {"operationType":"DEPOSIT","reqID":"citi.client2.17","accountNum":89041,"amount":484.0,"replyPort":0}
2014-10-14 01:33:47,568 [Server.java:pool-3-thread-10:470] - citi::::server2:: Sync from predecessor {"operationType":"WITHDRAW","reqID":"icici.client3.3","accountNum":123458,"amount":200.0,"replyPort":0}
2014-10-14 01:33:47,568 [Server.java:pool-1-thread-9:379] - citi::tail::server3:: ProcessRequest method called..citi.client2.17
2014-10-14 01:33:47,568 [Server.java:pool-1-thread-9:360] - citi::tail::server3:: New Account created with account no : 89041
2014-10-14 01:33:47,569 [Server.java:pool-1-thread-9:268] - citi::tail::server3:: ReqId: citi.client2.17-Deposit operation complete new balance is : 484.0
2014-10-14 01:33:47,569 [Server.java:pool-1-thread-9:495] - citi::tail::server3::  ReqId: citi.client2.17 Sending reply to client and ack to predecessor
2014-10-14 01:33:47,569 [Server.java:pool-1-thread-9:312] - citi::tail::server3::  ReqId: citi.client2.17Reply to client : /127.0.0.1 port:9999
2014-10-14 01:33:47,570 [Server.java:pool-3-thread-10:379] - citi::::server2:: ProcessRequest method called..icici.client3.3
2014-10-14 01:33:47,570 [Server.java:pool-3-thread-10:277] - citi::::server2:: ReqId: icici.client3.3-Withdraw operation complete new balance is : 300.0
2014-10-14 01:33:47,570 [Server.java:pool-3-thread-10:295] - citi::::server2:: ReqId: icici.client3.3Sendin sync to successor
2014-10-14 01:33:47,571 [Server.java:pool-1-thread-9:337] - citi::tail::server3:: ReplyToClient success
2014-10-14 01:33:47,572 [Server.java:pool-1-thread-9:103] - citi::tail::server3:: Sending ack to predecessor
2014-10-14 01:33:47,572 [Server.java:pool-1-thread-3:470] - citi::tail::server3:: Sync from predecessor {"operationType":"DEPOSIT","reqID":"citi.client3.23","accountNum":7476,"amount":680.0,"replyPort":0}
2014-10-14 01:33:47,573 [Server.java:pool-3-thread-1:470] - citi::::server2:: Sync from predecessor {"operationType":"WITHDRAW","reqID":"icici.client3.3","accountNum":123457,"amount":100.0,"replyPort":0}
2014-10-14 01:33:47,574 [Server.java:pool-1-thread-3:379] - citi::tail::server3:: ProcessRequest method called..citi.client3.23
2014-10-14 01:33:47,574 [Server.java:pool-1-thread-3:360] - citi::tail::server3:: New Account created with account no : 7476
2014-10-14 01:33:47,575 [Server.java:pool-1-thread-3:268] - citi::tail::server3:: ReqId: citi.client3.23-Deposit operation complete new balance is : 680.0
2014-10-14 01:33:47,575 [Server.java:pool-1-thread-3:495] - citi::tail::server3::  ReqId: citi.client3.23 Sending reply to client and ack to predecessor
2014-10-14 01:33:47,575 [Server.java:pool-1-thread-3:312] - citi::tail::server3::  ReqId: citi.client3.23Reply to client : /127.0.0.1 port:9999
2014-10-14 01:33:47,575 [Server.java:pool-3-thread-1:379] - citi::::server2:: ProcessRequest method called..icici.client3.3
2014-10-14 01:33:47,576 [Server.java:pool-3-thread-1:277] - citi::::server2:: ReqId: icici.client3.3-Withdraw operation complete new balance is : 100.0
2014-10-14 01:33:47,576 [Server.java:pool-3-thread-1:295] - citi::::server2:: ReqId: icici.client3.3Sendin sync to successor
2014-10-14 01:33:47,579 [Server.java:pool-1-thread-3:337] - citi::tail::server3:: ReplyToClient success
2014-10-14 01:33:47,579 [Server.java:pool-1-thread-3:103] - citi::tail::server3:: Sending ack to predecessor
2014-10-14 01:33:47,579 [Server.java:pool-4-thread-4:510] - citi::::server2:: Received ack from predecessor- ReqId: icici.client3.3
2014-10-14 01:33:47,579 [Server.java:pool-1-thread-5:470] - citi::tail::server3:: Sync from predecessor {"operationType":"WITHDRAW","reqID":"citi.client2.18","accountNum":49519,"amount":587.0,"replyPort":0}
2014-10-14 01:33:47,579 [Server.java:pool-4-thread-4:103] - citi::::server2:: Sending ack to predecessor
2014-10-14 01:33:47,581 [Server.java:pool-5-thread-4:510] - citi::head::server1:: Received ack from predecessor- ReqId: icici.client3.3
2014-10-14 01:33:47,581 [Server.java:pool-5-thread-4:515] - citi::head::server1:: Ack received at HEAD
2014-10-14 01:33:47,582 [Server.java:pool-1-thread-5:379] - citi::tail::server3:: ProcessRequest method called..citi.client2.18
2014-10-14 01:33:47,582 [Server.java:pool-1-thread-5:360] - citi::tail::server3:: New Account created with account no : 49519
2014-10-14 01:33:47,583 [Server.java:pool-1-thread-5:495] - citi::tail::server3::  ReqId: citi.client2.18 Sending reply to client and ack to predecessor
2014-10-14 01:33:47,583 [Server.java:pool-1-thread-5:312] - citi::tail::server3::  ReqId: citi.client2.18Reply to client : /127.0.0.1 port:9999
2014-10-14 01:33:47,584 [Server.java:pool-4-thread-2:510] - citi::::server2:: Received ack from predecessor- ReqId: icici.client3.3
2014-10-14 01:33:47,584 [Server.java:pool-4-thread-2:103] - citi::::server2:: Sending ack to predecessor
2014-10-14 01:33:47,586 [Server.java:pool-4-thread-3:510] - citi::::server2:: Received ack from predecessor- ReqId: icici.client3.3
2014-10-14 01:33:47,586 [Server.java:pool-4-thread-3:103] - citi::::server2:: Sending ack to predecessor
2014-10-14 01:33:47,587 [Server.java:pool-5-thread-3:510] - citi::head::server1:: Received ack from predecessor- ReqId: icici.client3.3
2014-10-14 01:33:47,587 [Server.java:pool-5-thread-3:515] - citi::head::server1:: Ack received at HEAD
2014-10-14 01:33:47,586 [Server.java:pool-1-thread-5:337] - citi::tail::server3:: ReplyToClient success
2014-10-14 01:33:47,588 [Server.java:pool-1-thread-5:103] - citi::tail::server3:: Sending ack to predecessor
2014-10-14 01:33:47,588 [Server.java:pool-5-thread-3:510] - citi::head::server1:: Received ack from predecessor- ReqId: icici.client3.3
2014-10-14 01:33:47,587 [Server.java:pool-4-thread-1:510] - citi::::server2:: Received ack from predecessor- ReqId: icici.client3.3
2014-10-14 01:33:47,588 [Server.java:pool-5-thread-3:515] - citi::head::server1:: Ack received at HEAD
2014-10-14 01:33:47,588 [Server.java:pool-1-thread-6:470] - citi::tail::server3:: Sync from predecessor {"operationType":"DEPOSIT","reqID":"citi.client2.16","accountNum":1566,"amount":722.0,"replyPort":0}
2014-10-14 01:33:47,588 [Server.java:pool-4-thread-1:103] - citi::::server2:: Sending ack to predecessor
2014-10-14 01:33:47,589 [Server.java:pool-4-thread-4:510] - citi::::server2:: Received ack from predecessor- ReqId: icici.client3.3
2014-10-14 01:33:47,589 [Server.java:pool-4-thread-4:103] - citi::::server2:: Sending ack to predecessor
2014-10-14 01:33:47,589 [Server.java:pool-5-thread-1:510] - citi::head::server1:: Received ack from predecessor- ReqId: icici.client3.3
2014-10-14 01:33:47,589 [Server.java:pool-4-thread-2:510] - citi::::server2:: Received ack from predecessor- ReqId: icici.client3.3
2014-10-14 01:33:47,590 [Server.java:pool-4-thread-2:103] - citi::::server2:: Sending ack to predecessor
2014-10-14 01:33:47,590 [Server.java:pool-5-thread-1:515] - citi::head::server1:: Ack received at HEAD
2014-10-14 01:33:47,590 [Server.java:pool-5-thread-4:510] - citi::head::server1:: Received ack from predecessor- ReqId: icici.client3.3
2014-10-14 01:33:47,590 [Server.java:pool-5-thread-4:515] - citi::head::server1:: Ack received at HEAD
2014-10-14 01:33:47,590 [Server.java:pool-5-thread-2:510] - citi::head::server1:: Received ack from predecessor- ReqId: icici.client3.3
2014-10-14 01:33:47,590 [Server.java:pool-5-thread-2:515] - citi::head::server1:: Ack received at HEAD
2014-10-14 01:33:47,591 [Server.java:pool-1-thread-6:379] - citi::tail::server3:: ProcessRequest method called..citi.client2.16
2014-10-14 01:33:47,591 [Server.java:pool-1-thread-6:360] - citi::tail::server3:: New Account created with account no : 1566
2014-10-14 01:33:47,591 [Server.java:pool-1-thread-6:268] - citi::tail::server3:: ReqId: citi.client2.16-Deposit operation complete new balance is : 722.0
2014-10-14 01:33:47,591 [Server.java:pool-1-thread-6:495] - citi::tail::server3::  ReqId: citi.client2.16 Sending reply to client and ack to predecessor
2014-10-14 01:33:47,591 [Server.java:pool-1-thread-6:312] - citi::tail::server3::  ReqId: citi.client2.16Reply to client : /127.0.0.1 port:9999
2014-10-14 01:33:47,593 [Server.java:pool-1-thread-6:337] - citi::tail::server3:: ReplyToClient success
2014-10-14 01:33:47,594 [Server.java:pool-1-thread-6:103] - citi::tail::server3:: Sending ack to predecessor
2014-10-14 01:33:47,594 [Server.java:pool-1-thread-7:470] - citi::tail::server3:: Sync from predecessor {"operationType":"DEPOSIT","reqID":"citi.client3.24","accountNum":10882,"amount":944.0,"replyPort":0}
2014-10-14 01:33:47,594 [Server.java:pool-4-thread-3:510] - citi::::server2:: Received ack from predecessor- ReqId: icici.client3.3
2014-10-14 01:33:47,594 [Server.java:pool-4-thread-3:103] - citi::::server2:: Sending ack to predecessor
2014-10-14 01:33:47,595 [Server.java:pool-5-thread-3:510] - citi::head::server1:: Received ack from predecessor- ReqId: icici.client3.3
2014-10-14 01:33:47,595 [Server.java:pool-5-thread-3:515] - citi::head::server1:: Ack received at HEAD
2014-10-14 01:33:47,596 [Server.java:pool-1-thread-7:379] - citi::tail::server3:: ProcessRequest method called..citi.client3.24
2014-10-14 01:33:47,596 [Server.java:pool-1-thread-7:360] - citi::tail::server3:: New Account created with account no : 10882
2014-10-14 01:33:47,597 [Server.java:pool-1-thread-7:268] - citi::tail::server3:: ReqId: citi.client3.24-Deposit operation complete new balance is : 944.0
2014-10-14 01:33:47,597 [Server.java:pool-1-thread-7:495] - citi::tail::server3::  ReqId: citi.client3.24 Sending reply to client and ack to predecessor
2014-10-14 01:33:47,597 [Server.java:pool-1-thread-7:312] - citi::tail::server3::  ReqId: citi.client3.24Reply to client : /127.0.0.1 port:9999
2014-10-14 01:33:47,600 [Server.java:pool-1-thread-7:337] - citi::tail::server3:: ReplyToClient success
2014-10-14 01:33:47,600 [Server.java:pool-1-thread-7:103] - citi::tail::server3:: Sending ack to predecessor
2014-10-14 01:33:47,600 [Server.java:pool-1-thread-8:470] - citi::tail::server3:: Sync from predecessor {"operationType":"WITHDRAW","reqID":"citi.client3.26","accountNum":71508,"amount":955.0,"replyPort":0}
2014-10-14 01:33:47,600 [Server.java:pool-4-thread-1:510] - citi::::server2:: Received ack from predecessor- ReqId: icici.client3.3
2014-10-14 01:33:47,601 [Server.java:pool-4-thread-1:103] - citi::::server2:: Sending ack to predecessor
2014-10-14 01:33:47,601 [Server.java:pool-4-thread-4:510] - citi::::server2:: Received ack from predecessor- ReqId: icici.client3.3
2014-10-14 01:33:47,601 [Server.java:pool-4-thread-4:103] - citi::::server2:: Sending ack to predecessor
2014-10-14 01:33:47,601 [Server.java:pool-5-thread-1:510] - citi::head::server1:: Received ack from predecessor- ReqId: icici.client3.3
2014-10-14 01:33:47,601 [Server.java:pool-5-thread-1:515] - citi::head::server1:: Ack received at HEAD
2014-10-14 01:33:47,602 [Server.java:pool-5-thread-4:510] - citi::head::server1:: Received ack from predecessor- ReqId: icici.client3.3
2014-10-14 01:33:47,602 [Server.java:pool-5-thread-4:515] - citi::head::server1:: Ack received at HEAD
2014-10-14 01:33:47,603 [Server.java:pool-1-thread-8:379] - citi::tail::server3:: ProcessRequest method called..citi.client3.26
2014-10-14 01:33:47,603 [Server.java:pool-1-thread-8:360] - citi::tail::server3:: New Account created with account no : 71508
2014-10-14 01:33:47,603 [Server.java:pool-1-thread-8:495] - citi::tail::server3::  ReqId: citi.client3.26 Sending reply to client and ack to predecessor
2014-10-14 01:33:47,603 [Server.java:pool-1-thread-8:312] - citi::tail::server3::  ReqId: citi.client3.26Reply to client : /127.0.0.1 port:9999
2014-10-14 01:33:47,605 [Server.java:pool-1-thread-8:337] - citi::tail::server3:: ReplyToClient success
2014-10-14 01:33:47,605 [Server.java:pool-1-thread-8:103] - citi::tail::server3:: Sending ack to predecessor
2014-10-14 01:33:47,605 [Server.java:pool-1-thread-10:470] - citi::tail::server3:: Sync from predecessor {"operationType":"DEPOSIT","reqID":"citi.client3.27","accountNum":78135,"amount":434.0,"replyPort":0}
2014-10-14 01:33:47,608 [Server.java:pool-1-thread-10:379] - citi::tail::server3:: ProcessRequest method called..citi.client3.27
2014-10-14 01:33:47,608 [Server.java:pool-1-thread-10:360] - citi::tail::server3:: New Account created with account no : 78135
2014-10-14 01:33:47,608 [Server.java:pool-1-thread-10:268] - citi::tail::server3:: ReqId: citi.client3.27-Deposit operation complete new balance is : 434.0
2014-10-14 01:33:47,608 [Server.java:pool-1-thread-10:495] - citi::tail::server3::  ReqId: citi.client3.27 Sending reply to client and ack to predecessor
2014-10-14 01:33:47,608 [Server.java:pool-1-thread-10:312] - citi::tail::server3::  ReqId: citi.client3.27Reply to client : /127.0.0.1 port:9999
2014-10-14 01:33:47,611 [Server.java:pool-1-thread-10:337] - citi::tail::server3:: ReplyToClient success
2014-10-14 01:33:47,611 [Server.java:pool-1-thread-10:103] - citi::tail::server3:: Sending ack to predecessor
2014-10-14 01:33:47,612 [Server.java:pool-1-thread-1:470] - citi::tail::server3:: Sync from predecessor {"operationType":"DEPOSIT","reqID":"citi.client3.28","accountNum":72926,"amount":558.0,"replyPort":0}
2014-10-14 01:33:47,612 [Server.java:pool-4-thread-2:510] - citi::::server2:: Received ack from predecessor- ReqId: icici.client3.3
2014-10-14 01:33:47,612 [Server.java:pool-4-thread-2:103] - citi::::server2:: Sending ack to predecessor
2014-10-14 01:33:47,612 [Server.java:pool-4-thread-3:510] - citi::::server2:: Received ack from predecessor- ReqId: icici.client3.3
2014-10-14 01:33:47,612 [Server.java:pool-4-thread-3:103] - citi::::server2:: Sending ack to predecessor
2014-10-14 01:33:47,613 [Server.java:pool-5-thread-2:510] - citi::head::server1:: Received ack from predecessor- ReqId: icici.client3.3
2014-10-14 01:33:47,614 [Server.java:pool-5-thread-2:515] - citi::head::server1:: Ack received at HEAD
2014-10-14 01:33:47,614 [Server.java:pool-4-thread-2:510] - citi::::server2:: Received ack from predecessor- ReqId: icici.client3.3
2014-10-14 01:33:47,614 [Server.java:pool-4-thread-2:103] - citi::::server2:: Sending ack to predecessor
2014-10-14 01:33:47,614 [Server.java:pool-4-thread-1:510] - citi::::server2:: Received ack from predecessor- ReqId: icici.client3.3
2014-10-14 01:33:47,614 [Server.java:pool-1-thread-1:379] - citi::tail::server3:: ProcessRequest method called..citi.client3.28
2014-10-14 01:33:47,615 [Server.java:pool-5-thread-3:510] - citi::head::server1:: Received ack from predecessor- ReqId: icici.client3.3
2014-10-14 01:33:47,615 [Server.java:pool-5-thread-3:515] - citi::head::server1:: Ack received at HEAD
2014-10-14 01:33:47,615 [Server.java:pool-4-thread-1:103] - citi::::server2:: Sending ack to predecessor
2014-10-14 01:33:47,615 [Server.java:pool-5-thread-1:510] - citi::head::server1:: Received ack from predecessor- ReqId: icici.client3.3
2014-10-14 01:33:47,615 [Server.java:pool-1-thread-1:360] - citi::tail::server3:: New Account created with account no : 72926
2014-10-14 01:33:47,615 [Server.java:pool-5-thread-1:515] - citi::head::server1:: Ack received at HEAD
2014-10-14 01:33:47,615 [Server.java:pool-4-thread-3:510] - citi::::server2:: Received ack from predecessor- ReqId: icici.client3.3
2014-10-14 01:33:47,616 [Server.java:pool-4-thread-3:103] - citi::::server2:: Sending ack to predecessor
2014-10-14 01:33:47,616 [Server.java:pool-5-thread-4:510] - citi::head::server1:: Received ack from predecessor- ReqId: icici.client3.3
2014-10-14 01:33:47,616 [Server.java:pool-5-thread-4:515] - citi::head::server1:: Ack received at HEAD
2014-10-14 01:33:47,616 [Server.java:pool-1-thread-1:268] - citi::tail::server3:: ReqId: citi.client3.28-Deposit operation complete new balance is : 558.0
2014-10-14 01:33:47,616 [Server.java:pool-5-thread-2:510] - citi::head::server1:: Received ack from predecessor- ReqId: icici.client3.3
2014-10-14 01:33:47,616 [Server.java:pool-1-thread-1:495] - citi::tail::server3::  ReqId: citi.client3.28 Sending reply to client and ack to predecessor
2014-10-14 01:33:47,617 [Server.java:pool-5-thread-2:515] - citi::head::server1:: Ack received at HEAD
2014-10-14 01:33:47,617 [Server.java:pool-1-thread-1:312] - citi::tail::server3::  ReqId: citi.client3.28Reply to client : /127.0.0.1 port:9999
2014-10-14 01:33:47,619 [Server.java:pool-1-thread-1:337] - citi::tail::server3:: ReplyToClient success
2014-10-14 01:33:47,619 [Server.java:pool-1-thread-1:103] - citi::tail::server3:: Sending ack to predecessor
2014-10-14 01:33:47,619 [Server.java:pool-1-thread-4:470] - citi::tail::server3:: Sync from predecessor {"operationType":"WITHDRAW","reqID":"citi.client3.25","accountNum":42598,"amount":915.0,"replyPort":0}
2014-10-14 01:33:47,619 [Server.java:pool-4-thread-4:510] - citi::::server2:: Received ack from predecessor- ReqId: icici.client3.3
2014-10-14 01:33:47,620 [Server.java:pool-4-thread-4:103] - citi::::server2:: Sending ack to predecessor
2014-10-14 01:33:47,620 [Server.java:pool-5-thread-3:510] - citi::head::server1:: Received ack from predecessor- ReqId: icici.client3.3
2014-10-14 01:33:47,620 [Server.java:pool-5-thread-3:515] - citi::head::server1:: Ack received at HEAD
2014-10-14 01:33:47,622 [Server.java:pool-1-thread-4:379] - citi::tail::server3:: ProcessRequest method called..citi.client3.25
2014-10-14 01:33:47,622 [Server.java:pool-1-thread-4:360] - citi::tail::server3:: New Account created with account no : 42598
2014-10-14 01:33:47,622 [Server.java:pool-1-thread-4:495] - citi::tail::server3::  ReqId: citi.client3.25 Sending reply to client and ack to predecessor
2014-10-14 01:33:47,622 [Server.java:pool-1-thread-4:312] - citi::tail::server3::  ReqId: citi.client3.25Reply to client : /127.0.0.1 port:9999
2014-10-14 01:33:47,625 [Server.java:pool-1-thread-4:337] - citi::tail::server3:: ReplyToClient success
2014-10-14 01:33:47,625 [Server.java:pool-1-thread-4:103] - citi::tail::server3:: Sending ack to predecessor
2014-10-14 01:33:47,625 [Server.java:pool-1-thread-2:470] - citi::tail::server3:: Sync from predecessor {"operationType":"DEPOSIT","reqID":"citi.client3.29","accountNum":29991,"amount":762.0,"replyPort":0}
2014-10-14 01:33:47,625 [Server.java:pool-4-thread-2:510] - citi::::server2:: Received ack from predecessor- ReqId: icici.client3.3
2014-10-14 01:33:47,626 [Server.java:pool-4-thread-2:103] - citi::::server2:: Sending ack to predecessor
2014-10-14 01:33:47,626 [Server.java:pool-5-thread-1:510] - citi::head::server1:: Received ack from predecessor- ReqId: icici.client3.3
2014-10-14 01:33:47,626 [Server.java:pool-5-thread-1:515] - citi::head::server1:: Ack received at HEAD
2014-10-14 01:33:47,627 [Server.java:pool-1-thread-2:379] - citi::tail::server3:: ProcessRequest method called..citi.client3.29
2014-10-14 01:33:47,627 [Server.java:pool-1-thread-2:360] - citi::tail::server3:: New Account created with account no : 29991
2014-10-14 01:33:47,627 [Server.java:pool-1-thread-2:268] - citi::tail::server3:: ReqId: citi.client3.29-Deposit operation complete new balance is : 762.0
2014-10-14 01:33:47,627 [Server.java:pool-1-thread-2:495] - citi::tail::server3::  ReqId: citi.client3.29 Sending reply to client and ack to predecessor
2014-10-14 01:33:47,628 [Server.java:pool-1-thread-2:312] - citi::tail::server3::  ReqId: citi.client3.29Reply to client : /127.0.0.1 port:9999
2014-10-14 01:33:47,629 [Server.java:pool-1-thread-2:337] - citi::tail::server3:: ReplyToClient success
2014-10-14 01:33:47,630 [Server.java:pool-1-thread-2:103] - citi::tail::server3:: Sending ack to predecessor
2014-10-14 01:33:47,630 [Server.java:pool-1-thread-9:470] - citi::tail::server3:: Sync from predecessor {"operationType":"WITHDRAW","reqID":"icici.client1.3","accountNum":123456,"amount":600.0,"replyPort":0}
2014-10-14 01:33:47,630 [Server.java:pool-4-thread-1:510] - citi::::server2:: Received ack from predecessor- ReqId: icici.client3.3
2014-10-14 01:33:47,630 [Server.java:pool-4-thread-1:103] - citi::::server2:: Sending ack to predecessor
2014-10-14 01:33:47,631 [Server.java:pool-5-thread-4:510] - citi::head::server1:: Received ack from predecessor- ReqId: icici.client3.3
2014-10-14 01:33:47,631 [Server.java:pool-5-thread-4:515] - citi::head::server1:: Ack received at HEAD
2014-10-14 01:33:47,632 [Server.java:pool-1-thread-9:379] - citi::tail::server3:: ProcessRequest method called..icici.client1.3
2014-10-14 01:33:47,632 [Server.java:pool-1-thread-9:495] - citi::tail::server3::  ReqId: icici.client1.3 Sending reply to client and ack to predecessor
2014-10-14 01:33:47,632 [Server.java:pool-1-thread-9:312] - citi::tail::server3::  ReqId: icici.client1.3Reply to client : /127.0.0.1 port:9999
2014-10-14 01:33:47,635 [Server.java:pool-1-thread-9:337] - citi::tail::server3:: ReplyToClient success
2014-10-14 01:33:47,635 [Server.java:pool-1-thread-9:103] - citi::tail::server3:: Sending ack to predecessor
2014-10-14 01:33:47,636 [Server.java:pool-4-thread-3:510] - citi::::server2:: Received ack from predecessor- ReqId: icici.client3.3
2014-10-14 01:33:47,636 [Server.java:pool-4-thread-3:103] - citi::::server2:: Sending ack to predecessor
2014-10-14 01:33:47,636 [Server.java:pool-1-thread-3:470] - citi::tail::server3:: Sync from predecessor {"operationType":"DEPOSIT","reqID":"icici.client1.2","accountNum":123456,"amount":300.0,"replyPort":0}
2014-10-14 01:33:47,637 [Server.java:pool-5-thread-2:510] - citi::head::server1:: Received ack from predecessor- ReqId: icici.client3.3
2014-10-14 01:33:47,637 [Server.java:pool-5-thread-2:515] - citi::head::server1:: Ack received at HEAD
2014-10-14 01:33:47,639 [Server.java:pool-1-thread-3:379] - citi::tail::server3:: ProcessRequest method called..icici.client1.2
2014-10-14 01:33:47,639 [Server.java:pool-1-thread-3:268] - citi::tail::server3:: ReqId: icici.client1.2-Deposit operation complete new balance is : 300.0
2014-10-14 01:33:47,639 [Server.java:pool-1-thread-3:495] - citi::tail::server3::  ReqId: icici.client1.2 Sending reply to client and ack to predecessor
2014-10-14 01:33:47,639 [Server.java:pool-1-thread-3:312] - citi::tail::server3::  ReqId: icici.client1.2Reply to client : /127.0.0.1 port:9999
2014-10-14 01:33:47,642 [Server.java:pool-1-thread-3:337] - citi::tail::server3:: ReplyToClient success
2014-10-14 01:33:47,642 [Server.java:pool-1-thread-3:103] - citi::tail::server3:: Sending ack to predecessor
2014-10-14 01:33:47,642 [Server.java:pool-1-thread-5:470] - citi::tail::server3:: Sync from predecessor {"operationType":"DEPOSIT","reqID":"icici.client2.2","accountNum":123457,"amount":200.0,"replyPort":0}
2014-10-14 01:33:47,645 [Server.java:pool-4-thread-4:510] - citi::::server2:: Received ack from predecessor- ReqId: icici.client3.3
2014-10-14 01:33:47,645 [Server.java:pool-1-thread-5:379] - citi::tail::server3:: ProcessRequest method called..icici.client2.2
2014-10-14 01:33:47,645 [Server.java:pool-4-thread-4:103] - citi::::server2:: Sending ack to predecessor
2014-10-14 01:33:47,645 [Server.java:pool-1-thread-5:268] - citi::tail::server3:: ReqId: icici.client2.2-Deposit operation complete new balance is : 200.0
2014-10-14 01:33:47,645 [Server.java:pool-5-thread-3:510] - citi::head::server1:: Received ack from predecessor- ReqId: icici.client3.3
2014-10-14 01:33:47,645 [Server.java:pool-5-thread-3:515] - citi::head::server1:: Ack received at HEAD
2014-10-14 01:33:47,645 [Server.java:pool-1-thread-5:495] - citi::tail::server3::  ReqId: icici.client2.2 Sending reply to client and ack to predecessor
2014-10-14 01:33:47,646 [Server.java:pool-1-thread-5:312] - citi::tail::server3::  ReqId: icici.client2.2Reply to client : /127.0.0.1 port:9999
2014-10-14 01:33:47,648 [Server.java:pool-1-thread-5:337] - citi::tail::server3:: ReplyToClient success
2014-10-14 01:33:47,648 [Server.java:pool-1-thread-5:103] - citi::tail::server3:: Sending ack to predecessor
2014-10-14 01:33:47,649 [Server.java:pool-1-thread-6:470] - citi::tail::server3:: Sync from predecessor {"operationType":"DEPOSIT","reqID":"icici.client3.2","accountNum":123458,"amount":500.0,"replyPort":0}
2014-10-14 01:33:47,649 [Server.java:pool-4-thread-2:510] - citi::::server2:: Received ack from predecessor- ReqId: icici.client3.3
2014-10-14 01:33:47,649 [Server.java:pool-4-thread-2:103] - citi::::server2:: Sending ack to predecessor
2014-10-14 01:33:47,650 [Server.java:pool-5-thread-1:510] - citi::head::server1:: Received ack from predecessor- ReqId: icici.client3.3
2014-10-14 01:33:47,650 [Server.java:pool-5-thread-1:515] - citi::head::server1:: Ack received at HEAD
2014-10-14 01:33:47,651 [Server.java:pool-1-thread-6:379] - citi::tail::server3:: ProcessRequest method called..icici.client3.2
2014-10-14 01:33:47,652 [Server.java:pool-1-thread-6:268] - citi::tail::server3:: ReqId: icici.client3.2-Deposit operation complete new balance is : 500.0
2014-10-14 01:33:47,652 [Server.java:pool-1-thread-6:495] - citi::tail::server3::  ReqId: icici.client3.2 Sending reply to client and ack to predecessor
2014-10-14 01:33:47,652 [Server.java:pool-1-thread-6:312] - citi::tail::server3::  ReqId: icici.client3.2Reply to client : /127.0.0.1 port:9999
2014-10-14 01:33:47,654 [Server.java:pool-1-thread-6:337] - citi::tail::server3:: ReplyToClient success
2014-10-14 01:33:47,655 [Server.java:pool-1-thread-6:103] - citi::tail::server3:: Sending ack to predecessor
2014-10-14 01:33:47,655 [Server.java:pool-1-thread-7:470] - citi::tail::server3:: Sync from predecessor {"operationType":"WITHDRAW","reqID":"icici.client3.3","accountNum":123458,"amount":200.0,"replyPort":0}
2014-10-14 01:33:47,655 [Server.java:pool-4-thread-1:510] - citi::::server2:: Received ack from predecessor- ReqId: icici.client3.3
2014-10-14 01:33:47,655 [Server.java:pool-4-thread-1:103] - citi::::server2:: Sending ack to predecessor
2014-10-14 01:33:47,656 [Server.java:pool-5-thread-4:510] - citi::head::server1:: Received ack from predecessor- ReqId: icici.client3.3
2014-10-14 01:33:47,656 [Server.java:pool-5-thread-4:515] - citi::head::server1:: Ack received at HEAD
2014-10-14 01:33:47,657 [Server.java:pool-1-thread-7:379] - citi::tail::server3:: ProcessRequest method called..icici.client3.3
2014-10-14 01:33:47,657 [Server.java:pool-1-thread-7:277] - citi::tail::server3:: ReqId: icici.client3.3-Withdraw operation complete new balance is : 300.0
2014-10-14 01:33:47,657 [Server.java:pool-1-thread-7:495] - citi::tail::server3::  ReqId: icici.client3.3 Sending reply to client and ack to predecessor
2014-10-14 01:33:47,657 [Server.java:pool-1-thread-7:312] - citi::tail::server3::  ReqId: icici.client3.3Reply to client : /127.0.0.1 port:9999
2014-10-14 01:33:47,659 [Server.java:pool-1-thread-7:337] - citi::tail::server3:: ReplyToClient success
2014-10-14 01:33:47,660 [Server.java:pool-1-thread-7:103] - citi::tail::server3:: Sending ack to predecessor
2014-10-14 01:33:47,660 [Server.java:pool-1-thread-8:470] - citi::tail::server3:: Sync from predecessor {"operationType":"WITHDRAW","reqID":"icici.client3.3","accountNum":123457,"amount":100.0,"replyPort":0}
2014-10-14 01:33:47,660 [Server.java:pool-4-thread-3:510] - citi::::server2:: Received ack from predecessor- ReqId: icici.client3.3
2014-10-14 01:33:47,660 [Server.java:pool-4-thread-3:103] - citi::::server2:: Sending ack to predecessor
2014-10-14 01:33:47,661 [Server.java:pool-5-thread-2:510] - citi::head::server1:: Received ack from predecessor- ReqId: icici.client3.3
2014-10-14 01:33:47,661 [Server.java:pool-5-thread-2:515] - citi::head::server1:: Ack received at HEAD
2014-10-14 01:33:47,662 [Server.java:pool-1-thread-8:379] - citi::tail::server3:: ProcessRequest method called..icici.client3.3
2014-10-14 01:33:47,662 [Server.java:pool-1-thread-8:155] - citi::tail::server3:: ReqId: icici.client3.3-Transaction is inconsistent with history 
2014-10-14 01:33:47,663 [Server.java:pool-1-thread-8:495] - citi::tail::server3::  ReqId: icici.client3.3 Sending reply to client and ack to predecessor
2014-10-14 01:33:47,663 [Server.java:pool-1-thread-8:312] - citi::tail::server3::  ReqId: icici.client3.3Reply to client : /127.0.0.1 port:9999
2014-10-14 01:33:47,665 [Server.java:pool-1-thread-8:337] - citi::tail::server3:: ReplyToClient success
2014-10-14 01:33:47,665 [Server.java:pool-1-thread-8:103] - citi::tail::server3:: Sending ack to predecessor
2014-10-14 01:33:47,665 [Server.java:pool-4-thread-4:510] - citi::::server2:: Received ack from predecessor- ReqId: icici.client3.3
2014-10-14 01:33:47,665 [Server.java:pool-4-thread-4:103] - citi::::server2:: Sending ack to predecessor
2014-10-14 01:33:47,666 [Server.java:pool-5-thread-3:510] - citi::head::server1:: Received ack from predecessor- ReqId: icici.client3.3
2014-10-14 01:33:47,666 [Server.java:pool-5-thread-3:515] - citi::head::server1:: Ack received at HEAD
