[2014-11-12 21:30:11,354]da.api:INFO: Running iteration 1 ...
[2014-11-12 21:30:11,360]runtime.UdpEndPoint(shashis-MacBook-Air.local_19229):DEBUG: UdpEndPoint ('shashis-MacBook-Air.local', 19229) initialization complete
[2014-11-12 21:30:11,392]da.api:DEBUG: Current process is ('shashis-MacBook-Air.local', 19229)
[2014-11-12 21:30:11,392]da.api:DEBUG: Creating 1 instances of <class 'chainreplication.master'>..
[2014-11-12 21:30:11,395]da.api:DEBUG: 1 instances of master created.
[2014-11-12 21:30:11,398]runtime.UdpEndPoint(shashis-MacBook-Air.local_38976):DEBUG: UdpEndPoint ('shashis-MacBook-Air.local', 38976) initialization complete
[2014-11-12 21:30:11,399]master[('shashis-MacBook-Air.local', 38976)]:DEBUG: Sending id to parent...
[2014-11-12 21:30:11,401]da.api:DEBUG: Current process is ('shashis-MacBook-Air.local', 19229)
[2014-11-12 21:30:11,401]da.api:DEBUG: Creating 1 instances of <class 'chainreplication.client'>..
[2014-11-12 21:30:11,403]da.api:DEBUG: 1 instances of client created.
[2014-11-12 21:30:11,408]runtime.UdpEndPoint(shashis-MacBook-Air.local_28393):DEBUG: UdpEndPoint ('shashis-MacBook-Air.local', 28393) initialization complete
[2014-11-12 21:30:11,409]client[('shashis-MacBook-Air.local', 28393)]:DEBUG: Sending id to parent...
[2014-11-12 21:30:11,411]da.api:DEBUG: Current process is ('shashis-MacBook-Air.local', 19229)
[2014-11-12 21:30:11,411]da.api:DEBUG: Creating 3 instances of <class 'chainreplication.server'>..
[2014-11-12 21:30:11,416]da.api:DEBUG: 3 instances of server created.
[2014-11-12 21:30:11,418]runtime.UdpEndPoint(shashis-MacBook-Air.local_25797):DEBUG: UdpEndPoint ('shashis-MacBook-Air.local', 25797) initialization complete
[2014-11-12 21:30:11,419]server[('shashis-MacBook-Air.local', 25797)]:DEBUG: Sending id to parent...
[2014-11-12 21:30:11,420]runtime.UdpEndPoint(shashis-MacBook-Air.local_33199):DEBUG: UdpEndPoint ('shashis-MacBook-Air.local', 33199) initialization complete
[2014-11-12 21:30:11,421]server[('shashis-MacBook-Air.local', 33199)]:DEBUG: Sending id to parent...
[2014-11-12 21:30:11,422]runtime.UdpEndPoint(shashis-MacBook-Air.local_27523):DEBUG: UdpEndPoint ('shashis-MacBook-Air.local', 27523) initialization complete
[2014-11-12 21:30:11,423]server[('shashis-MacBook-Air.local', 27523)]:DEBUG: Sending id to parent...
[2014-11-12 21:30:11,426]server[('shashis-MacBook-Air.local', 25797)]:DEBUG: Running setup..
[2014-11-12 21:30:11,426]da.api:DEBUG: Starting [<server('shashis-MacBook-Air.local', 25797)>, <server('shashis-MacBook-Air.local', 33199)>, <server('shashis-MacBook-Air.local', 27523)>]...
[2014-11-12 21:30:11,426]server[('shashis-MacBook-Air.local', 33199)]:DEBUG: Running setup..
[2014-11-12 21:30:11,426]server[('shashis-MacBook-Air.local', 27523)]:DEBUG: Running setup..
[2014-11-12 21:30:11,426]server[('shashis-MacBook-Air.local', 33199)]:INFO: tfcu::server2::self.chainExtensionFailureMaxMsg  0
[2014-11-12 21:30:11,426]server[('shashis-MacBook-Air.local', 25797)]:INFO: tfcu::head(server1)::self.chainExtensionFailureMaxMsg  0
[2014-11-12 21:30:11,426]server[('shashis-MacBook-Air.local', 27523)]:INFO: tfcu::tail(server3)::self.chainExtensionFailureMaxMsg  0
[2014-11-12 21:30:11,427]server[('shashis-MacBook-Air.local', 25797)]:INFO: tfcu::head(server1)::server set up called.. timeout 100
[2014-11-12 21:30:11,427]server[('shashis-MacBook-Air.local', 33199)]:INFO: tfcu::server2::server set up called.. timeout 1
[2014-11-12 21:30:11,427]server[('shashis-MacBook-Air.local', 27523)]:INFO: tfcu::tail(server3)::server set up called.. timeout 100
[2014-11-12 21:30:11,428]da.api:DEBUG: Starting [<client('shashis-MacBook-Air.local', 28393)>]...
[2014-11-12 21:30:11,428]client[('shashis-MacBook-Air.local', 28393)]:DEBUG: Running setup..
[2014-11-12 21:30:11,428]da.api:DEBUG: Starting {<master('shashis-MacBook-Air.local', 38976)>}...
[2014-11-12 21:30:11,428]da.api:INFO: Terminating...
[2014-11-12 21:30:11,428]client[('shashis-MacBook-Air.local', 28393)]:INFO: tfcu::client1::no of requests to be sent is... 5
[2014-11-12 21:30:11,428]master[('shashis-MacBook-Air.local', 38976)]:DEBUG: Running setup..
[2014-11-12 21:30:11,429]client[('shashis-MacBook-Air.local', 28393)]:INFO: tfcu::client1:: set up called...
[2014-11-12 21:30:11,429]master[('shashis-MacBook-Air.local', 38976)]:INFO: master:: set up called...
[2014-11-12 21:30:11,429]client[('shashis-MacBook-Air.local', 28393)]:DEBUG: 'start' command received, commencing...
[2014-11-12 21:30:11,430]master[('shashis-MacBook-Air.local', 38976)]:DEBUG: 'start' command received, commencing...
[2014-11-12 21:30:11,430]master[('shashis-MacBook-Air.local', 38976)]:INFO: master:: main called...
[2014-11-12 21:30:11,430]client[('shashis-MacBook-Air.local', 28393)]:INFO: tfcu::client1:: sending request to bank (reqid= icici.client1.1, operation=Deposit, accNum=123456, amount=300)
[2014-11-12 21:30:11,431]client[('shashis-MacBook-Air.local', 28393)]:DEBUG: triggering event <SentEvent time:None to:<server('shashis-MacBook-Air.local', 25797)> from:<client('shashis-MacBook-Air.local', 28393)> msg:('icici.client1.1', 'Deposit', 123456, 300)>
[2014-11-12 21:30:11,431]server[('shashis-MacBook-Air.local', 25797)]:DEBUG: triggering event <ReceivedEvent time:None to:None from:<client('shashis-MacBook-Air.local', 28393)> msg:('icici.client1.1', 'Deposit', 123456, 300)>
[2014-11-12 21:30:11,432]da.api:DEBUG: Unknown proc: ('shashis-MacBook-Air.local', 28393)
[2014-11-12 21:30:11,432]client[('shashis-MacBook-Air.local', 28393)]:INFO: tfcu::client1:: sending request to bank (reqid= icici.client1.2, operation=Deposit, accNum=123456, amount=100)
[2014-11-12 21:30:11,432]client[('shashis-MacBook-Air.local', 28393)]:DEBUG: triggering event <SentEvent time:None to:<server('shashis-MacBook-Air.local', 25797)> from:<client('shashis-MacBook-Air.local', 28393)> msg:('icici.client1.2', 'Deposit', 123456, 100)>
[2014-11-12 21:30:11,433]da.api:DEBUG: Unknown proc: ('shashis-MacBook-Air.local', 28393)
[2014-11-12 21:30:11,433]server[('shashis-MacBook-Air.local', 25797)]:INFO: tfcu::head(server1)::current request count is : 1
[2014-11-12 21:30:11,433]client[('shashis-MacBook-Air.local', 28393)]:INFO: tfcu::client1:: sending request to bank (reqid= icici.client1.3, operation=Deposit, accNum=123456, amount=1000)
[2014-11-12 21:30:11,433]server[('shashis-MacBook-Air.local', 25797)]:INFO: tfcu::head(server1)::received request from client: (reqid= icici.client1.1, operation=Deposit, accNum=123456, amount=300)
[2014-11-12 21:30:11,434]client[('shashis-MacBook-Air.local', 28393)]:DEBUG: triggering event <SentEvent time:None to:<server('shashis-MacBook-Air.local', 25797)> from:<client('shashis-MacBook-Air.local', 28393)> msg:('icici.client1.3', 'Deposit', 123456, 1000)>
[2014-11-12 21:30:11,434]server[('shashis-MacBook-Air.local', 25797)]:INFO: tfcu::head(server1)::sending sync to successor for reqid = icici.client1.1
[2014-11-12 21:30:11,435]da.api:DEBUG: Unknown proc: ('shashis-MacBook-Air.local', 28393)
[2014-11-12 21:30:11,435]client[('shashis-MacBook-Air.local', 28393)]:INFO: tfcu::client1:: sending request to bank (reqid= icici.client1.4, operation=Withdraw, accNum=123456, amount=600)
[2014-11-12 21:30:11,435]client[('shashis-MacBook-Air.local', 28393)]:DEBUG: triggering event <SentEvent time:None to:<server('shashis-MacBook-Air.local', 25797)> from:<client('shashis-MacBook-Air.local', 28393)> msg:('icici.client1.4', 'Withdraw', 123456, 600)>
[2014-11-12 21:30:11,435]server[('shashis-MacBook-Air.local', 25797)]:DEBUG: triggering event <SentEvent time:None to:<server('shashis-MacBook-Air.local', 33199)> from:<server('shashis-MacBook-Air.local', 25797)> msg:('Sync', 'icici.client1.1', 'Deposit', 123456, 300, <Outcome.Processed: 1>, <client('shashis-MacBook-Air.local', 28393)>)>
[2014-11-12 21:30:11,436]server[('shashis-MacBook-Air.local', 33199)]:DEBUG: triggering event <ReceivedEvent time:None to:None from:<server('shashis-MacBook-Air.local', 25797)> msg:('Sync', 'icici.client1.1', 'Deposit', 123456, 300, <Outcome.Processed: 1>, <client('shashis-MacBook-Air.local', 28393)>)>
[2014-11-12 21:30:11,437]da.api:DEBUG: Unknown proc: ('shashis-MacBook-Air.local', 28393)
[2014-11-12 21:30:11,436]client[('shashis-MacBook-Air.local', 28393)]:INFO: tfcu::client1:: sending request to bank (reqid= icici.client1.5, operation=Query, accNum=123456, amount=None)
[2014-11-12 21:30:11,437]server[('shashis-MacBook-Air.local', 25797)]:DEBUG: triggering event <ReceivedEvent time:None to:None from:<client('shashis-MacBook-Air.local', 28393)> msg:('icici.client1.2', 'Deposit', 123456, 100)>
[2014-11-12 21:30:11,439]server[('shashis-MacBook-Air.local', 25797)]:INFO: tfcu::head(server1)::current request count is : 2
[2014-11-12 21:30:11,439]server[('shashis-MacBook-Air.local', 33199)]:INFO: tfcu::server2::current request count is : 1
[2014-11-12 21:30:11,439]server[('shashis-MacBook-Air.local', 25797)]:INFO: tfcu::head(server1)::received request from client: (reqid= icici.client1.2, operation=Deposit, accNum=123456, amount=100)
[2014-11-12 21:30:11,439]server[('shashis-MacBook-Air.local', 33199)]:INFO: tfcu::server2::received sync : (reqid= icici.client1.1, operation=Deposit, accNum=123456, amount=300)
[2014-11-12 21:30:11,440]server[('shashis-MacBook-Air.local', 25797)]:INFO: tfcu::head(server1)::sending sync to successor for reqid = icici.client1.2
[2014-11-12 21:30:11,440]da.api:DEBUG: Unknown proc: ('shashis-MacBook-Air.local', 25797)
[2014-11-12 21:30:11,440]server[('shashis-MacBook-Air.local', 33199)]:INFO: tfcu::server2::sending sync to successor for reqid = icici.client1.1
[2014-11-12 21:30:11,441]client[('shashis-MacBook-Air.local', 28393)]:DEBUG: triggering event <SentEvent time:None to:<server('shashis-MacBook-Air.local', 27523)> from:<client('shashis-MacBook-Air.local', 28393)> msg:('icici.client1.5', 'Query', 123456, None)>
[2014-11-12 21:30:11,441]server[('shashis-MacBook-Air.local', 25797)]:DEBUG: triggering event <SentEvent time:None to:<server('shashis-MacBook-Air.local', 33199)> from:<server('shashis-MacBook-Air.local', 25797)> msg:('Sync', 'icici.client1.2', 'Deposit', 123456, 100, <Outcome.Processed: 1>, <client('shashis-MacBook-Air.local', 28393)>)>
[2014-11-12 21:30:11,441]server[('shashis-MacBook-Air.local', 27523)]:DEBUG: triggering event <ReceivedEvent time:None to:None from:<client('shashis-MacBook-Air.local', 28393)> msg:('icici.client1.5', 'Query', 123456, None)>
[2014-11-12 21:30:11,441]server[('shashis-MacBook-Air.local', 33199)]:DEBUG: triggering event <SentEvent time:None to:<server('shashis-MacBook-Air.local', 27523)> from:<server('shashis-MacBook-Air.local', 33199)> msg:('Sync', 'icici.client1.1', 'Deposit', 123456, 300, <Outcome.Processed: 1>, <client('shashis-MacBook-Air.local', 28393)>)>
[2014-11-12 21:30:11,442]da.api:DEBUG: Unknown proc: ('shashis-MacBook-Air.local', 28393)
[2014-11-12 21:30:11,443]da.api:DEBUG: Unknown proc: ('shashis-MacBook-Air.local', 33199)
[2014-11-12 21:30:11,443]server[('shashis-MacBook-Air.local', 33199)]:DEBUG: triggering event <ReceivedEvent time:None to:None from:<server('shashis-MacBook-Air.local', 25797)> msg:('Sync', 'icici.client1.2', 'Deposit', 123456, 100, <Outcome.Processed: 1>, <client('shashis-MacBook-Air.local', 28393)>)>
[2014-11-12 21:30:11,443]da.api:DEBUG: Unknown proc: ('shashis-MacBook-Air.local', 25797)
[2014-11-12 21:30:11,443]server[('shashis-MacBook-Air.local', 25797)]:DEBUG: triggering event <ReceivedEvent time:None to:None from:<client('shashis-MacBook-Air.local', 28393)> msg:('icici.client1.3', 'Deposit', 123456, 1000)>
[2014-11-12 21:30:11,443]server[('shashis-MacBook-Air.local', 27523)]:INFO: tfcu::tail(server3)::current request count is : 1
[2014-11-12 21:30:11,444]server[('shashis-MacBook-Air.local', 27523)]:INFO: tfcu::tail(server3)::shashi::received query request from client: (reqid =icici.client1.5, operation = Query, accNum =123456)
[2014-11-12 21:30:11,444]server[('shashis-MacBook-Air.local', 25797)]:INFO: tfcu::head(server1)::current request count is : 3
[2014-11-12 21:30:11,444]server[('shashis-MacBook-Air.local', 33199)]:INFO: tfcu::server2:: crashing server...
[2014-11-12 21:30:11,444]server[('shashis-MacBook-Air.local', 27523)]:INFO: tfcu::tail(server3)::sending reply to client: (reqid = icici.client1.5, outcome= Outcome.Processed, balance = 0)
[2014-11-12 21:30:11,445]server[('shashis-MacBook-Air.local', 25797)]:INFO: tfcu::head(server1)::received request from client: (reqid= icici.client1.3, operation=Deposit, accNum=123456, amount=1000)
[2014-11-12 21:30:11,445]server[('shashis-MacBook-Air.local', 25797)]:INFO: tfcu::head(server1)::sending sync to successor for reqid = icici.client1.3
[2014-11-12 21:30:11,445]server[('shashis-MacBook-Air.local', 27523)]:DEBUG: triggering event <SentEvent time:None to:<client('shashis-MacBook-Air.local', 28393)> from:<server('shashis-MacBook-Air.local', 27523)> msg:('Reply', 'icici.client1.5', <Outcome.Processed: 1>, 0)>
[2014-11-12 21:30:11,446]client[('shashis-MacBook-Air.local', 28393)]:DEBUG: triggering event <ReceivedEvent time:None to:None from:<server('shashis-MacBook-Air.local', 27523)> msg:('Reply', 'icici.client1.5', <Outcome.Processed: 1>, 0)>
[2014-11-12 21:30:11,446]server[('shashis-MacBook-Air.local', 25797)]:DEBUG: triggering event <SentEvent time:None to:<server('shashis-MacBook-Air.local', 33199)> from:<server('shashis-MacBook-Air.local', 25797)> msg:('Sync', 'icici.client1.3', 'Deposit', 123456, 1000, <Outcome.Processed: 1>, <client('shashis-MacBook-Air.local', 28393)>)>
[2014-11-12 21:30:11,446]server[('shashis-MacBook-Air.local', 33199)]:DEBUG: triggering event <ReceivedEvent time:None to:None from:<server('shashis-MacBook-Air.local', 25797)> msg:('Sync', 'icici.client1.3', 'Deposit', 123456, 1000, <Outcome.Processed: 1>, <client('shashis-MacBook-Air.local', 28393)>)>
[2014-11-12 21:30:11,447]client[('shashis-MacBook-Air.local', 28393)]:INFO: tfcu::client1::reply from server: (reqid=icici.client1.5, outcome=Outcome.Processed,balance= 0
[2014-11-12 21:30:11,448]server[('shashis-MacBook-Air.local', 25797)]:DEBUG: triggering event <ReceivedEvent time:None to:None from:<client('shashis-MacBook-Air.local', 28393)> msg:('icici.client1.4', 'Withdraw', 123456, 600)>
[2014-11-12 21:30:11,448]server[('shashis-MacBook-Air.local', 27523)]:DEBUG: triggering event <ReceivedEvent time:None to:None from:<server('shashis-MacBook-Air.local', 33199)> msg:('Sync', 'icici.client1.1', 'Deposit', 123456, 300, <Outcome.Processed: 1>, <client('shashis-MacBook-Air.local', 28393)>)>
[2014-11-12 21:30:11,448]server[('shashis-MacBook-Air.local', 33199)]:INFO: tfcu::server2:: crashing server...
[2014-11-12 21:30:11,449]da.api:DEBUG: Unknown proc: ('shashis-MacBook-Air.local', 25797)
[2014-11-12 21:30:11,449]server[('shashis-MacBook-Air.local', 25797)]:INFO: tfcu::head(server1)::current request count is : 4
[2014-11-12 21:30:11,449]da.api:DEBUG: Unknown proc: ('shashis-MacBook-Air.local', 27523)
[2014-11-12 21:30:11,450]server[('shashis-MacBook-Air.local', 25797)]:INFO: tfcu::head(server1)::received request from client: (reqid= icici.client1.4, operation=Withdraw, accNum=123456, amount=600)
[2014-11-12 21:30:11,450]server[('shashis-MacBook-Air.local', 25797)]:INFO: tfcu::head(server1)::sending sync to successor for reqid = icici.client1.4
[2014-11-12 21:30:11,450]server[('shashis-MacBook-Air.local', 27523)]:INFO: tfcu::tail(server3)::current request count is : 2
[2014-11-12 21:30:11,451]server[('shashis-MacBook-Air.local', 27523)]:INFO: tfcu::tail(server3)::received sync : (reqid= icici.client1.1, operation=Deposit, accNum=123456, amount=300)
[2014-11-12 21:30:11,451]server[('shashis-MacBook-Air.local', 25797)]:DEBUG: triggering event <SentEvent time:None to:<server('shashis-MacBook-Air.local', 33199)> from:<server('shashis-MacBook-Air.local', 25797)> msg:('Sync', 'icici.client1.4', 'Withdraw', 123456, 600, <Outcome.Processed: 1>, <client('shashis-MacBook-Air.local', 28393)>)>
[2014-11-12 21:30:11,451]server[('shashis-MacBook-Air.local', 27523)]:INFO: tfcu::tail(server3)::sending ack to predecessor for reqid = icici.client1.1
[2014-11-12 21:30:11,451]server[('shashis-MacBook-Air.local', 33199)]:DEBUG: triggering event <ReceivedEvent time:None to:None from:<server('shashis-MacBook-Air.local', 25797)> msg:('Sync', 'icici.client1.4', 'Withdraw', 123456, 600, <Outcome.Processed: 1>, <client('shashis-MacBook-Air.local', 28393)>)>
[2014-11-12 21:30:11,452]da.api:DEBUG: Unknown proc: ('shashis-MacBook-Air.local', 25797)
[2014-11-12 21:30:11,452]server[('shashis-MacBook-Air.local', 27523)]:DEBUG: triggering event <SentEvent time:None to:<server('shashis-MacBook-Air.local', 33199)> from:<server('shashis-MacBook-Air.local', 27523)> msg:('Ack', 'icici.client1.1', 'Deposit', 123456, 300, <Outcome.Processed: 1>, <client('shashis-MacBook-Air.local', 28393)>)>
[2014-11-12 21:30:11,453]da.api:DEBUG: Unknown proc: ('shashis-MacBook-Air.local', 27523)
[2014-11-12 21:30:11,453]server[('shashis-MacBook-Air.local', 27523)]:INFO: tfcu::tail(server3)::sending reply to client: (reqid = icici.client1.1, outcome= Outcome.Processed, balance = 300)
[2014-11-12 21:30:11,453]server[('shashis-MacBook-Air.local', 33199)]:INFO: tfcu::server2:: crashing server...
[2014-11-12 21:30:11,454]server[('shashis-MacBook-Air.local', 27523)]:DEBUG: triggering event <SentEvent time:None to:<client('shashis-MacBook-Air.local', 28393)> from:<server('shashis-MacBook-Air.local', 27523)> msg:('Reply', 'icici.client1.1', <Outcome.Processed: 1>, 300)>
[2014-11-12 21:30:11,454]server[('shashis-MacBook-Air.local', 33199)]:DEBUG: triggering event <ReceivedEvent time:None to:None from:<server('shashis-MacBook-Air.local', 27523)> msg:('Ack', 'icici.client1.1', 'Deposit', 123456, 300, <Outcome.Processed: 1>, <client('shashis-MacBook-Air.local', 28393)>)>
[2014-11-12 21:30:11,454]client[('shashis-MacBook-Air.local', 28393)]:DEBUG: triggering event <ReceivedEvent time:None to:None from:<server('shashis-MacBook-Air.local', 27523)> msg:('Reply', 'icici.client1.1', <Outcome.Processed: 1>, 300)>
[2014-11-12 21:30:11,455]client[('shashis-MacBook-Air.local', 28393)]:INFO: tfcu::client1::reply from server: (reqid=icici.client1.1, outcome=Outcome.Processed,balance= 300
[2014-11-12 21:30:11,456]server[('shashis-MacBook-Air.local', 33199)]:INFO: tfcu::server2::received Ack from successor for reqid = icici.client1.1
[2014-11-12 21:30:11,457]da.api:DEBUG: Unknown proc: ('shashis-MacBook-Air.local', 27523)
[2014-11-12 21:30:11,457]server[('shashis-MacBook-Air.local', 33199)]:INFO: tfcu::server2::sending ack predecessor for reqid = icici.client1.1
[2014-11-12 21:30:11,457]server[('shashis-MacBook-Air.local', 33199)]:INFO: tfcu::server2::shashiiiiiii
[2014-11-12 21:30:11,458]server[('shashis-MacBook-Air.local', 33199)]:DEBUG: triggering event <SentEvent time:None to:<server('shashis-MacBook-Air.local', 25797)> from:<server('shashis-MacBook-Air.local', 33199)> msg:('Ack', 'icici.client1.1', 'Deposit', 123456, <Outcome.Processed: 1>, 300, <client('shashis-MacBook-Air.local', 28393)>)>
[2014-11-12 21:30:11,458]server[('shashis-MacBook-Air.local', 25797)]:DEBUG: triggering event <ReceivedEvent time:None to:None from:<server('shashis-MacBook-Air.local', 33199)> msg:('Ack', 'icici.client1.1', 'Deposit', 123456, <Outcome.Processed: 1>, 300, <client('shashis-MacBook-Air.local', 28393)>)>
[2014-11-12 21:30:11,459]da.api:DEBUG: Unknown proc: ('shashis-MacBook-Air.local', 33199)
[2014-11-12 21:30:11,460]server[('shashis-MacBook-Air.local', 25797)]:INFO: tfcu::head(server1)::received Ack from successor for reqid = icici.client1.1
[2014-11-12 21:30:14,429]server[('shashis-MacBook-Air.local', 25797)]:INFO: tfcu::head(server1)::heartbeat sending..
[2014-11-12 21:30:14,429]server[('shashis-MacBook-Air.local', 27523)]:INFO: tfcu::tail(server3)::heartbeat sending..
[2014-11-12 21:30:14,431]server[('shashis-MacBook-Air.local', 25797)]:DEBUG: triggering event <SentEvent time:None to:{<master('shashis-MacBook-Air.local', 38976)>} from:<server('shashis-MacBook-Air.local', 25797)> msg:('heartbeat',)>
[2014-11-12 21:30:14,431]server[('shashis-MacBook-Air.local', 27523)]:DEBUG: triggering event <SentEvent time:None to:{<master('shashis-MacBook-Air.local', 38976)>} from:<server('shashis-MacBook-Air.local', 27523)> msg:('heartbeat',)>
[2014-11-12 21:30:14,431]master[('shashis-MacBook-Air.local', 38976)]:DEBUG: triggering event <ReceivedEvent time:None to:None from:<server('shashis-MacBook-Air.local', 27523)> msg:('heartbeat',)>
[2014-11-12 21:30:14,432]da.api:DEBUG: Unknown proc: ('shashis-MacBook-Air.local', 25797)
[2014-11-12 21:30:14,433]da.api:DEBUG: Unknown proc: ('shashis-MacBook-Air.local', 27523)
[2014-11-12 21:30:14,432]master[('shashis-MacBook-Air.local', 38976)]:INFO: master::heartbeat received...
[2014-11-12 21:30:14,433]master[('shashis-MacBook-Air.local', 38976)]:DEBUG: triggering event <ReceivedEvent time:None to:None from:<server('shashis-MacBook-Air.local', 25797)> msg:('heartbeat',)>
[2014-11-12 21:30:14,434]master[('shashis-MacBook-Air.local', 38976)]:INFO: master::heartbeat received...
[2014-11-12 21:30:16,431]master[('shashis-MacBook-Air.local', 38976)]:INFO: master::timeout called...
[2014-11-12 21:30:16,432]master[('shashis-MacBook-Air.local', 38976)]:INFO: master::no of servers 3
[2014-11-12 21:30:16,433]master[('shashis-MacBook-Air.local', 38976)]:DEBUG: triggering event <SentEvent time:None to:<server('shashis-MacBook-Air.local', 25797)> from:<master('shashis-MacBook-Air.local', 38976)> msg:('newsuccessor', <server('shashis-MacBook-Air.local', 27523)>)>
[2014-11-12 21:30:16,433]server[('shashis-MacBook-Air.local', 25797)]:DEBUG: triggering event <ReceivedEvent time:None to:None from:<master('shashis-MacBook-Air.local', 38976)> msg:('newsuccessor', <server('shashis-MacBook-Air.local', 27523)>)>
[2014-11-12 21:30:16,435]master[('shashis-MacBook-Air.local', 38976)]:DEBUG: triggering event <SentEvent time:None to:<server('shashis-MacBook-Air.local', 27523)> from:<master('shashis-MacBook-Air.local', 38976)> msg:('newpredecessor', <server('shashis-MacBook-Air.local', 25797)>)>
[2014-11-12 21:30:16,435]server[('shashis-MacBook-Air.local', 27523)]:DEBUG: triggering event <ReceivedEvent time:None to:None from:<master('shashis-MacBook-Air.local', 38976)> msg:('newpredecessor', <server('shashis-MacBook-Air.local', 25797)>)>
[2014-11-12 21:30:16,436]master[('shashis-MacBook-Air.local', 38976)]:INFO: master::crashed server in chain index is 1
[2014-11-12 21:30:16,437]server[('shashis-MacBook-Air.local', 25797)]:DEBUG: triggering event <SentEvent time:None to:<server('shashis-MacBook-Air.local', 27523)> from:<server('shashis-MacBook-Air.local', 25797)> msg:('pendingtransactions', [('icici.client1.1', 'Deposit', 123456, 300, <client('shashis-MacBook-Air.local', 28393)>), ('icici.client1.2', 'Deposit', 123456, 100, <client('shashis-MacBook-Air.local', 28393)>), ('icici.client1.3', 'Deposit', 123456, 1000, <client('shashis-MacBook-Air.local', 28393)>), ('icici.client1.4', 'Withdraw', 123456, 600, <client('shashis-MacBook-Air.local', 28393)>)])>
[2014-11-12 21:30:16,438]server[('shashis-MacBook-Air.local', 27523)]:DEBUG: triggering event <ReceivedEvent time:None to:None from:<server('shashis-MacBook-Air.local', 25797)> msg:('pendingtransactions', [('icici.client1.1', 'Deposit', 123456, 300, <client('shashis-MacBook-Air.local', 28393)>), ('icici.client1.2', 'Deposit', 123456, 100, <client('shashis-MacBook-Air.local', 28393)>), ('icici.client1.3', 'Deposit', 123456, 1000, <client('shashis-MacBook-Air.local', 28393)>), ('icici.client1.4', 'Withdraw', 123456, 600, <client('shashis-MacBook-Air.local', 28393)>)])>
[2014-11-12 21:30:16,439]da.api:DEBUG: Unknown proc: ('shashis-MacBook-Air.local', 25797)
[2014-11-12 21:30:16,440]server[('shashis-MacBook-Air.local', 27523)]:INFO: tfcu::tail(server3)::received pending transation from predecesor
[2014-11-12 21:30:16,441]server[('shashis-MacBook-Air.local', 27523)]:INFO: tfcu::tail(server3)::received pending trans reqids: icici.client1.1
[2014-11-12 21:30:16,441]server[('shashis-MacBook-Air.local', 27523)]:INFO: tfcu::tail(server3)::received pending trans reqids: icici.client1.2
[2014-11-12 21:30:16,441]server[('shashis-MacBook-Air.local', 27523)]:INFO: tfcu::tail(server3)::received pending trans reqids: icici.client1.3
[2014-11-12 21:30:16,441]server[('shashis-MacBook-Air.local', 27523)]:INFO: tfcu::tail(server3)::received pending trans reqids: icici.client1.4
[2014-11-12 21:30:16,442]server[('shashis-MacBook-Air.local', 27523)]:INFO: tfcu::tail(server3)::self completed trans reqids: icici.client1.1
[2014-11-12 21:30:16,442]server[('shashis-MacBook-Air.local', 27523)]:INFO: tfcu::tail(server3)::sending ack to predecessor for reqid = icici.client1.1
[2014-11-12 21:30:16,443]server[('shashis-MacBook-Air.local', 27523)]:DEBUG: triggering event <SentEvent time:None to:<server('shashis-MacBook-Air.local', 25797)> from:<server('shashis-MacBook-Air.local', 27523)> msg:('Ack', 'icici.client1.1', 'Deposit', 123456, 300, <Outcome.Processed: 1>, <client('shashis-MacBook-Air.local', 28393)>)>
[2014-11-12 21:30:16,443]server[('shashis-MacBook-Air.local', 25797)]:DEBUG: triggering event <ReceivedEvent time:None to:None from:<server('shashis-MacBook-Air.local', 27523)> msg:('Ack', 'icici.client1.1', 'Deposit', 123456, 300, <Outcome.Processed: 1>, <client('shashis-MacBook-Air.local', 28393)>)>
[2014-11-12 21:30:16,444]da.api:DEBUG: Unknown proc: ('shashis-MacBook-Air.local', 27523)
[2014-11-12 21:30:16,444]server[('shashis-MacBook-Air.local', 27523)]:INFO: tfcu::tail(server3)::pendingtransactions3
[2014-11-12 21:30:16,444]server[('shashis-MacBook-Air.local', 27523)]:INFO: tfcu::tail(server3)::current request count is : 3
[2014-11-12 21:30:16,444]server[('shashis-MacBook-Air.local', 27523)]:INFO: tfcu::tail(server3)::received sync : (reqid= icici.client1.2, operation=Deposit, accNum=123456, amount=100)
[2014-11-12 21:30:16,444]server[('shashis-MacBook-Air.local', 25797)]:INFO: tfcu::head(server1)::received Ack from successor for reqid = icici.client1.1
[2014-11-12 21:30:16,445]server[('shashis-MacBook-Air.local', 27523)]:INFO: tfcu::tail(server3)::sending ack to predecessor for reqid = icici.client1.2
[2014-11-12 21:30:16,446]server[('shashis-MacBook-Air.local', 27523)]:DEBUG: triggering event <SentEvent time:None to:<server('shashis-MacBook-Air.local', 25797)> from:<server('shashis-MacBook-Air.local', 27523)> msg:('Ack', 'icici.client1.2', 'Deposit', 123456, 100, <Outcome.Processed: 1>, <client('shashis-MacBook-Air.local', 28393)>)>
[2014-11-12 21:30:16,446]server[('shashis-MacBook-Air.local', 25797)]:DEBUG: triggering event <ReceivedEvent time:None to:None from:<server('shashis-MacBook-Air.local', 27523)> msg:('Ack', 'icici.client1.2', 'Deposit', 123456, 100, <Outcome.Processed: 1>, <client('shashis-MacBook-Air.local', 28393)>)>
[2014-11-12 21:30:16,446]da.api:DEBUG: Unknown proc: ('shashis-MacBook-Air.local', 27523)
[2014-11-12 21:30:16,446]server[('shashis-MacBook-Air.local', 27523)]:INFO: tfcu::tail(server3)::sending reply to client: (reqid = icici.client1.2, outcome= Outcome.Processed, balance = 400)
[2014-11-12 21:30:16,447]server[('shashis-MacBook-Air.local', 27523)]:DEBUG: triggering event <SentEvent time:None to:<client('shashis-MacBook-Air.local', 28393)> from:<server('shashis-MacBook-Air.local', 27523)> msg:('Reply', 'icici.client1.2', <Outcome.Processed: 1>, 400)>
[2014-11-12 21:30:16,447]client[('shashis-MacBook-Air.local', 28393)]:DEBUG: triggering event <ReceivedEvent time:None to:None from:<server('shashis-MacBook-Air.local', 27523)> msg:('Reply', 'icici.client1.2', <Outcome.Processed: 1>, 400)>
[2014-11-12 21:30:16,447]server[('shashis-MacBook-Air.local', 25797)]:INFO: tfcu::head(server1)::received Ack from successor for reqid = icici.client1.2
[2014-11-12 21:30:16,448]da.api:DEBUG: Unknown proc: ('shashis-MacBook-Air.local', 27523)
[2014-11-12 21:30:16,448]client[('shashis-MacBook-Air.local', 28393)]:INFO: tfcu::client1::reply from server: (reqid=icici.client1.2, outcome=Outcome.Processed,balance= 400
[2014-11-12 21:30:16,448]server[('shashis-MacBook-Air.local', 27523)]:INFO: tfcu::tail(server3)::pendingtransactions3
[2014-11-12 21:30:16,449]server[('shashis-MacBook-Air.local', 27523)]:INFO: tfcu::tail(server3)::current request count is : 4
[2014-11-12 21:30:16,449]server[('shashis-MacBook-Air.local', 27523)]:INFO: tfcu::tail(server3)::received sync : (reqid= icici.client1.3, operation=Deposit, accNum=123456, amount=1000)
[2014-11-12 21:30:16,449]server[('shashis-MacBook-Air.local', 27523)]:INFO: tfcu::tail(server3)::sending ack to predecessor for reqid = icici.client1.3
[2014-11-12 21:30:16,450]server[('shashis-MacBook-Air.local', 27523)]:DEBUG: triggering event <SentEvent time:None to:<server('shashis-MacBook-Air.local', 25797)> from:<server('shashis-MacBook-Air.local', 27523)> msg:('Ack', 'icici.client1.3', 'Deposit', 123456, 1000, <Outcome.Processed: 1>, <client('shashis-MacBook-Air.local', 28393)>)>
[2014-11-12 21:30:16,450]server[('shashis-MacBook-Air.local', 25797)]:DEBUG: triggering event <ReceivedEvent time:None to:None from:<server('shashis-MacBook-Air.local', 27523)> msg:('Ack', 'icici.client1.3', 'Deposit', 123456, 1000, <Outcome.Processed: 1>, <client('shashis-MacBook-Air.local', 28393)>)>
[2014-11-12 21:30:16,451]da.api:DEBUG: Unknown proc: ('shashis-MacBook-Air.local', 27523)
[2014-11-12 21:30:16,451]server[('shashis-MacBook-Air.local', 27523)]:INFO: tfcu::tail(server3)::sending reply to client: (reqid = icici.client1.3, outcome= Outcome.Processed, balance = 1400)
[2014-11-12 21:30:16,451]server[('shashis-MacBook-Air.local', 27523)]:DEBUG: triggering event <SentEvent time:None to:<client('shashis-MacBook-Air.local', 28393)> from:<server('shashis-MacBook-Air.local', 27523)> msg:('Reply', 'icici.client1.3', <Outcome.Processed: 1>, 1400)>
[2014-11-12 21:30:16,452]client[('shashis-MacBook-Air.local', 28393)]:DEBUG: triggering event <ReceivedEvent time:None to:None from:<server('shashis-MacBook-Air.local', 27523)> msg:('Reply', 'icici.client1.3', <Outcome.Processed: 1>, 1400)>
[2014-11-12 21:30:16,452]server[('shashis-MacBook-Air.local', 25797)]:INFO: tfcu::head(server1)::received Ack from successor for reqid = icici.client1.3
[2014-11-12 21:30:16,453]da.api:DEBUG: Unknown proc: ('shashis-MacBook-Air.local', 27523)
[2014-11-12 21:30:16,452]client[('shashis-MacBook-Air.local', 28393)]:INFO: tfcu::client1::reply from server: (reqid=icici.client1.3, outcome=Outcome.Processed,balance= 1400
[2014-11-12 21:30:16,452]server[('shashis-MacBook-Air.local', 27523)]:INFO: tfcu::tail(server3)::pendingtransactions3
[2014-11-12 21:30:16,453]server[('shashis-MacBook-Air.local', 27523)]:INFO: tfcu::tail(server3)::current request count is : 5
[2014-11-12 21:30:16,453]server[('shashis-MacBook-Air.local', 27523)]:INFO: tfcu::tail(server3)::received sync : (reqid= icici.client1.4, operation=Withdraw, accNum=123456, amount=600)
[2014-11-12 21:30:16,453]server[('shashis-MacBook-Air.local', 27523)]:INFO: tfcu::tail(server3)::sending ack to predecessor for reqid = icici.client1.4
[2014-11-12 21:30:16,454]server[('shashis-MacBook-Air.local', 27523)]:DEBUG: triggering event <SentEvent time:None to:<server('shashis-MacBook-Air.local', 25797)> from:<server('shashis-MacBook-Air.local', 27523)> msg:('Ack', 'icici.client1.4', 'Withdraw', 123456, 600, <Outcome.Processed: 1>, <client('shashis-MacBook-Air.local', 28393)>)>
[2014-11-12 21:30:16,454]server[('shashis-MacBook-Air.local', 25797)]:DEBUG: triggering event <ReceivedEvent time:None to:None from:<server('shashis-MacBook-Air.local', 27523)> msg:('Ack', 'icici.client1.4', 'Withdraw', 123456, 600, <Outcome.Processed: 1>, <client('shashis-MacBook-Air.local', 28393)>)>
[2014-11-12 21:30:16,455]da.api:DEBUG: Unknown proc: ('shashis-MacBook-Air.local', 27523)
[2014-11-12 21:30:16,455]server[('shashis-MacBook-Air.local', 27523)]:INFO: tfcu::tail(server3)::sending reply to client: (reqid = icici.client1.4, outcome= Outcome.Processed, balance = 800)
[2014-11-12 21:30:16,456]server[('shashis-MacBook-Air.local', 27523)]:DEBUG: triggering event <SentEvent time:None to:<client('shashis-MacBook-Air.local', 28393)> from:<server('shashis-MacBook-Air.local', 27523)> msg:('Reply', 'icici.client1.4', <Outcome.Processed: 1>, 800)>
[2014-11-12 21:30:16,456]client[('shashis-MacBook-Air.local', 28393)]:DEBUG: triggering event <ReceivedEvent time:None to:None from:<server('shashis-MacBook-Air.local', 27523)> msg:('Reply', 'icici.client1.4', <Outcome.Processed: 1>, 800)>
[2014-11-12 21:30:16,456]server[('shashis-MacBook-Air.local', 25797)]:INFO: tfcu::head(server1)::received Ack from successor for reqid = icici.client1.4
[2014-11-12 21:30:16,456]client[('shashis-MacBook-Air.local', 28393)]:INFO: tfcu::client1::reply from server: (reqid=icici.client1.4, outcome=Outcome.Processed,balance= 800
[2014-11-12 21:30:16,457]da.api:DEBUG: Unknown proc: ('shashis-MacBook-Air.local', 27523)
[2014-11-12 21:30:17,433]server[('shashis-MacBook-Air.local', 25797)]:INFO: tfcu::head(server1)::heartbeat sending..
[2014-11-12 21:30:17,433]server[('shashis-MacBook-Air.local', 27523)]:INFO: tfcu::tail(server3)::heartbeat sending..
[2014-11-12 21:30:17,435]server[('shashis-MacBook-Air.local', 27523)]:DEBUG: triggering event <SentEvent time:None to:{<master('shashis-MacBook-Air.local', 38976)>} from:<server('shashis-MacBook-Air.local', 27523)> msg:('heartbeat',)>
[2014-11-12 21:30:17,435]server[('shashis-MacBook-Air.local', 25797)]:DEBUG: triggering event <SentEvent time:None to:{<master('shashis-MacBook-Air.local', 38976)>} from:<server('shashis-MacBook-Air.local', 25797)> msg:('heartbeat',)>
[2014-11-12 21:30:17,435]master[('shashis-MacBook-Air.local', 38976)]:DEBUG: triggering event <ReceivedEvent time:None to:None from:<server('shashis-MacBook-Air.local', 25797)> msg:('heartbeat',)>
[2014-11-12 21:30:17,436]da.api:DEBUG: Unknown proc: ('shashis-MacBook-Air.local', 27523)
[2014-11-12 21:30:17,436]master[('shashis-MacBook-Air.local', 38976)]:INFO: master::heartbeat received...
[2014-11-12 21:30:17,437]da.api:DEBUG: Unknown proc: ('shashis-MacBook-Air.local', 25797)
[2014-11-12 21:30:17,437]master[('shashis-MacBook-Air.local', 38976)]:DEBUG: triggering event <ReceivedEvent time:None to:None from:<server('shashis-MacBook-Air.local', 27523)> msg:('heartbeat',)>
[2014-11-12 21:30:17,437]master[('shashis-MacBook-Air.local', 38976)]:INFO: master::heartbeat received...
[2014-11-12 21:30:20,437]server[('shashis-MacBook-Air.local', 25797)]:INFO: tfcu::head(server1)::heartbeat sending..
[2014-11-12 21:30:20,437]server[('shashis-MacBook-Air.local', 27523)]:INFO: tfcu::tail(server3)::heartbeat sending..
[2014-11-12 21:30:20,439]server[('shashis-MacBook-Air.local', 27523)]:DEBUG: triggering event <SentEvent time:None to:{<master('shashis-MacBook-Air.local', 38976)>} from:<server('shashis-MacBook-Air.local', 27523)> msg:('heartbeat',)>
[2014-11-12 21:30:20,439]server[('shashis-MacBook-Air.local', 25797)]:DEBUG: triggering event <SentEvent time:None to:{<master('shashis-MacBook-Air.local', 38976)>} from:<server('shashis-MacBook-Air.local', 25797)> msg:('heartbeat',)>
[2014-11-12 21:30:20,439]master[('shashis-MacBook-Air.local', 38976)]:DEBUG: triggering event <ReceivedEvent time:None to:None from:<server('shashis-MacBook-Air.local', 25797)> msg:('heartbeat',)>
[2014-11-12 21:30:20,440]master[('shashis-MacBook-Air.local', 38976)]:INFO: master::heartbeat received...
[2014-11-12 21:30:20,441]master[('shashis-MacBook-Air.local', 38976)]:DEBUG: triggering event <ReceivedEvent time:None to:None from:<server('shashis-MacBook-Air.local', 27523)> msg:('heartbeat',)>
[2014-11-12 21:30:20,441]da.api:DEBUG: Unknown proc: ('shashis-MacBook-Air.local', 27523)
[2014-11-12 21:30:20,441]da.api:DEBUG: Unknown proc: ('shashis-MacBook-Air.local', 25797)
[2014-11-12 21:30:20,441]master[('shashis-MacBook-Air.local', 38976)]:INFO: master::heartbeat received...
[2014-11-12 21:30:21,438]master[('shashis-MacBook-Air.local', 38976)]:INFO: master::timeout called...
[2014-11-12 21:30:21,438]master[('shashis-MacBook-Air.local', 38976)]:INFO: master::no of servers 2
[2014-11-12 21:30:23,442]server[('shashis-MacBook-Air.local', 27523)]:INFO: tfcu::tail(server3)::heartbeat sending..
[2014-11-12 21:30:23,442]server[('shashis-MacBook-Air.local', 25797)]:INFO: tfcu::head(server1)::heartbeat sending..
[2014-11-12 21:30:23,444]server[('shashis-MacBook-Air.local', 25797)]:DEBUG: triggering event <SentEvent time:None to:{<master('shashis-MacBook-Air.local', 38976)>} from:<server('shashis-MacBook-Air.local', 25797)> msg:('heartbeat',)>
[2014-11-12 21:30:23,444]server[('shashis-MacBook-Air.local', 27523)]:DEBUG: triggering event <SentEvent time:None to:{<master('shashis-MacBook-Air.local', 38976)>} from:<server('shashis-MacBook-Air.local', 27523)> msg:('heartbeat',)>
[2014-11-12 21:30:23,444]master[('shashis-MacBook-Air.local', 38976)]:DEBUG: triggering event <ReceivedEvent time:None to:None from:<server('shashis-MacBook-Air.local', 25797)> msg:('heartbeat',)>
[2014-11-12 21:30:23,445]master[('shashis-MacBook-Air.local', 38976)]:INFO: master::heartbeat received...
[2014-11-12 21:30:23,446]master[('shashis-MacBook-Air.local', 38976)]:DEBUG: triggering event <ReceivedEvent time:None to:None from:<server('shashis-MacBook-Air.local', 27523)> msg:('heartbeat',)>
[2014-11-12 21:30:23,446]da.api:DEBUG: Unknown proc: ('shashis-MacBook-Air.local', 25797)
[2014-11-12 21:30:23,446]da.api:DEBUG: Unknown proc: ('shashis-MacBook-Air.local', 27523)
[2014-11-12 21:30:23,446]master[('shashis-MacBook-Air.local', 38976)]:INFO: master::heartbeat received...
[2014-11-12 21:30:26,440]master[('shashis-MacBook-Air.local', 38976)]:INFO: master::timeout called...
[2014-11-12 21:30:26,441]master[('shashis-MacBook-Air.local', 38976)]:INFO: master::no of servers 2
[2014-11-12 21:30:26,447]server[('shashis-MacBook-Air.local', 27523)]:INFO: tfcu::tail(server3)::heartbeat sending..
[2014-11-12 21:30:26,447]server[('shashis-MacBook-Air.local', 25797)]:INFO: tfcu::head(server1)::heartbeat sending..
[2014-11-12 21:30:26,449]server[('shashis-MacBook-Air.local', 25797)]:DEBUG: triggering event <SentEvent time:None to:{<master('shashis-MacBook-Air.local', 38976)>} from:<server('shashis-MacBook-Air.local', 25797)> msg:('heartbeat',)>
[2014-11-12 21:30:26,449]server[('shashis-MacBook-Air.local', 27523)]:DEBUG: triggering event <SentEvent time:None to:{<master('shashis-MacBook-Air.local', 38976)>} from:<server('shashis-MacBook-Air.local', 27523)> msg:('heartbeat',)>
[2014-11-12 21:30:26,449]master[('shashis-MacBook-Air.local', 38976)]:DEBUG: triggering event <ReceivedEvent time:None to:None from:<server('shashis-MacBook-Air.local', 27523)> msg:('heartbeat',)>
[2014-11-12 21:30:26,450]da.api:DEBUG: Unknown proc: ('shashis-MacBook-Air.local', 25797)
[2014-11-12 21:30:26,450]master[('shashis-MacBook-Air.local', 38976)]:INFO: master::heartbeat received...
[2014-11-12 21:30:26,451]da.api:DEBUG: Unknown proc: ('shashis-MacBook-Air.local', 27523)
[2014-11-12 21:30:26,451]master[('shashis-MacBook-Air.local', 38976)]:DEBUG: triggering event <ReceivedEvent time:None to:None from:<server('shashis-MacBook-Air.local', 25797)> msg:('heartbeat',)>
[2014-11-12 21:30:26,452]master[('shashis-MacBook-Air.local', 38976)]:INFO: master::heartbeat received...
[2014-11-12 21:30:27,469]server[('shashis-MacBook-Air.local', 27523)]:DEBUG: Received KeyboardInterrupt, exiting
[2014-11-12 21:30:27,469]server[('shashis-MacBook-Air.local', 25797)]:DEBUG: Received KeyboardInterrupt, exiting
[2014-11-12 21:30:27,469]server[('shashis-MacBook-Air.local', 33199)]:DEBUG: Received KeyboardInterrupt, exiting
[2014-11-12 21:30:27,474]client[('shashis-MacBook-Air.local', 28393)]:DEBUG: Received KeyboardInterrupt, exiting
[2014-11-12 21:30:27,476]master[('shashis-MacBook-Air.local', 38976)]:DEBUG: Received KeyboardInterrupt, exiting
