[2014-11-12 21:28:54,139]da.api:INFO: Running iteration 1 ...
[2014-11-12 21:28:54,435]runtime.UdpEndPoint(shashis-MacBook-Air.local_31233):DEBUG: UdpEndPoint ('shashis-MacBook-Air.local', 31233) initialization complete
[2014-11-12 21:28:54,483]da.api:DEBUG: Current process is ('shashis-MacBook-Air.local', 31233)
[2014-11-12 21:28:54,484]da.api:DEBUG: Creating 1 instances of <class 'chainreplication.master'>..
[2014-11-12 21:28:54,487]da.api:DEBUG: 1 instances of master created.
[2014-11-12 21:28:54,490]runtime.UdpEndPoint(shashis-MacBook-Air.local_29622):DEBUG: UdpEndPoint ('shashis-MacBook-Air.local', 29622) initialization complete
[2014-11-12 21:28:54,491]master[('shashis-MacBook-Air.local', 29622)]:DEBUG: Sending id to parent...
[2014-11-12 21:28:54,494]da.api:DEBUG: Current process is ('shashis-MacBook-Air.local', 31233)
[2014-11-12 21:28:54,494]da.api:DEBUG: Creating 1 instances of <class 'chainreplication.client'>..
[2014-11-12 21:28:54,496]da.api:DEBUG: 1 instances of client created.
[2014-11-12 21:28:54,500]runtime.UdpEndPoint(shashis-MacBook-Air.local_16325):DEBUG: UdpEndPoint ('shashis-MacBook-Air.local', 16325) initialization complete
[2014-11-12 21:28:54,501]client[('shashis-MacBook-Air.local', 16325)]:DEBUG: Sending id to parent...
[2014-11-12 21:28:54,503]da.api:DEBUG: Current process is ('shashis-MacBook-Air.local', 31233)
[2014-11-12 21:28:54,503]da.api:DEBUG: Creating 3 instances of <class 'chainreplication.server'>..
[2014-11-12 21:28:54,509]da.api:DEBUG: 3 instances of server created.
[2014-11-12 21:28:54,509]runtime.UdpEndPoint(shashis-MacBook-Air.local_12168):DEBUG: UdpEndPoint ('shashis-MacBook-Air.local', 12168) initialization complete
[2014-11-12 21:28:54,510]server[('shashis-MacBook-Air.local', 12168)]:DEBUG: Sending id to parent...
[2014-11-12 21:28:54,511]runtime.UdpEndPoint(shashis-MacBook-Air.local_32691):DEBUG: UdpEndPoint ('shashis-MacBook-Air.local', 32691) initialization complete
[2014-11-12 21:28:54,512]server[('shashis-MacBook-Air.local', 32691)]:DEBUG: Sending id to parent...
[2014-11-12 21:28:54,513]runtime.UdpEndPoint(shashis-MacBook-Air.local_36149):DEBUG: UdpEndPoint ('shashis-MacBook-Air.local', 36149) initialization complete
[2014-11-12 21:28:54,515]server[('shashis-MacBook-Air.local', 36149)]:DEBUG: Sending id to parent...
[2014-11-12 21:28:54,517]server[('shashis-MacBook-Air.local', 36149)]:DEBUG: Running setup..
[2014-11-12 21:28:54,517]server[('shashis-MacBook-Air.local', 12168)]:DEBUG: Running setup..
[2014-11-12 21:28:54,518]da.api:DEBUG: Starting [<server('shashis-MacBook-Air.local', 36149)>, <server('shashis-MacBook-Air.local', 12168)>, <server('shashis-MacBook-Air.local', 32691)>]...
[2014-11-12 21:28:54,518]server[('shashis-MacBook-Air.local', 32691)]:DEBUG: Running setup..
[2014-11-12 21:28:54,518]server[('shashis-MacBook-Air.local', 12168)]:INFO: tfcu::server2::self.chainExtensionFailureMaxMsg  0
[2014-11-12 21:28:54,518]server[('shashis-MacBook-Air.local', 36149)]:INFO: tfcu::head(server1)::self.chainExtensionFailureMaxMsg  0
[2014-11-12 21:28:54,518]server[('shashis-MacBook-Air.local', 32691)]:INFO: tfcu::tail(server3)::self.chainExtensionFailureMaxMsg  0
[2014-11-12 21:28:54,518]server[('shashis-MacBook-Air.local', 12168)]:INFO: tfcu::server2::server set up called.. timeout 100
[2014-11-12 21:28:54,518]server[('shashis-MacBook-Air.local', 36149)]:INFO: tfcu::head(server1)::server set up called.. timeout 100
[2014-11-12 21:28:54,519]server[('shashis-MacBook-Air.local', 32691)]:INFO: tfcu::tail(server3)::server set up called.. timeout 1
[2014-11-12 21:28:54,519]da.api:DEBUG: Starting [<client('shashis-MacBook-Air.local', 16325)>]...
[2014-11-12 21:28:54,519]client[('shashis-MacBook-Air.local', 16325)]:DEBUG: Running setup..
[2014-11-12 21:28:54,520]da.api:DEBUG: Starting {<master('shashis-MacBook-Air.local', 29622)>}...
[2014-11-12 21:28:54,520]master[('shashis-MacBook-Air.local', 29622)]:DEBUG: Running setup..
[2014-11-12 21:28:54,520]client[('shashis-MacBook-Air.local', 16325)]:INFO: tfcu::client1::no of requests to be sent is... 5
[2014-11-12 21:28:54,520]da.api:INFO: Terminating...
[2014-11-12 21:28:54,520]client[('shashis-MacBook-Air.local', 16325)]:INFO: tfcu::client1:: set up called...
[2014-11-12 21:28:54,520]master[('shashis-MacBook-Air.local', 29622)]:INFO: master:: set up called...
[2014-11-12 21:28:54,521]master[('shashis-MacBook-Air.local', 29622)]:DEBUG: 'start' command received, commencing...
[2014-11-12 21:28:54,521]client[('shashis-MacBook-Air.local', 16325)]:DEBUG: 'start' command received, commencing...
[2014-11-12 21:28:54,521]master[('shashis-MacBook-Air.local', 29622)]:INFO: master:: main called...
[2014-11-12 21:28:54,521]client[('shashis-MacBook-Air.local', 16325)]:INFO: tfcu::client1:: sending request to bank (reqid= icici.client1.1, operation=Deposit, accNum=123456, amount=300)
[2014-11-12 21:28:54,522]client[('shashis-MacBook-Air.local', 16325)]:DEBUG: triggering event <SentEvent time:None to:<server('shashis-MacBook-Air.local', 36149)> from:<client('shashis-MacBook-Air.local', 16325)> msg:('icici.client1.1', 'Deposit', 123456, 300)>
[2014-11-12 21:28:54,522]server[('shashis-MacBook-Air.local', 36149)]:DEBUG: triggering event <ReceivedEvent time:None to:None from:<client('shashis-MacBook-Air.local', 16325)> msg:('icici.client1.1', 'Deposit', 123456, 300)>
[2014-11-12 21:28:54,523]da.api:DEBUG: Unknown proc: ('shashis-MacBook-Air.local', 16325)
[2014-11-12 21:28:54,523]client[('shashis-MacBook-Air.local', 16325)]:INFO: tfcu::client1:: sending request to bank (reqid= icici.client1.2, operation=Deposit, accNum=123456, amount=100)
[2014-11-12 21:28:54,524]client[('shashis-MacBook-Air.local', 16325)]:DEBUG: triggering event <SentEvent time:None to:<server('shashis-MacBook-Air.local', 36149)> from:<client('shashis-MacBook-Air.local', 16325)> msg:('icici.client1.2', 'Deposit', 123456, 100)>
[2014-11-12 21:28:54,524]da.api:DEBUG: Unknown proc: ('shashis-MacBook-Air.local', 16325)
[2014-11-12 21:28:54,524]client[('shashis-MacBook-Air.local', 16325)]:INFO: tfcu::client1:: sending request to bank (reqid= icici.client1.3, operation=Deposit, accNum=123456, amount=1000)
[2014-11-12 21:28:54,524]server[('shashis-MacBook-Air.local', 36149)]:INFO: tfcu::head(server1)::current request count is : 1
[2014-11-12 21:28:54,525]server[('shashis-MacBook-Air.local', 36149)]:INFO: tfcu::head(server1)::received request from client: (reqid= icici.client1.1, operation=Deposit, accNum=123456, amount=300)
[2014-11-12 21:28:54,525]client[('shashis-MacBook-Air.local', 16325)]:DEBUG: triggering event <SentEvent time:None to:<server('shashis-MacBook-Air.local', 36149)> from:<client('shashis-MacBook-Air.local', 16325)> msg:('icici.client1.3', 'Deposit', 123456, 1000)>
[2014-11-12 21:28:54,526]server[('shashis-MacBook-Air.local', 36149)]:INFO: tfcu::head(server1)::sending sync to successor for reqid = icici.client1.1
[2014-11-12 21:28:54,526]da.api:DEBUG: Unknown proc: ('shashis-MacBook-Air.local', 16325)
[2014-11-12 21:28:54,526]client[('shashis-MacBook-Air.local', 16325)]:INFO: tfcu::client1:: sending request to bank (reqid= icici.client1.4, operation=Withdraw, accNum=123456, amount=600)
[2014-11-12 21:28:54,527]client[('shashis-MacBook-Air.local', 16325)]:DEBUG: triggering event <SentEvent time:None to:<server('shashis-MacBook-Air.local', 36149)> from:<client('shashis-MacBook-Air.local', 16325)> msg:('icici.client1.4', 'Withdraw', 123456, 600)>
[2014-11-12 21:28:54,527]server[('shashis-MacBook-Air.local', 36149)]:DEBUG: triggering event <SentEvent time:None to:<server('shashis-MacBook-Air.local', 12168)> from:<server('shashis-MacBook-Air.local', 36149)> msg:('Sync', 'icici.client1.1', 'Deposit', 123456, 300, <Outcome.Processed: 1>, <client('shashis-MacBook-Air.local', 16325)>)>
[2014-11-12 21:28:54,527]server[('shashis-MacBook-Air.local', 12168)]:DEBUG: triggering event <ReceivedEvent time:None to:None from:<server('shashis-MacBook-Air.local', 36149)> msg:('Sync', 'icici.client1.1', 'Deposit', 123456, 300, <Outcome.Processed: 1>, <client('shashis-MacBook-Air.local', 16325)>)>
[2014-11-12 21:28:54,528]da.api:DEBUG: Unknown proc: ('shashis-MacBook-Air.local', 16325)
[2014-11-12 21:28:54,528]client[('shashis-MacBook-Air.local', 16325)]:INFO: tfcu::client1:: sending request to bank (reqid= icici.client1.5, operation=Query, accNum=123456, amount=None)
[2014-11-12 21:28:54,528]server[('shashis-MacBook-Air.local', 36149)]:DEBUG: triggering event <ReceivedEvent time:None to:None from:<client('shashis-MacBook-Air.local', 16325)> msg:('icici.client1.2', 'Deposit', 123456, 100)>
[2014-11-12 21:28:54,529]da.api:DEBUG: Unknown proc: ('shashis-MacBook-Air.local', 36149)
[2014-11-12 21:28:54,529]client[('shashis-MacBook-Air.local', 16325)]:DEBUG: triggering event <SentEvent time:None to:<server('shashis-MacBook-Air.local', 32691)> from:<client('shashis-MacBook-Air.local', 16325)> msg:('icici.client1.5', 'Query', 123456, None)>
[2014-11-12 21:28:54,530]server[('shashis-MacBook-Air.local', 36149)]:INFO: tfcu::head(server1)::current request count is : 2
[2014-11-12 21:28:54,531]server[('shashis-MacBook-Air.local', 32691)]:DEBUG: triggering event <ReceivedEvent time:None to:None from:<client('shashis-MacBook-Air.local', 16325)> msg:('icici.client1.5', 'Query', 123456, None)>
[2014-11-12 21:28:54,531]server[('shashis-MacBook-Air.local', 36149)]:INFO: tfcu::head(server1)::received request from client: (reqid= icici.client1.2, operation=Deposit, accNum=123456, amount=100)
[2014-11-12 21:28:54,531]server[('shashis-MacBook-Air.local', 36149)]:INFO: tfcu::head(server1)::sending sync to successor for reqid = icici.client1.2
[2014-11-12 21:28:54,530]server[('shashis-MacBook-Air.local', 12168)]:INFO: tfcu::server2::current request count is : 1
[2014-11-12 21:28:54,532]server[('shashis-MacBook-Air.local', 12168)]:INFO: tfcu::server2::received sync : (reqid= icici.client1.1, operation=Deposit, accNum=123456, amount=300)
[2014-11-12 21:28:54,533]server[('shashis-MacBook-Air.local', 12168)]:INFO: tfcu::server2::sending sync to successor for reqid = icici.client1.1
[2014-11-12 21:28:54,533]server[('shashis-MacBook-Air.local', 32691)]:INFO: tfcu::tail(server3)::current request count is : 1
[2014-11-12 21:28:54,533]server[('shashis-MacBook-Air.local', 32691)]:INFO: tfcu::tail(server3)::shashi::received query request from client: (reqid =icici.client1.5, operation = Query, accNum =123456)
[2014-11-12 21:28:54,534]da.api:DEBUG: Unknown proc: ('shashis-MacBook-Air.local', 16325)
[2014-11-12 21:28:54,534]server[('shashis-MacBook-Air.local', 36149)]:DEBUG: triggering event <SentEvent time:None to:<server('shashis-MacBook-Air.local', 12168)> from:<server('shashis-MacBook-Air.local', 36149)> msg:('Sync', 'icici.client1.2', 'Deposit', 123456, 100, <Outcome.Processed: 1>, <client('shashis-MacBook-Air.local', 16325)>)>
[2014-11-12 21:28:54,534]server[('shashis-MacBook-Air.local', 32691)]:INFO: tfcu::tail(server3)::sending reply to client: (reqid = icici.client1.5, outcome= Outcome.Processed, balance = 0)
[2014-11-12 21:28:54,536]server[('shashis-MacBook-Air.local', 12168)]:DEBUG: triggering event <SentEvent time:None to:<server('shashis-MacBook-Air.local', 32691)> from:<server('shashis-MacBook-Air.local', 12168)> msg:('Sync', 'icici.client1.1', 'Deposit', 123456, 300, <Outcome.Processed: 1>, <client('shashis-MacBook-Air.local', 16325)>)>
[2014-11-12 21:28:54,536]server[('shashis-MacBook-Air.local', 32691)]:DEBUG: triggering event <SentEvent time:None to:<client('shashis-MacBook-Air.local', 16325)> from:<server('shashis-MacBook-Air.local', 32691)> msg:('Reply', 'icici.client1.5', <Outcome.Processed: 1>, 0)>
[2014-11-12 21:28:54,537]server[('shashis-MacBook-Air.local', 36149)]:DEBUG: triggering event <ReceivedEvent time:None to:None from:<client('shashis-MacBook-Air.local', 16325)> msg:('icici.client1.3', 'Deposit', 123456, 1000)>
[2014-11-12 21:28:54,537]da.api:DEBUG: Unknown proc: ('shashis-MacBook-Air.local', 36149)
[2014-11-12 21:28:54,538]server[('shashis-MacBook-Air.local', 12168)]:DEBUG: triggering event <ReceivedEvent time:None to:None from:<server('shashis-MacBook-Air.local', 36149)> msg:('Sync', 'icici.client1.2', 'Deposit', 123456, 100, <Outcome.Processed: 1>, <client('shashis-MacBook-Air.local', 16325)>)>
[2014-11-12 21:28:54,539]server[('shashis-MacBook-Air.local', 32691)]:DEBUG: triggering event <ReceivedEvent time:None to:None from:<server('shashis-MacBook-Air.local', 12168)> msg:('Sync', 'icici.client1.1', 'Deposit', 123456, 300, <Outcome.Processed: 1>, <client('shashis-MacBook-Air.local', 16325)>)>
[2014-11-12 21:28:54,539]server[('shashis-MacBook-Air.local', 12168)]:INFO: tfcu::server2::current request count is : 2
[2014-11-12 21:28:54,540]server[('shashis-MacBook-Air.local', 12168)]:INFO: tfcu::server2::received sync : (reqid= icici.client1.2, operation=Deposit, accNum=123456, amount=100)
[2014-11-12 21:28:54,540]server[('shashis-MacBook-Air.local', 12168)]:INFO: tfcu::server2::sending sync to successor for reqid = icici.client1.2
[2014-11-12 21:28:54,538]server[('shashis-MacBook-Air.local', 36149)]:INFO: tfcu::head(server1)::current request count is : 3
[2014-11-12 21:28:54,541]da.api:DEBUG: Unknown proc: ('shashis-MacBook-Air.local', 12168)
[2014-11-12 21:28:54,541]server[('shashis-MacBook-Air.local', 36149)]:INFO: tfcu::head(server1)::received request from client: (reqid= icici.client1.3, operation=Deposit, accNum=123456, amount=1000)
[2014-11-12 21:28:54,541]da.api:DEBUG: Unknown proc: ('shashis-MacBook-Air.local', 32691)
[2014-11-12 21:28:54,542]server[('shashis-MacBook-Air.local', 12168)]:DEBUG: triggering event <SentEvent time:None to:<server('shashis-MacBook-Air.local', 32691)> from:<server('shashis-MacBook-Air.local', 12168)> msg:('Sync', 'icici.client1.2', 'Deposit', 123456, 100, <Outcome.Processed: 1>, <client('shashis-MacBook-Air.local', 16325)>)>
[2014-11-12 21:28:54,541]server[('shashis-MacBook-Air.local', 32691)]:INFO: tfcu::tail(server3):: crashing server...
[2014-11-12 21:28:54,541]client[('shashis-MacBook-Air.local', 16325)]:DEBUG: triggering event <ReceivedEvent time:None to:None from:<server('shashis-MacBook-Air.local', 32691)> msg:('Reply', 'icici.client1.5', <Outcome.Processed: 1>, 0)>
[2014-11-12 21:28:54,542]server[('shashis-MacBook-Air.local', 36149)]:INFO: tfcu::head(server1)::sending sync to successor for reqid = icici.client1.3
[2014-11-12 21:28:54,542]server[('shashis-MacBook-Air.local', 32691)]:DEBUG: triggering event <ReceivedEvent time:None to:None from:<server('shashis-MacBook-Air.local', 12168)> msg:('Sync', 'icici.client1.2', 'Deposit', 123456, 100, <Outcome.Processed: 1>, <client('shashis-MacBook-Air.local', 16325)>)>
[2014-11-12 21:28:54,543]server[('shashis-MacBook-Air.local', 36149)]:DEBUG: triggering event <SentEvent time:None to:<server('shashis-MacBook-Air.local', 12168)> from:<server('shashis-MacBook-Air.local', 36149)> msg:('Sync', 'icici.client1.3', 'Deposit', 123456, 1000, <Outcome.Processed: 1>, <client('shashis-MacBook-Air.local', 16325)>)>
[2014-11-12 21:28:54,543]server[('shashis-MacBook-Air.local', 12168)]:DEBUG: triggering event <ReceivedEvent time:None to:None from:<server('shashis-MacBook-Air.local', 36149)> msg:('Sync', 'icici.client1.3', 'Deposit', 123456, 1000, <Outcome.Processed: 1>, <client('shashis-MacBook-Air.local', 16325)>)>
[2014-11-12 21:28:54,543]client[('shashis-MacBook-Air.local', 16325)]:INFO: tfcu::client1::reply from server: (reqid=icici.client1.5, outcome=Outcome.Processed,balance= 0
[2014-11-12 21:28:54,543]da.api:DEBUG: Unknown proc: ('shashis-MacBook-Air.local', 12168)
[2014-11-12 21:28:54,544]da.api:DEBUG: Unknown proc: ('shashis-MacBook-Air.local', 36149)
[2014-11-12 21:28:54,544]server[('shashis-MacBook-Air.local', 36149)]:DEBUG: triggering event <ReceivedEvent time:None to:None from:<client('shashis-MacBook-Air.local', 16325)> msg:('icici.client1.4', 'Withdraw', 123456, 600)>
[2014-11-12 21:28:54,544]server[('shashis-MacBook-Air.local', 12168)]:INFO: tfcu::server2::current request count is : 3
[2014-11-12 21:28:54,544]server[('shashis-MacBook-Air.local', 32691)]:INFO: tfcu::tail(server3):: crashing server...
[2014-11-12 21:28:54,545]server[('shashis-MacBook-Air.local', 12168)]:INFO: tfcu::server2::received sync : (reqid= icici.client1.3, operation=Deposit, accNum=123456, amount=1000)
[2014-11-12 21:28:54,545]server[('shashis-MacBook-Air.local', 12168)]:INFO: tfcu::server2::sending sync to successor for reqid = icici.client1.3
[2014-11-12 21:28:54,545]server[('shashis-MacBook-Air.local', 36149)]:INFO: tfcu::head(server1)::current request count is : 4
[2014-11-12 21:28:54,546]server[('shashis-MacBook-Air.local', 36149)]:INFO: tfcu::head(server1)::received request from client: (reqid= icici.client1.4, operation=Withdraw, accNum=123456, amount=600)
[2014-11-12 21:28:54,546]server[('shashis-MacBook-Air.local', 12168)]:DEBUG: triggering event <SentEvent time:None to:<server('shashis-MacBook-Air.local', 32691)> from:<server('shashis-MacBook-Air.local', 12168)> msg:('Sync', 'icici.client1.3', 'Deposit', 123456, 1000, <Outcome.Processed: 1>, <client('shashis-MacBook-Air.local', 16325)>)>
[2014-11-12 21:28:54,546]server[('shashis-MacBook-Air.local', 32691)]:DEBUG: triggering event <ReceivedEvent time:None to:None from:<server('shashis-MacBook-Air.local', 12168)> msg:('Sync', 'icici.client1.3', 'Deposit', 123456, 1000, <Outcome.Processed: 1>, <client('shashis-MacBook-Air.local', 16325)>)>
[2014-11-12 21:28:54,546]server[('shashis-MacBook-Air.local', 36149)]:INFO: tfcu::head(server1)::sending sync to successor for reqid = icici.client1.4
[2014-11-12 21:28:54,547]server[('shashis-MacBook-Air.local', 36149)]:DEBUG: triggering event <SentEvent time:None to:<server('shashis-MacBook-Air.local', 12168)> from:<server('shashis-MacBook-Air.local', 36149)> msg:('Sync', 'icici.client1.4', 'Withdraw', 123456, 600, <Outcome.Processed: 1>, <client('shashis-MacBook-Air.local', 16325)>)>
[2014-11-12 21:28:54,547]da.api:DEBUG: Unknown proc: ('shashis-MacBook-Air.local', 12168)
[2014-11-12 21:28:54,547]server[('shashis-MacBook-Air.local', 12168)]:DEBUG: triggering event <ReceivedEvent time:None to:None from:<server('shashis-MacBook-Air.local', 36149)> msg:('Sync', 'icici.client1.4', 'Withdraw', 123456, 600, <Outcome.Processed: 1>, <client('shashis-MacBook-Air.local', 16325)>)>
[2014-11-12 21:28:54,548]da.api:DEBUG: Unknown proc: ('shashis-MacBook-Air.local', 36149)
[2014-11-12 21:28:54,548]server[('shashis-MacBook-Air.local', 32691)]:INFO: tfcu::tail(server3):: crashing server...
[2014-11-12 21:28:54,549]server[('shashis-MacBook-Air.local', 12168)]:INFO: tfcu::server2::current request count is : 4
[2014-11-12 21:28:54,550]server[('shashis-MacBook-Air.local', 12168)]:INFO: tfcu::server2::received sync : (reqid= icici.client1.4, operation=Withdraw, accNum=123456, amount=600)
[2014-11-12 21:28:54,550]server[('shashis-MacBook-Air.local', 12168)]:INFO: tfcu::server2::sending sync to successor for reqid = icici.client1.4
[2014-11-12 21:28:54,552]server[('shashis-MacBook-Air.local', 12168)]:DEBUG: triggering event <SentEvent time:None to:<server('shashis-MacBook-Air.local', 32691)> from:<server('shashis-MacBook-Air.local', 12168)> msg:('Sync', 'icici.client1.4', 'Withdraw', 123456, 600, <Outcome.Processed: 1>, <client('shashis-MacBook-Air.local', 16325)>)>
[2014-11-12 21:28:54,552]server[('shashis-MacBook-Air.local', 32691)]:DEBUG: triggering event <ReceivedEvent time:None to:None from:<server('shashis-MacBook-Air.local', 12168)> msg:('Sync', 'icici.client1.4', 'Withdraw', 123456, 600, <Outcome.Processed: 1>, <client('shashis-MacBook-Air.local', 16325)>)>
[2014-11-12 21:28:54,553]da.api:DEBUG: Unknown proc: ('shashis-MacBook-Air.local', 12168)
[2014-11-12 21:28:54,553]server[('shashis-MacBook-Air.local', 32691)]:INFO: tfcu::tail(server3):: crashing server...
[2014-11-12 21:28:57,520]server[('shashis-MacBook-Air.local', 36149)]:INFO: tfcu::head(server1)::heartbeat sending..
[2014-11-12 21:28:57,520]server[('shashis-MacBook-Air.local', 12168)]:INFO: tfcu::server2::heartbeat sending..
[2014-11-12 21:28:57,522]server[('shashis-MacBook-Air.local', 36149)]:DEBUG: triggering event <SentEvent time:None to:{<master('shashis-MacBook-Air.local', 29622)>} from:<server('shashis-MacBook-Air.local', 36149)> msg:('heartbeat',)>
[2014-11-12 21:28:57,522]server[('shashis-MacBook-Air.local', 12168)]:DEBUG: triggering event <SentEvent time:None to:{<master('shashis-MacBook-Air.local', 29622)>} from:<server('shashis-MacBook-Air.local', 12168)> msg:('heartbeat',)>
[2014-11-12 21:28:57,522]master[('shashis-MacBook-Air.local', 29622)]:DEBUG: triggering event <ReceivedEvent time:None to:None from:<server('shashis-MacBook-Air.local', 12168)> msg:('heartbeat',)>
[2014-11-12 21:28:57,523]da.api:DEBUG: Unknown proc: ('shashis-MacBook-Air.local', 36149)
[2014-11-12 21:28:57,524]da.api:DEBUG: Unknown proc: ('shashis-MacBook-Air.local', 12168)
[2014-11-12 21:28:57,524]master[('shashis-MacBook-Air.local', 29622)]:INFO: master::heartbeat received...
[2014-11-12 21:28:57,524]master[('shashis-MacBook-Air.local', 29622)]:DEBUG: triggering event <ReceivedEvent time:None to:None from:<server('shashis-MacBook-Air.local', 36149)> msg:('heartbeat',)>
[2014-11-12 21:28:57,525]master[('shashis-MacBook-Air.local', 29622)]:INFO: master::heartbeat received...
[2014-11-12 21:28:59,523]master[('shashis-MacBook-Air.local', 29622)]:INFO: master::timeout called...
[2014-11-12 21:28:59,523]master[('shashis-MacBook-Air.local', 29622)]:INFO: master::no of servers 3
[2014-11-12 21:28:59,524]master[('shashis-MacBook-Air.local', 29622)]:INFO: master:: tail crashed.
[2014-11-12 21:28:59,525]master[('shashis-MacBook-Air.local', 29622)]:DEBUG: triggering event <SentEvent time:None to:<server('shashis-MacBook-Air.local', 12168)> from:<master('shashis-MacBook-Air.local', 29622)> msg:('rolechange', 'tail')>
[2014-11-12 21:28:59,525]server[('shashis-MacBook-Air.local', 12168)]:DEBUG: triggering event <ReceivedEvent time:None to:None from:<master('shashis-MacBook-Air.local', 29622)> msg:('rolechange', 'tail')>
[2014-11-12 21:28:59,526]master[('shashis-MacBook-Air.local', 29622)]:DEBUG: triggering event <SentEvent time:None to:<client('shashis-MacBook-Air.local', 16325)> from:<master('shashis-MacBook-Air.local', 29622)> msg:('newtail', <server('shashis-MacBook-Air.local', 12168)>)>
[2014-11-12 21:28:59,526]client[('shashis-MacBook-Air.local', 16325)]:DEBUG: triggering event <ReceivedEvent time:None to:None from:<master('shashis-MacBook-Air.local', 29622)> msg:('newtail', <server('shashis-MacBook-Air.local', 12168)>)>
[2014-11-12 21:28:59,527]server[('shashis-MacBook-Air.local', 12168)]:INFO: tfcu::server2::new role:tail
[2014-11-12 21:28:59,527]master[('shashis-MacBook-Air.local', 29622)]:INFO: master::crashed server in chain index is 2
[2014-11-12 21:28:59,528]client[('shashis-MacBook-Air.local', 16325)]:INFO: tfcu::client1::new tail
[2014-11-12 21:29:00,524]server[('shashis-MacBook-Air.local', 36149)]:INFO: tfcu::head(server1)::heartbeat sending..
[2014-11-12 21:29:00,524]server[('shashis-MacBook-Air.local', 12168)]:INFO: tfcu::server2::heartbeat sending..
[2014-11-12 21:29:00,526]server[('shashis-MacBook-Air.local', 36149)]:DEBUG: triggering event <SentEvent time:None to:{<master('shashis-MacBook-Air.local', 29622)>} from:<server('shashis-MacBook-Air.local', 36149)> msg:('heartbeat',)>
[2014-11-12 21:29:00,526]server[('shashis-MacBook-Air.local', 12168)]:DEBUG: triggering event <SentEvent time:None to:{<master('shashis-MacBook-Air.local', 29622)>} from:<server('shashis-MacBook-Air.local', 12168)> msg:('heartbeat',)>
[2014-11-12 21:29:00,526]master[('shashis-MacBook-Air.local', 29622)]:DEBUG: triggering event <ReceivedEvent time:None to:None from:<server('shashis-MacBook-Air.local', 36149)> msg:('heartbeat',)>
[2014-11-12 21:29:00,527]master[('shashis-MacBook-Air.local', 29622)]:INFO: master::heartbeat received...
[2014-11-12 21:29:00,527]da.api:DEBUG: Unknown proc: ('shashis-MacBook-Air.local', 36149)
[2014-11-12 21:29:00,527]da.api:DEBUG: Unknown proc: ('shashis-MacBook-Air.local', 12168)
[2014-11-12 21:29:00,527]master[('shashis-MacBook-Air.local', 29622)]:DEBUG: triggering event <ReceivedEvent time:None to:None from:<server('shashis-MacBook-Air.local', 12168)> msg:('heartbeat',)>
[2014-11-12 21:29:00,528]master[('shashis-MacBook-Air.local', 29622)]:INFO: master::heartbeat received...
[2014-11-12 21:29:03,529]server[('shashis-MacBook-Air.local', 36149)]:INFO: tfcu::head(server1)::heartbeat sending..
[2014-11-12 21:29:03,529]server[('shashis-MacBook-Air.local', 12168)]:INFO: tfcu::server2::heartbeat sending..
[2014-11-12 21:29:03,530]server[('shashis-MacBook-Air.local', 12168)]:DEBUG: triggering event <SentEvent time:None to:{<master('shashis-MacBook-Air.local', 29622)>} from:<server('shashis-MacBook-Air.local', 12168)> msg:('heartbeat',)>
[2014-11-12 21:29:03,530]server[('shashis-MacBook-Air.local', 36149)]:DEBUG: triggering event <SentEvent time:None to:{<master('shashis-MacBook-Air.local', 29622)>} from:<server('shashis-MacBook-Air.local', 36149)> msg:('heartbeat',)>
[2014-11-12 21:29:03,531]master[('shashis-MacBook-Air.local', 29622)]:DEBUG: triggering event <ReceivedEvent time:None to:None from:<server('shashis-MacBook-Air.local', 36149)> msg:('heartbeat',)>
[2014-11-12 21:29:03,532]da.api:DEBUG: Unknown proc: ('shashis-MacBook-Air.local', 12168)
[2014-11-12 21:29:03,532]master[('shashis-MacBook-Air.local', 29622)]:INFO: master::heartbeat received...
[2014-11-12 21:29:03,532]da.api:DEBUG: Unknown proc: ('shashis-MacBook-Air.local', 36149)
[2014-11-12 21:29:03,532]master[('shashis-MacBook-Air.local', 29622)]:DEBUG: triggering event <ReceivedEvent time:None to:None from:<server('shashis-MacBook-Air.local', 12168)> msg:('heartbeat',)>
[2014-11-12 21:29:03,533]master[('shashis-MacBook-Air.local', 29622)]:INFO: master::heartbeat received...
[2014-11-12 21:29:04,529]master[('shashis-MacBook-Air.local', 29622)]:INFO: master::timeout called...
[2014-11-12 21:29:04,530]master[('shashis-MacBook-Air.local', 29622)]:INFO: master::no of servers 2
[2014-11-12 21:29:04,532]client[('shashis-MacBook-Air.local', 16325)]:INFO: tfcu::client1:: reply not received.icici.client1.1
[2014-11-12 21:29:04,533]client[('shashis-MacBook-Air.local', 16325)]:INFO: tfcu::client1:: sending request to bank (reqid= icici.client1.1, operation=Deposit, accNum=123456, amount=300)
[2014-11-12 21:29:04,534]client[('shashis-MacBook-Air.local', 16325)]:DEBUG: triggering event <SentEvent time:None to:<server('shashis-MacBook-Air.local', 36149)> from:<client('shashis-MacBook-Air.local', 16325)> msg:('icici.client1.1', 'Deposit', 123456, 300)>
[2014-11-12 21:29:04,534]server[('shashis-MacBook-Air.local', 36149)]:DEBUG: triggering event <ReceivedEvent time:None to:None from:<client('shashis-MacBook-Air.local', 16325)> msg:('icici.client1.1', 'Deposit', 123456, 300)>
[2014-11-12 21:29:04,535]da.api:DEBUG: Unknown proc: ('shashis-MacBook-Air.local', 16325)
[2014-11-12 21:29:04,535]client[('shashis-MacBook-Air.local', 16325)]:INFO: tfcu::client1:: reply not received.icici.client1.2
[2014-11-12 21:29:04,536]client[('shashis-MacBook-Air.local', 16325)]:INFO: tfcu::client1:: sending request to bank (reqid= icici.client1.2, operation=Deposit, accNum=123456, amount=100)
[2014-11-12 21:29:04,537]client[('shashis-MacBook-Air.local', 16325)]:DEBUG: triggering event <SentEvent time:None to:<server('shashis-MacBook-Air.local', 36149)> from:<client('shashis-MacBook-Air.local', 16325)> msg:('icici.client1.2', 'Deposit', 123456, 100)>
[2014-11-12 21:29:04,537]server[('shashis-MacBook-Air.local', 36149)]:INFO: tfcu::head(server1)::current request count is : 5
[2014-11-12 21:29:04,537]server[('shashis-MacBook-Air.local', 36149)]:INFO: tfcu::head(server1)::received request from client: (reqid= icici.client1.1, operation=Deposit, accNum=123456, amount=300)
[2014-11-12 21:29:04,538]da.api:DEBUG: Unknown proc: ('shashis-MacBook-Air.local', 16325)
[2014-11-12 21:29:04,538]client[('shashis-MacBook-Air.local', 16325)]:INFO: tfcu::client1:: reply not received.icici.client1.3
[2014-11-12 21:29:04,538]server[('shashis-MacBook-Air.local', 36149)]:INFO: tfcu::head(server1)::sending sync to successor for reqid = icici.client1.1
[2014-11-12 21:29:04,539]client[('shashis-MacBook-Air.local', 16325)]:INFO: tfcu::client1:: sending request to bank (reqid= icici.client1.3, operation=Deposit, accNum=123456, amount=1000)
[2014-11-12 21:29:04,540]client[('shashis-MacBook-Air.local', 16325)]:DEBUG: triggering event <SentEvent time:None to:<server('shashis-MacBook-Air.local', 36149)> from:<client('shashis-MacBook-Air.local', 16325)> msg:('icici.client1.3', 'Deposit', 123456, 1000)>
[2014-11-12 21:29:04,540]server[('shashis-MacBook-Air.local', 36149)]:DEBUG: triggering event <SentEvent time:None to:<server('shashis-MacBook-Air.local', 12168)> from:<server('shashis-MacBook-Air.local', 36149)> msg:('Sync', 'icici.client1.1', 'Deposit', 123456, 300, <Outcome.Processed: 1>, <client('shashis-MacBook-Air.local', 16325)>)>
[2014-11-12 21:29:04,540]server[('shashis-MacBook-Air.local', 12168)]:DEBUG: triggering event <ReceivedEvent time:None to:None from:<server('shashis-MacBook-Air.local', 36149)> msg:('Sync', 'icici.client1.1', 'Deposit', 123456, 300, <Outcome.Processed: 1>, <client('shashis-MacBook-Air.local', 16325)>)>
[2014-11-12 21:29:04,541]da.api:DEBUG: Unknown proc: ('shashis-MacBook-Air.local', 16325)
[2014-11-12 21:29:04,540]client[('shashis-MacBook-Air.local', 16325)]:INFO: tfcu::client1:: reply not received.icici.client1.4
[2014-11-12 21:29:04,541]da.api:DEBUG: Unknown proc: ('shashis-MacBook-Air.local', 36149)
[2014-11-12 21:29:04,541]server[('shashis-MacBook-Air.local', 36149)]:DEBUG: triggering event <ReceivedEvent time:None to:None from:<client('shashis-MacBook-Air.local', 16325)> msg:('icici.client1.2', 'Deposit', 123456, 100)>
[2014-11-12 21:29:04,541]client[('shashis-MacBook-Air.local', 16325)]:INFO: tfcu::client1:: sending request to bank (reqid= icici.client1.4, operation=Withdraw, accNum=123456, amount=600)
[2014-11-12 21:29:04,542]client[('shashis-MacBook-Air.local', 16325)]:DEBUG: triggering event <SentEvent time:None to:<server('shashis-MacBook-Air.local', 36149)> from:<client('shashis-MacBook-Air.local', 16325)> msg:('icici.client1.4', 'Withdraw', 123456, 600)>
[2014-11-12 21:29:04,542]server[('shashis-MacBook-Air.local', 12168)]:INFO: tfcu::server2::current request count is : 5
[2014-11-12 21:29:04,543]da.api:DEBUG: Unknown proc: ('shashis-MacBook-Air.local', 16325)
[2014-11-12 21:29:04,543]server[('shashis-MacBook-Air.local', 12168)]:INFO: tfcu::server2::received sync : (reqid= icici.client1.1, operation=Deposit, accNum=123456, amount=300)
[2014-11-12 21:29:04,544]server[('shashis-MacBook-Air.local', 36149)]:INFO: tfcu::head(server1)::current request count is : 6
[2014-11-12 21:29:04,544]server[('shashis-MacBook-Air.local', 12168)]:DEBUG: triggering event <SentEvent time:None to:<client('shashis-MacBook-Air.local', 16325)> from:<server('shashis-MacBook-Air.local', 12168)> msg:('Reply', 'icici.client1.1', <Outcome.Processed: 1>, 300)>
[2014-11-12 21:29:04,544]client[('shashis-MacBook-Air.local', 16325)]:DEBUG: triggering event <ReceivedEvent time:None to:None from:<server('shashis-MacBook-Air.local', 12168)> msg:('Reply', 'icici.client1.1', <Outcome.Processed: 1>, 300)>
[2014-11-12 21:29:04,544]server[('shashis-MacBook-Air.local', 36149)]:INFO: tfcu::head(server1)::received request from client: (reqid= icici.client1.2, operation=Deposit, accNum=123456, amount=100)
[2014-11-12 21:29:04,545]da.api:DEBUG: Unknown proc: ('shashis-MacBook-Air.local', 12168)
[2014-11-12 21:29:04,545]server[('shashis-MacBook-Air.local', 36149)]:INFO: tfcu::head(server1)::sending sync to successor for reqid = icici.client1.2
[2014-11-12 21:29:04,545]client[('shashis-MacBook-Air.local', 16325)]:INFO: tfcu::client1::reply from server: (reqid=icici.client1.1, outcome=Outcome.Processed,balance= 300
[2014-11-12 21:29:04,545]server[('shashis-MacBook-Air.local', 12168)]:DEBUG: triggering event <SentEvent time:None to:<server('shashis-MacBook-Air.local', 36149)> from:<server('shashis-MacBook-Air.local', 12168)> msg:('Ack', 'icici.client1.1', 'Deposit', 123456, 300, <Outcome.Processed: 1>, <client('shashis-MacBook-Air.local', 16325)>)>
[2014-11-12 21:29:04,546]server[('shashis-MacBook-Air.local', 36149)]:DEBUG: triggering event <SentEvent time:None to:<server('shashis-MacBook-Air.local', 12168)> from:<server('shashis-MacBook-Air.local', 36149)> msg:('Sync', 'icici.client1.2', 'Deposit', 123456, 100, <Outcome.Processed: 1>, <client('shashis-MacBook-Air.local', 16325)>)>
[2014-11-12 21:29:04,547]da.api:DEBUG: Unknown proc: ('shashis-MacBook-Air.local', 12168)
[2014-11-12 21:29:04,547]server[('shashis-MacBook-Air.local', 12168)]:DEBUG: triggering event <ReceivedEvent time:None to:None from:<server('shashis-MacBook-Air.local', 36149)> msg:('Sync', 'icici.client1.2', 'Deposit', 123456, 100, <Outcome.Processed: 1>, <client('shashis-MacBook-Air.local', 16325)>)>
[2014-11-12 21:29:04,547]da.api:DEBUG: Unknown proc: ('shashis-MacBook-Air.local', 36149)
[2014-11-12 21:29:04,547]server[('shashis-MacBook-Air.local', 36149)]:DEBUG: triggering event <ReceivedEvent time:None to:None from:<client('shashis-MacBook-Air.local', 16325)> msg:('icici.client1.3', 'Deposit', 123456, 1000)>
[2014-11-12 21:29:04,548]server[('shashis-MacBook-Air.local', 12168)]:INFO: tfcu::server2::current request count is : 6
[2014-11-12 21:29:04,548]server[('shashis-MacBook-Air.local', 36149)]:INFO: tfcu::head(server1)::current request count is : 7
[2014-11-12 21:29:04,549]server[('shashis-MacBook-Air.local', 12168)]:INFO: tfcu::server2::received sync : (reqid= icici.client1.2, operation=Deposit, accNum=123456, amount=100)
[2014-11-12 21:29:04,549]server[('shashis-MacBook-Air.local', 36149)]:INFO: tfcu::head(server1)::received request from client: (reqid= icici.client1.3, operation=Deposit, accNum=123456, amount=1000)
[2014-11-12 21:29:04,549]server[('shashis-MacBook-Air.local', 36149)]:INFO: tfcu::head(server1)::sending sync to successor for reqid = icici.client1.3
[2014-11-12 21:29:04,550]server[('shashis-MacBook-Air.local', 12168)]:DEBUG: triggering event <SentEvent time:None to:<client('shashis-MacBook-Air.local', 16325)> from:<server('shashis-MacBook-Air.local', 12168)> msg:('Reply', 'icici.client1.2', <Outcome.Processed: 1>, 400)>
[2014-11-12 21:29:04,550]client[('shashis-MacBook-Air.local', 16325)]:DEBUG: triggering event <ReceivedEvent time:None to:None from:<server('shashis-MacBook-Air.local', 12168)> msg:('Reply', 'icici.client1.2', <Outcome.Processed: 1>, 400)>
[2014-11-12 21:29:04,550]server[('shashis-MacBook-Air.local', 36149)]:DEBUG: triggering event <SentEvent time:None to:<server('shashis-MacBook-Air.local', 12168)> from:<server('shashis-MacBook-Air.local', 36149)> msg:('Sync', 'icici.client1.3', 'Deposit', 123456, 1000, <Outcome.Processed: 1>, <client('shashis-MacBook-Air.local', 16325)>)>
[2014-11-12 21:29:04,551]client[('shashis-MacBook-Air.local', 16325)]:INFO: tfcu::client1::reply from server: (reqid=icici.client1.2, outcome=Outcome.Processed,balance= 400
[2014-11-12 21:29:04,551]da.api:DEBUG: Unknown proc: ('shashis-MacBook-Air.local', 12168)
[2014-11-12 21:29:04,551]da.api:DEBUG: Unknown proc: ('shashis-MacBook-Air.local', 36149)
[2014-11-12 21:29:04,551]server[('shashis-MacBook-Air.local', 36149)]:DEBUG: triggering event <ReceivedEvent time:None to:None from:<client('shashis-MacBook-Air.local', 16325)> msg:('icici.client1.4', 'Withdraw', 123456, 600)>
[2014-11-12 21:29:04,551]server[('shashis-MacBook-Air.local', 12168)]:DEBUG: triggering event <SentEvent time:None to:<server('shashis-MacBook-Air.local', 36149)> from:<server('shashis-MacBook-Air.local', 12168)> msg:('Ack', 'icici.client1.2', 'Deposit', 123456, 100, <Outcome.Processed: 1>, <client('shashis-MacBook-Air.local', 16325)>)>
[2014-11-12 21:29:04,552]da.api:DEBUG: Unknown proc: ('shashis-MacBook-Air.local', 12168)
[2014-11-12 21:29:04,552]server[('shashis-MacBook-Air.local', 12168)]:DEBUG: triggering event <ReceivedEvent time:None to:None from:<server('shashis-MacBook-Air.local', 36149)> msg:('Sync', 'icici.client1.3', 'Deposit', 123456, 1000, <Outcome.Processed: 1>, <client('shashis-MacBook-Air.local', 16325)>)>
[2014-11-12 21:29:04,553]server[('shashis-MacBook-Air.local', 36149)]:INFO: tfcu::head(server1)::current request count is : 8
[2014-11-12 21:29:04,553]server[('shashis-MacBook-Air.local', 36149)]:INFO: tfcu::head(server1)::received request from client: (reqid= icici.client1.4, operation=Withdraw, accNum=123456, amount=600)
[2014-11-12 21:29:04,554]server[('shashis-MacBook-Air.local', 36149)]:INFO: tfcu::head(server1)::sending sync to successor for reqid = icici.client1.4
[2014-11-12 21:29:04,554]server[('shashis-MacBook-Air.local', 12168)]:INFO: tfcu::server2::current request count is : 7
[2014-11-12 21:29:04,555]server[('shashis-MacBook-Air.local', 36149)]:DEBUG: triggering event <SentEvent time:None to:<server('shashis-MacBook-Air.local', 12168)> from:<server('shashis-MacBook-Air.local', 36149)> msg:('Sync', 'icici.client1.4', 'Withdraw', 123456, 600, <Outcome.Processed: 1>, <client('shashis-MacBook-Air.local', 16325)>)>
[2014-11-12 21:29:04,555]server[('shashis-MacBook-Air.local', 12168)]:INFO: tfcu::server2::received sync : (reqid= icici.client1.3, operation=Deposit, accNum=123456, amount=1000)
[2014-11-12 21:29:04,556]server[('shashis-MacBook-Air.local', 12168)]:DEBUG: triggering event <SentEvent time:None to:<client('shashis-MacBook-Air.local', 16325)> from:<server('shashis-MacBook-Air.local', 12168)> msg:('Reply', 'icici.client1.3', <Outcome.Processed: 1>, 1400)>
[2014-11-12 21:29:04,556]da.api:DEBUG: Unknown proc: ('shashis-MacBook-Air.local', 36149)
[2014-11-12 21:29:04,556]client[('shashis-MacBook-Air.local', 16325)]:DEBUG: triggering event <ReceivedEvent time:None to:None from:<server('shashis-MacBook-Air.local', 12168)> msg:('Reply', 'icici.client1.3', <Outcome.Processed: 1>, 1400)>
[2014-11-12 21:29:04,556]server[('shashis-MacBook-Air.local', 36149)]:DEBUG: triggering event <ReceivedEvent time:None to:None from:<server('shashis-MacBook-Air.local', 12168)> msg:('Ack', 'icici.client1.1', 'Deposit', 123456, 300, <Outcome.Processed: 1>, <client('shashis-MacBook-Air.local', 16325)>)>
[2014-11-12 21:29:04,557]da.api:DEBUG: Unknown proc: ('shashis-MacBook-Air.local', 12168)
[2014-11-12 21:29:04,557]client[('shashis-MacBook-Air.local', 16325)]:INFO: tfcu::client1::reply from server: (reqid=icici.client1.3, outcome=Outcome.Processed,balance= 1400
[2014-11-12 21:29:04,557]server[('shashis-MacBook-Air.local', 12168)]:DEBUG: triggering event <SentEvent time:None to:<server('shashis-MacBook-Air.local', 36149)> from:<server('shashis-MacBook-Air.local', 12168)> msg:('Ack', 'icici.client1.3', 'Deposit', 123456, 1000, <Outcome.Processed: 1>, <client('shashis-MacBook-Air.local', 16325)>)>
[2014-11-12 21:29:04,557]server[('shashis-MacBook-Air.local', 36149)]:INFO: tfcu::head(server1)::received Ack from successor for reqid = icici.client1.1
[2014-11-12 21:29:04,558]server[('shashis-MacBook-Air.local', 36149)]:DEBUG: triggering event <ReceivedEvent time:None to:None from:<server('shashis-MacBook-Air.local', 12168)> msg:('Ack', 'icici.client1.2', 'Deposit', 123456, 100, <Outcome.Processed: 1>, <client('shashis-MacBook-Air.local', 16325)>)>
[2014-11-12 21:29:04,558]da.api:DEBUG: Unknown proc: ('shashis-MacBook-Air.local', 12168)
[2014-11-12 21:29:04,558]server[('shashis-MacBook-Air.local', 12168)]:DEBUG: triggering event <ReceivedEvent time:None to:None from:<server('shashis-MacBook-Air.local', 36149)> msg:('Sync', 'icici.client1.4', 'Withdraw', 123456, 600, <Outcome.Processed: 1>, <client('shashis-MacBook-Air.local', 16325)>)>
[2014-11-12 21:29:04,559]server[('shashis-MacBook-Air.local', 36149)]:INFO: tfcu::head(server1)::received Ack from successor for reqid = icici.client1.2
[2014-11-12 21:29:04,559]server[('shashis-MacBook-Air.local', 12168)]:INFO: tfcu::server2::current request count is : 8
[2014-11-12 21:29:04,560]server[('shashis-MacBook-Air.local', 36149)]:DEBUG: triggering event <ReceivedEvent time:None to:None from:<server('shashis-MacBook-Air.local', 12168)> msg:('Ack', 'icici.client1.3', 'Deposit', 123456, 1000, <Outcome.Processed: 1>, <client('shashis-MacBook-Air.local', 16325)>)>
[2014-11-12 21:29:04,560]server[('shashis-MacBook-Air.local', 12168)]:INFO: tfcu::server2::received sync : (reqid= icici.client1.4, operation=Withdraw, accNum=123456, amount=600)
[2014-11-12 21:29:04,560]server[('shashis-MacBook-Air.local', 12168)]:DEBUG: triggering event <SentEvent time:None to:<client('shashis-MacBook-Air.local', 16325)> from:<server('shashis-MacBook-Air.local', 12168)> msg:('Reply', 'icici.client1.4', <Outcome.Processed: 1>, 800)>
[2014-11-12 21:29:04,561]client[('shashis-MacBook-Air.local', 16325)]:DEBUG: triggering event <ReceivedEvent time:None to:None from:<server('shashis-MacBook-Air.local', 12168)> msg:('Reply', 'icici.client1.4', <Outcome.Processed: 1>, 800)>
[2014-11-12 21:29:04,561]client[('shashis-MacBook-Air.local', 16325)]:INFO: tfcu::client1::reply from server: (reqid=icici.client1.4, outcome=Outcome.Processed,balance= 800
[2014-11-12 21:29:04,562]da.api:DEBUG: Unknown proc: ('shashis-MacBook-Air.local', 12168)
[2014-11-12 21:29:04,561]server[('shashis-MacBook-Air.local', 36149)]:INFO: tfcu::head(server1)::received Ack from successor for reqid = icici.client1.3
[2014-11-12 21:29:04,562]server[('shashis-MacBook-Air.local', 12168)]:DEBUG: triggering event <SentEvent time:None to:<server('shashis-MacBook-Air.local', 36149)> from:<server('shashis-MacBook-Air.local', 12168)> msg:('Ack', 'icici.client1.4', 'Withdraw', 123456, 600, <Outcome.Processed: 1>, <client('shashis-MacBook-Air.local', 16325)>)>
[2014-11-12 21:29:04,562]server[('shashis-MacBook-Air.local', 36149)]:DEBUG: triggering event <ReceivedEvent time:None to:None from:<server('shashis-MacBook-Air.local', 12168)> msg:('Ack', 'icici.client1.4', 'Withdraw', 123456, 600, <Outcome.Processed: 1>, <client('shashis-MacBook-Air.local', 16325)>)>
[2014-11-12 21:29:04,563]da.api:DEBUG: Unknown proc: ('shashis-MacBook-Air.local', 12168)
[2014-11-12 21:29:04,563]server[('shashis-MacBook-Air.local', 36149)]:INFO: tfcu::head(server1)::received Ack from successor for reqid = icici.client1.4
[2014-11-12 21:29:06,533]server[('shashis-MacBook-Air.local', 12168)]:INFO: tfcu::server2::heartbeat sending..
[2014-11-12 21:29:06,533]server[('shashis-MacBook-Air.local', 36149)]:INFO: tfcu::head(server1)::heartbeat sending..
[2014-11-12 21:29:06,535]server[('shashis-MacBook-Air.local', 12168)]:DEBUG: triggering event <SentEvent time:None to:{<master('shashis-MacBook-Air.local', 29622)>} from:<server('shashis-MacBook-Air.local', 12168)> msg:('heartbeat',)>
[2014-11-12 21:29:06,535]server[('shashis-MacBook-Air.local', 36149)]:DEBUG: triggering event <SentEvent time:None to:{<master('shashis-MacBook-Air.local', 29622)>} from:<server('shashis-MacBook-Air.local', 36149)> msg:('heartbeat',)>
[2014-11-12 21:29:06,535]master[('shashis-MacBook-Air.local', 29622)]:DEBUG: triggering event <ReceivedEvent time:None to:None from:<server('shashis-MacBook-Air.local', 12168)> msg:('heartbeat',)>
[2014-11-12 21:29:06,536]da.api:DEBUG: Unknown proc: ('shashis-MacBook-Air.local', 12168)
[2014-11-12 21:29:06,536]da.api:DEBUG: Unknown proc: ('shashis-MacBook-Air.local', 36149)
[2014-11-12 21:29:06,536]master[('shashis-MacBook-Air.local', 29622)]:INFO: master::heartbeat received...
[2014-11-12 21:29:06,536]master[('shashis-MacBook-Air.local', 29622)]:DEBUG: triggering event <ReceivedEvent time:None to:None from:<server('shashis-MacBook-Air.local', 36149)> msg:('heartbeat',)>
[2014-11-12 21:29:06,537]master[('shashis-MacBook-Air.local', 29622)]:INFO: master::heartbeat received...
[2014-11-12 21:29:08,695]server[('shashis-MacBook-Air.local', 32691)]:DEBUG: Received KeyboardInterrupt, exiting
[2014-11-12 21:29:08,695]server[('shashis-MacBook-Air.local', 36149)]:DEBUG: Received KeyboardInterrupt, exiting
[2014-11-12 21:29:08,696]server[('shashis-MacBook-Air.local', 12168)]:DEBUG: Received KeyboardInterrupt, exiting
[2014-11-12 21:29:08,699]master[('shashis-MacBook-Air.local', 29622)]:DEBUG: Received KeyboardInterrupt, exiting
[2014-11-12 21:29:08,699]client[('shashis-MacBook-Air.local', 16325)]:DEBUG: Received KeyboardInterrupt, exiting
